Classic Timing Analyzer report for ringCounter
Thu Oct 07 12:15:14 2021
Quartus II Version 8.1 Build 163 10/28/2008 SJ Web Edition


---------------------
; Table of Contents ;
---------------------
  1. Legal Notice
  2. Timing Analyzer Summary
  3. Timing Analyzer Settings
  4. Clock Settings Summary
  5. Clock Setup: 'clk'
  6. tco
  7. Timing Analyzer Messages



----------------
; Legal Notice ;
----------------
Copyright (C) 1991-2008 Altera Corporation
Your use of Altera Corporation's design tools, logic functions 
and other software and tools, and its AMPP partner logic 
functions, and any output files from any of the foregoing 
(including device programming or simulation files), and any 
associated documentation or information are expressly subject 
to the terms and conditions of the Altera Program License 
Subscription Agreement, Altera MegaCore Function License 
Agreement, or other applicable license agreement, including, 
without limitation, that your use is for the sole purpose of 
programming logic devices manufactured by Altera and sold by 
Altera or its authorized distributors.  Please refer to the 
applicable agreement for further details.



+----------------------------------------------------------------------------------------------------------------------------------------------------------------+
; Timing Analyzer Summary                                                                                                                                        ;
+------------------------------+-------+---------------+----------------------------------+-----------------+-------------+------------+----------+--------------+
; Type                         ; Slack ; Required Time ; Actual Time                      ; From            ; To          ; From Clock ; To Clock ; Failed Paths ;
+------------------------------+-------+---------------+----------------------------------+-----------------+-------------+------------+----------+--------------+
; Worst-case tco               ; N/A   ; None          ; 15.376 ns                        ; ring_counter[3] ; scan_out[3] ; clk        ; --       ; 0            ;
; Clock Setup: 'clk'           ; N/A   ; None          ; 104.03 MHz ( period = 9.613 ns ) ; cnt[10]         ; cnt[13]     ; clk        ; clk      ; 0            ;
; Total number of failed paths ;       ;               ;                                  ;                 ;             ;            ;          ; 0            ;
+------------------------------+-------+---------------+----------------------------------+-----------------+-------------+------------+----------+--------------+


+--------------------------------------------------------------------------------------------------------------------+
; Timing Analyzer Settings                                                                                           ;
+---------------------------------------------------------------------+--------------------+------+----+-------------+
; Option                                                              ; Setting            ; From ; To ; Entity Name ;
+---------------------------------------------------------------------+--------------------+------+----+-------------+
; Device Name                                                         ; EPM570T144C5       ;      ;    ;             ;
; Timing Models                                                       ; Final              ;      ;    ;             ;
; Default hold multicycle                                             ; Same as Multicycle ;      ;    ;             ;
; Cut paths between unrelated clock domains                           ; On                 ;      ;    ;             ;
; Cut off read during write signal paths                              ; On                 ;      ;    ;             ;
; Cut off feedback from I/O pins                                      ; On                 ;      ;    ;             ;
; Report Combined Fast/Slow Timing                                    ; Off                ;      ;    ;             ;
; Ignore Clock Settings                                               ; Off                ;      ;    ;             ;
; Analyze latches as synchronous elements                             ; On                 ;      ;    ;             ;
; Enable Recovery/Removal analysis                                    ; Off                ;      ;    ;             ;
; Enable Clock Latency                                                ; Off                ;      ;    ;             ;
; Use TimeQuest Timing Analyzer                                       ; Off                ;      ;    ;             ;
; Minimum Core Junction Temperature                                   ; 0                  ;      ;    ;             ;
; Maximum Core Junction Temperature                                   ; 85                 ;      ;    ;             ;
; Number of source nodes to report per destination node               ; 10                 ;      ;    ;             ;
; Number of destination nodes to report                               ; 10                 ;      ;    ;             ;
; Number of paths to report                                           ; 200                ;      ;    ;             ;
; Report Minimum Timing Checks                                        ; Off                ;      ;    ;             ;
; Use Fast Timing Models                                              ; Off                ;      ;    ;             ;
; Report IO Paths Separately                                          ; Off                ;      ;    ;             ;
; Perform Multicorner Analysis                                        ; Off                ;      ;    ;             ;
; Reports the worst-case path for each clock domain and analysis      ; Off                ;      ;    ;             ;
; Removes common clock path pessimism (CCPP) during slack computation ; Off                ;      ;    ;             ;
; Output I/O Timing Endpoint                                          ; Near End           ;      ;    ;             ;
+---------------------------------------------------------------------+--------------------+------+----+-------------+


+------------------------------------------------------------------------------------------------------------------------------------------------------------------------------------+
; Clock Settings Summary                                                                                                                                                             ;
+-----------------+--------------------+----------+------------------+---------------+--------------+----------+-----------------------+---------------------+--------+--------------+
; Clock Node Name ; Clock Setting Name ; Type     ; Fmax Requirement ; Early Latency ; Late Latency ; Based on ; Multiply Base Fmax by ; Divide Base Fmax by ; Offset ; Phase offset ;
+-----------------+--------------------+----------+------------------+---------------+--------------+----------+-----------------------+---------------------+--------+--------------+
; clk             ;                    ; User Pin ; None             ; 0.000 ns      ; 0.000 ns     ; --       ; N/A                   ; N/A                 ; N/A    ;              ;
+-----------------+--------------------+----------+------------------+---------------+--------------+----------+-----------------------+---------------------+--------+--------------+


+-------------------------------------------------------------------------------------------------------------------------------------------------------------------------------------------------------------------------------+
; Clock Setup: 'clk'                                                                                                                                                                                                            ;
+-----------------------------------------+-----------------------------------------------------+---------+---------+------------+----------+-----------------------------+---------------------------+-------------------------+
; Slack                                   ; Actual fmax (period)                                ; From    ; To      ; From Clock ; To Clock ; Required Setup Relationship ; Required Longest P2P Time ; Actual Longest P2P Time ;
+-----------------------------------------+-----------------------------------------------------+---------+---------+------------+----------+-----------------------------+---------------------------+-------------------------+
; N/A                                     ; 104.03 MHz ( period = 9.613 ns )                    ; cnt[10] ; cnt[13] ; clk        ; clk      ; None                        ; None                      ; 8.904 ns                ;
; N/A                                     ; 104.04 MHz ( period = 9.612 ns )                    ; cnt[10] ; cnt[19] ; clk        ; clk      ; None                        ; None                      ; 8.903 ns                ;
; N/A                                     ; 104.05 MHz ( period = 9.611 ns )                    ; cnt[10] ; cnt[10] ; clk        ; clk      ; None                        ; None                      ; 8.902 ns                ;
; N/A                                     ; 104.07 MHz ( period = 9.609 ns )                    ; cnt[10] ; cnt[12] ; clk        ; clk      ; None                        ; None                      ; 8.900 ns                ;
; N/A                                     ; 104.16 MHz ( period = 9.601 ns )                    ; cnt[10] ; cnt[17] ; clk        ; clk      ; None                        ; None                      ; 8.892 ns                ;
; N/A                                     ; 104.20 MHz ( period = 9.597 ns )                    ; cnt[10] ; cnt[18] ; clk        ; clk      ; None                        ; None                      ; 8.888 ns                ;
; N/A                                     ; 104.44 MHz ( period = 9.575 ns )                    ; cnt[10] ; cnt[11] ; clk        ; clk      ; None                        ; None                      ; 8.866 ns                ;
; N/A                                     ; 104.67 MHz ( period = 9.554 ns )                    ; cnt[7]  ; cnt[20] ; clk        ; clk      ; None                        ; None                      ; 8.845 ns                ;
; N/A                                     ; 106.19 MHz ( period = 9.417 ns )                    ; cnt[8]  ; cnt[20] ; clk        ; clk      ; None                        ; None                      ; 8.708 ns                ;
; N/A                                     ; 106.47 MHz ( period = 9.392 ns )                    ; cnt[4]  ; cnt[20] ; clk        ; clk      ; None                        ; None                      ; 8.683 ns                ;
; N/A                                     ; 106.66 MHz ( period = 9.376 ns )                    ; cnt[6]  ; cnt[20] ; clk        ; clk      ; None                        ; None                      ; 8.667 ns                ;
; N/A                                     ; 107.05 MHz ( period = 9.341 ns )                    ; cnt[13] ; cnt[13] ; clk        ; clk      ; None                        ; None                      ; 8.632 ns                ;
; N/A                                     ; 107.07 MHz ( period = 9.340 ns )                    ; cnt[13] ; cnt[19] ; clk        ; clk      ; None                        ; None                      ; 8.631 ns                ;
; N/A                                     ; 107.08 MHz ( period = 9.339 ns )                    ; cnt[13] ; cnt[10] ; clk        ; clk      ; None                        ; None                      ; 8.630 ns                ;
; N/A                                     ; 107.10 MHz ( period = 9.337 ns )                    ; cnt[13] ; cnt[12] ; clk        ; clk      ; None                        ; None                      ; 8.628 ns                ;
; N/A                                     ; 107.19 MHz ( period = 9.329 ns )                    ; cnt[13] ; cnt[17] ; clk        ; clk      ; None                        ; None                      ; 8.620 ns                ;
; N/A                                     ; 107.24 MHz ( period = 9.325 ns )                    ; cnt[13] ; cnt[18] ; clk        ; clk      ; None                        ; None                      ; 8.616 ns                ;
; N/A                                     ; 107.49 MHz ( period = 9.303 ns )                    ; cnt[13] ; cnt[11] ; clk        ; clk      ; None                        ; None                      ; 8.594 ns                ;
; N/A                                     ; 108.26 MHz ( period = 9.237 ns )                    ; cnt[10] ; cnt[20] ; clk        ; clk      ; None                        ; None                      ; 8.528 ns                ;
; N/A                                     ; 108.32 MHz ( period = 9.232 ns )                    ; cnt[7]  ; cnt[8]  ; clk        ; clk      ; None                        ; None                      ; 8.523 ns                ;
; N/A                                     ; 109.15 MHz ( period = 9.162 ns )                    ; cnt[7]  ; cnt[12] ; clk        ; clk      ; None                        ; None                      ; 8.453 ns                ;
; N/A                                     ; 109.28 MHz ( period = 9.151 ns )                    ; cnt[3]  ; cnt[20] ; clk        ; clk      ; None                        ; None                      ; 8.442 ns                ;
; N/A                                     ; 109.41 MHz ( period = 9.140 ns )                    ; cnt[10] ; cnt[15] ; clk        ; clk      ; None                        ; None                      ; 8.431 ns                ;
; N/A                                     ; 109.48 MHz ( period = 9.134 ns )                    ; cnt[5]  ; cnt[20] ; clk        ; clk      ; None                        ; None                      ; 8.425 ns                ;
; N/A                                     ; 109.78 MHz ( period = 9.109 ns )                    ; cnt[7]  ; cnt[13] ; clk        ; clk      ; None                        ; None                      ; 8.400 ns                ;
; N/A                                     ; 109.79 MHz ( period = 9.108 ns )                    ; cnt[7]  ; cnt[19] ; clk        ; clk      ; None                        ; None                      ; 8.399 ns                ;
; N/A                                     ; 109.81 MHz ( period = 9.107 ns )                    ; cnt[7]  ; cnt[10] ; clk        ; clk      ; None                        ; None                      ; 8.398 ns                ;
; N/A                                     ; 109.83 MHz ( period = 9.105 ns )                    ; cnt[12] ; cnt[20] ; clk        ; clk      ; None                        ; None                      ; 8.396 ns                ;
; N/A                                     ; 109.93 MHz ( period = 9.097 ns )                    ; cnt[7]  ; cnt[17] ; clk        ; clk      ; None                        ; None                      ; 8.388 ns                ;
; N/A                                     ; 109.97 MHz ( period = 9.093 ns )                    ; cnt[7]  ; cnt[18] ; clk        ; clk      ; None                        ; None                      ; 8.384 ns                ;
; N/A                                     ; 110.24 MHz ( period = 9.071 ns )                    ; cnt[7]  ; cnt[11] ; clk        ; clk      ; None                        ; None                      ; 8.362 ns                ;
; N/A                                     ; 110.25 MHz ( period = 9.070 ns )                    ; cnt[4]  ; cnt[8]  ; clk        ; clk      ; None                        ; None                      ; 8.361 ns                ;
; N/A                                     ; 110.45 MHz ( period = 9.054 ns )                    ; cnt[6]  ; cnt[8]  ; clk        ; clk      ; None                        ; None                      ; 8.345 ns                ;
; N/A                                     ; 110.57 MHz ( period = 9.044 ns )                    ; cnt[0]  ; cnt[13] ; clk        ; clk      ; None                        ; None                      ; 8.335 ns                ;
; N/A                                     ; 110.58 MHz ( period = 9.043 ns )                    ; cnt[0]  ; cnt[19] ; clk        ; clk      ; None                        ; None                      ; 8.334 ns                ;
; N/A                                     ; 110.60 MHz ( period = 9.042 ns )                    ; cnt[0]  ; cnt[10] ; clk        ; clk      ; None                        ; None                      ; 8.333 ns                ;
; N/A                                     ; 110.62 MHz ( period = 9.040 ns )                    ; cnt[0]  ; cnt[12] ; clk        ; clk      ; None                        ; None                      ; 8.331 ns                ;
; N/A                                     ; 110.68 MHz ( period = 9.035 ns )                    ; cnt[12] ; cnt[13] ; clk        ; clk      ; None                        ; None                      ; 8.326 ns                ;
; N/A                                     ; 110.69 MHz ( period = 9.034 ns )                    ; cnt[12] ; cnt[19] ; clk        ; clk      ; None                        ; None                      ; 8.325 ns                ;
; N/A                                     ; 110.71 MHz ( period = 9.033 ns )                    ; cnt[12] ; cnt[10] ; clk        ; clk      ; None                        ; None                      ; 8.324 ns                ;
; N/A                                     ; 110.72 MHz ( period = 9.032 ns )                    ; cnt[0]  ; cnt[17] ; clk        ; clk      ; None                        ; None                      ; 8.323 ns                ;
; N/A                                     ; 110.73 MHz ( period = 9.031 ns )                    ; cnt[12] ; cnt[12] ; clk        ; clk      ; None                        ; None                      ; 8.322 ns                ;
; N/A                                     ; 110.74 MHz ( period = 9.030 ns )                    ; cnt[23] ; cnt[5]  ; clk        ; clk      ; None                        ; None                      ; 8.321 ns                ;
; N/A                                     ; 110.77 MHz ( period = 9.028 ns )                    ; cnt[0]  ; cnt[18] ; clk        ; clk      ; None                        ; None                      ; 8.319 ns                ;
; N/A                                     ; 110.77 MHz ( period = 9.028 ns )                    ; cnt[23] ; cnt[21] ; clk        ; clk      ; None                        ; None                      ; 8.319 ns                ;
; N/A                                     ; 110.83 MHz ( period = 9.023 ns )                    ; cnt[12] ; cnt[17] ; clk        ; clk      ; None                        ; None                      ; 8.314 ns                ;
; N/A                                     ; 110.84 MHz ( period = 9.022 ns )                    ; cnt[23] ; cnt[23] ; clk        ; clk      ; None                        ; None                      ; 8.313 ns                ;
; N/A                                     ; 110.88 MHz ( period = 9.019 ns )                    ; cnt[12] ; cnt[18] ; clk        ; clk      ; None                        ; None                      ; 8.310 ns                ;
; N/A                                     ; 110.88 MHz ( period = 9.019 ns )                    ; cnt[23] ; cnt[20] ; clk        ; clk      ; None                        ; None                      ; 8.310 ns                ;
; N/A                                     ; 110.91 MHz ( period = 9.016 ns )                    ; cnt[23] ; clk1    ; clk        ; clk      ; None                        ; None                      ; 8.307 ns                ;
; N/A                                     ; 111.04 MHz ( period = 9.006 ns )                    ; cnt[0]  ; cnt[11] ; clk        ; clk      ; None                        ; None                      ; 8.297 ns                ;
; N/A                                     ; 111.11 MHz ( period = 9.000 ns )                    ; cnt[4]  ; cnt[12] ; clk        ; clk      ; None                        ; None                      ; 8.291 ns                ;
; N/A                                     ; 111.15 MHz ( period = 8.997 ns )                    ; cnt[12] ; cnt[11] ; clk        ; clk      ; None                        ; None                      ; 8.288 ns                ;
; N/A                                     ; 111.30 MHz ( period = 8.985 ns )                    ; cnt[15] ; cnt[13] ; clk        ; clk      ; None                        ; None                      ; 8.276 ns                ;
; N/A                                     ; 111.30 MHz ( period = 8.985 ns )                    ; cnt[7]  ; cnt[21] ; clk        ; clk      ; None                        ; None                      ; 8.276 ns                ;
; N/A                                     ; 111.31 MHz ( period = 8.984 ns )                    ; cnt[6]  ; cnt[12] ; clk        ; clk      ; None                        ; None                      ; 8.275 ns                ;
; N/A                                     ; 111.31 MHz ( period = 8.984 ns )                    ; cnt[15] ; cnt[19] ; clk        ; clk      ; None                        ; None                      ; 8.275 ns                ;
; N/A                                     ; 111.32 MHz ( period = 8.983 ns )                    ; cnt[15] ; cnt[10] ; clk        ; clk      ; None                        ; None                      ; 8.274 ns                ;
; N/A                                     ; 111.35 MHz ( period = 8.981 ns )                    ; cnt[15] ; cnt[12] ; clk        ; clk      ; None                        ; None                      ; 8.272 ns                ;
; N/A                                     ; 111.36 MHz ( period = 8.980 ns )                    ; cnt[7]  ; cnt[23] ; clk        ; clk      ; None                        ; None                      ; 8.271 ns                ;
; N/A                                     ; 111.45 MHz ( period = 8.973 ns )                    ; cnt[15] ; cnt[17] ; clk        ; clk      ; None                        ; None                      ; 8.264 ns                ;
; N/A                                     ; 111.50 MHz ( period = 8.969 ns )                    ; cnt[15] ; cnt[18] ; clk        ; clk      ; None                        ; None                      ; 8.260 ns                ;
; N/A                                     ; 111.77 MHz ( period = 8.947 ns )                    ; cnt[15] ; cnt[11] ; clk        ; clk      ; None                        ; None                      ; 8.238 ns                ;
; N/A                                     ; 111.91 MHz ( period = 8.936 ns )                    ; cnt[4]  ; cnt[10] ; clk        ; clk      ; None                        ; None                      ; 8.227 ns                ;
; N/A                                     ; 112.11 MHz ( period = 8.920 ns )                    ; cnt[6]  ; cnt[10] ; clk        ; clk      ; None                        ; None                      ; 8.211 ns                ;
; N/A                                     ; 112.33 MHz ( period = 8.902 ns )                    ; cnt[2]  ; cnt[20] ; clk        ; clk      ; None                        ; None                      ; 8.193 ns                ;
; N/A                                     ; 112.33 MHz ( period = 8.902 ns )                    ; cnt[16] ; cnt[20] ; clk        ; clk      ; None                        ; None                      ; 8.193 ns                ;
; N/A                                     ; 112.35 MHz ( period = 8.901 ns )                    ; cnt[4]  ; cnt[11] ; clk        ; clk      ; None                        ; None                      ; 8.192 ns                ;
; N/A                                     ; 112.55 MHz ( period = 8.885 ns )                    ; cnt[6]  ; cnt[11] ; clk        ; clk      ; None                        ; None                      ; 8.176 ns                ;
; N/A                                     ; 112.59 MHz ( period = 8.882 ns )                    ; cnt[9]  ; cnt[13] ; clk        ; clk      ; None                        ; None                      ; 8.173 ns                ;
; N/A                                     ; 112.60 MHz ( period = 8.881 ns )                    ; cnt[9]  ; cnt[19] ; clk        ; clk      ; None                        ; None                      ; 8.172 ns                ;
; N/A                                     ; 112.61 MHz ( period = 8.880 ns )                    ; cnt[9]  ; cnt[10] ; clk        ; clk      ; None                        ; None                      ; 8.171 ns                ;
; N/A                                     ; 112.64 MHz ( period = 8.878 ns )                    ; cnt[9]  ; cnt[12] ; clk        ; clk      ; None                        ; None                      ; 8.169 ns                ;
; N/A                                     ; 112.66 MHz ( period = 8.876 ns )                    ; cnt[17] ; cnt[20] ; clk        ; clk      ; None                        ; None                      ; 8.167 ns                ;
; N/A                                     ; 112.74 MHz ( period = 8.870 ns )                    ; cnt[9]  ; cnt[17] ; clk        ; clk      ; None                        ; None                      ; 8.161 ns                ;
; N/A                                     ; 112.76 MHz ( period = 8.868 ns )                    ; cnt[13] ; cnt[15] ; clk        ; clk      ; None                        ; None                      ; 8.159 ns                ;
; N/A                                     ; 112.79 MHz ( period = 8.866 ns )                    ; cnt[9]  ; cnt[18] ; clk        ; clk      ; None                        ; None                      ; 8.157 ns                ;
; N/A                                     ; 113.02 MHz ( period = 8.848 ns )                    ; cnt[8]  ; cnt[21] ; clk        ; clk      ; None                        ; None                      ; 8.139 ns                ;
; N/A                                     ; 113.07 MHz ( period = 8.844 ns )                    ; cnt[9]  ; cnt[11] ; clk        ; clk      ; None                        ; None                      ; 8.135 ns                ;
; N/A                                     ; 113.08 MHz ( period = 8.843 ns )                    ; cnt[8]  ; cnt[23] ; clk        ; clk      ; None                        ; None                      ; 8.134 ns                ;
; N/A                                     ; 113.26 MHz ( period = 8.829 ns )                    ; cnt[3]  ; cnt[8]  ; clk        ; clk      ; None                        ; None                      ; 8.120 ns                ;
; N/A                                     ; 113.34 MHz ( period = 8.823 ns )                    ; cnt[4]  ; cnt[21] ; clk        ; clk      ; None                        ; None                      ; 8.114 ns                ;
; N/A                                     ; 113.35 MHz ( period = 8.822 ns )                    ; cnt[20] ; cnt[5]  ; clk        ; clk      ; None                        ; None                      ; 8.113 ns                ;
; N/A                                     ; 113.38 MHz ( period = 8.820 ns )                    ; cnt[20] ; cnt[21] ; clk        ; clk      ; None                        ; None                      ; 8.111 ns                ;
; N/A                                     ; 113.40 MHz ( period = 8.818 ns )                    ; cnt[4]  ; cnt[23] ; clk        ; clk      ; None                        ; None                      ; 8.109 ns                ;
; N/A                                     ; 113.46 MHz ( period = 8.814 ns )                    ; cnt[20] ; cnt[23] ; clk        ; clk      ; None                        ; None                      ; 8.105 ns                ;
; N/A                                     ; 113.48 MHz ( period = 8.812 ns )                    ; cnt[5]  ; cnt[8]  ; clk        ; clk      ; None                        ; None                      ; 8.103 ns                ;
; N/A                                     ; 113.49 MHz ( period = 8.811 ns )                    ; cnt[20] ; cnt[20] ; clk        ; clk      ; None                        ; None                      ; 8.102 ns                ;
; N/A                                     ; 113.53 MHz ( period = 8.808 ns )                    ; cnt[20] ; clk1    ; clk        ; clk      ; None                        ; None                      ; 8.099 ns                ;
; N/A                                     ; 113.55 MHz ( period = 8.807 ns )                    ; cnt[6]  ; cnt[21] ; clk        ; clk      ; None                        ; None                      ; 8.098 ns                ;
; N/A                                     ; 113.61 MHz ( period = 8.802 ns )                    ; cnt[6]  ; cnt[23] ; clk        ; clk      ; None                        ; None                      ; 8.093 ns                ;
; N/A                                     ; 113.88 MHz ( period = 8.781 ns )                    ; cnt[10] ; cnt[0]  ; clk        ; clk      ; None                        ; None                      ; 8.072 ns                ;
; N/A                                     ; 113.93 MHz ( period = 8.777 ns )                    ; cnt[8]  ; cnt[18] ; clk        ; clk      ; None                        ; None                      ; 8.068 ns                ;
; N/A                                     ; 114.16 MHz ( period = 8.760 ns )                    ; cnt[8]  ; cnt[19] ; clk        ; clk      ; None                        ; None                      ; 8.051 ns                ;
; N/A                                     ; 114.17 MHz ( period = 8.759 ns )                    ; cnt[3]  ; cnt[12] ; clk        ; clk      ; None                        ; None                      ; 8.050 ns                ;
; N/A                                     ; 114.19 MHz ( period = 8.757 ns )                    ; cnt[14] ; cnt[20] ; clk        ; clk      ; None                        ; None                      ; 8.048 ns                ;
; N/A                                     ; 114.26 MHz ( period = 8.752 ns )                    ; cnt[4]  ; cnt[18] ; clk        ; clk      ; None                        ; None                      ; 8.043 ns                ;
; N/A                                     ; 114.39 MHz ( period = 8.742 ns )                    ; cnt[5]  ; cnt[12] ; clk        ; clk      ; None                        ; None                      ; 8.033 ns                ;
; N/A                                     ; 114.47 MHz ( period = 8.736 ns )                    ; cnt[6]  ; cnt[18] ; clk        ; clk      ; None                        ; None                      ; 8.027 ns                ;
; N/A                                     ; 114.48 MHz ( period = 8.735 ns )                    ; cnt[4]  ; cnt[19] ; clk        ; clk      ; None                        ; None                      ; 8.026 ns                ;
; N/A                                     ; 114.69 MHz ( period = 8.719 ns )                    ; cnt[6]  ; cnt[19] ; clk        ; clk      ; None                        ; None                      ; 8.010 ns                ;
; N/A                                     ; 114.97 MHz ( period = 8.698 ns )                    ; cnt[21] ; cnt[5]  ; clk        ; clk      ; None                        ; None                      ; 7.989 ns                ;
; N/A                                     ; 115.00 MHz ( period = 8.696 ns )                    ; cnt[21] ; cnt[21] ; clk        ; clk      ; None                        ; None                      ; 7.987 ns                ;
; N/A                                     ; 115.01 MHz ( period = 8.695 ns )                    ; cnt[3]  ; cnt[10] ; clk        ; clk      ; None                        ; None                      ; 7.986 ns                ;
; N/A                                     ; 115.07 MHz ( period = 8.690 ns )                    ; cnt[13] ; cnt[20] ; clk        ; clk      ; None                        ; None                      ; 7.981 ns                ;
; N/A                                     ; 115.07 MHz ( period = 8.690 ns )                    ; cnt[21] ; cnt[23] ; clk        ; clk      ; None                        ; None                      ; 7.981 ns                ;
; N/A                                     ; 115.11 MHz ( period = 8.687 ns )                    ; cnt[21] ; cnt[20] ; clk        ; clk      ; None                        ; None                      ; 7.978 ns                ;
; N/A                                     ; 115.15 MHz ( period = 8.684 ns )                    ; cnt[21] ; clk1    ; clk        ; clk      ; None                        ; None                      ; 7.975 ns                ;
; N/A                                     ; 115.23 MHz ( period = 8.678 ns )                    ; cnt[18] ; cnt[5]  ; clk        ; clk      ; None                        ; None                      ; 7.969 ns                ;
; N/A                                     ; 115.23 MHz ( period = 8.678 ns )                    ; cnt[5]  ; cnt[10] ; clk        ; clk      ; None                        ; None                      ; 7.969 ns                ;
; N/A                                     ; 115.26 MHz ( period = 8.676 ns )                    ; cnt[18] ; cnt[21] ; clk        ; clk      ; None                        ; None                      ; 7.967 ns                ;
; N/A                                     ; 115.34 MHz ( period = 8.670 ns )                    ; cnt[18] ; cnt[23] ; clk        ; clk      ; None                        ; None                      ; 7.961 ns                ;
; N/A                                     ; 115.37 MHz ( period = 8.668 ns )                    ; cnt[10] ; cnt[21] ; clk        ; clk      ; None                        ; None                      ; 7.959 ns                ;
; N/A                                     ; 115.38 MHz ( period = 8.667 ns )                    ; cnt[18] ; cnt[20] ; clk        ; clk      ; None                        ; None                      ; 7.958 ns                ;
; N/A                                     ; 115.42 MHz ( period = 8.664 ns )                    ; cnt[18] ; clk1    ; clk        ; clk      ; None                        ; None                      ; 7.955 ns                ;
; N/A                                     ; 115.43 MHz ( period = 8.663 ns )                    ; cnt[10] ; cnt[23] ; clk        ; clk      ; None                        ; None                      ; 7.954 ns                ;
; N/A                                     ; 115.47 MHz ( period = 8.660 ns )                    ; cnt[3]  ; cnt[11] ; clk        ; clk      ; None                        ; None                      ; 7.951 ns                ;
; N/A                                     ; 115.47 MHz ( period = 8.660 ns )                    ; cnt[9]  ; cnt[20] ; clk        ; clk      ; None                        ; None                      ; 7.951 ns                ;
; N/A                                     ; 115.70 MHz ( period = 8.643 ns )                    ; cnt[5]  ; cnt[11] ; clk        ; clk      ; None                        ; None                      ; 7.934 ns                ;
; N/A                                     ; 115.71 MHz ( period = 8.642 ns )                    ; cnt[8]  ; cnt[17] ; clk        ; clk      ; None                        ; None                      ; 7.933 ns                ;
; N/A                                     ; 115.79 MHz ( period = 8.636 ns )                    ; cnt[7]  ; cnt[15] ; clk        ; clk      ; None                        ; None                      ; 7.927 ns                ;
; N/A                                     ; 116.05 MHz ( period = 8.617 ns )                    ; cnt[4]  ; cnt[17] ; clk        ; clk      ; None                        ; None                      ; 7.908 ns                ;
; N/A                                     ; 116.24 MHz ( period = 8.603 ns )                    ; cnt[11] ; cnt[20] ; clk        ; clk      ; None                        ; None                      ; 7.894 ns                ;
; N/A                                     ; 116.27 MHz ( period = 8.601 ns )                    ; cnt[6]  ; cnt[17] ; clk        ; clk      ; None                        ; None                      ; 7.892 ns                ;
; N/A                                     ; 116.40 MHz ( period = 8.591 ns )                    ; cnt[8]  ; cnt[12] ; clk        ; clk      ; None                        ; None                      ; 7.882 ns                ;
; N/A                                     ; 116.52 MHz ( period = 8.582 ns )                    ; cnt[3]  ; cnt[21] ; clk        ; clk      ; None                        ; None                      ; 7.873 ns                ;
; N/A                                     ; 116.55 MHz ( period = 8.580 ns )                    ; cnt[2]  ; cnt[8]  ; clk        ; clk      ; None                        ; None                      ; 7.871 ns                ;
; N/A                                     ; 116.59 MHz ( period = 8.577 ns )                    ; cnt[3]  ; cnt[23] ; clk        ; clk      ; None                        ; None                      ; 7.868 ns                ;
; N/A                                     ; 116.67 MHz ( period = 8.571 ns )                    ; cnt[0]  ; cnt[15] ; clk        ; clk      ; None                        ; None                      ; 7.862 ns                ;
; N/A                                     ; 116.75 MHz ( period = 8.565 ns )                    ; cnt[5]  ; cnt[21] ; clk        ; clk      ; None                        ; None                      ; 7.856 ns                ;
; N/A                                     ; 116.75 MHz ( period = 8.565 ns )                    ; cnt[7]  ; cnt[22] ; clk        ; clk      ; None                        ; None                      ; 7.856 ns                ;
; N/A                                     ; 116.80 MHz ( period = 8.562 ns )                    ; cnt[12] ; cnt[15] ; clk        ; clk      ; None                        ; None                      ; 7.853 ns                ;
; N/A                                     ; 116.82 MHz ( period = 8.560 ns )                    ; cnt[5]  ; cnt[23] ; clk        ; clk      ; None                        ; None                      ; 7.851 ns                ;
; N/A                                     ; 116.89 MHz ( period = 8.555 ns )                    ; cnt[8]  ; cnt[13] ; clk        ; clk      ; None                        ; None                      ; 7.846 ns                ;
; N/A                                     ; 117.15 MHz ( period = 8.536 ns )                    ; cnt[12] ; cnt[21] ; clk        ; clk      ; None                        ; None                      ; 7.827 ns                ;
; N/A                                     ; 117.22 MHz ( period = 8.531 ns )                    ; cnt[12] ; cnt[23] ; clk        ; clk      ; None                        ; None                      ; 7.822 ns                ;
; N/A                                     ; 117.23 MHz ( period = 8.530 ns )                    ; cnt[4]  ; cnt[13] ; clk        ; clk      ; None                        ; None                      ; 7.821 ns                ;
; N/A                                     ; 117.45 MHz ( period = 8.514 ns )                    ; cnt[6]  ; cnt[13] ; clk        ; clk      ; None                        ; None                      ; 7.805 ns                ;
; N/A                                     ; 117.48 MHz ( period = 8.512 ns )                    ; cnt[15] ; cnt[15] ; clk        ; clk      ; None                        ; None                      ; 7.803 ns                ;
; N/A                                     ; 117.50 MHz ( period = 8.511 ns )                    ; cnt[3]  ; cnt[18] ; clk        ; clk      ; None                        ; None                      ; 7.802 ns                ;
; N/A                                     ; 117.51 MHz ( period = 8.510 ns )                    ; cnt[2]  ; cnt[12] ; clk        ; clk      ; None                        ; None                      ; 7.801 ns                ;
; N/A                                     ; 117.52 MHz ( period = 8.509 ns )                    ; cnt[13] ; cnt[0]  ; clk        ; clk      ; None                        ; None                      ; 7.800 ns                ;
; N/A                                     ; 117.73 MHz ( period = 8.494 ns )                    ; cnt[5]  ; cnt[18] ; clk        ; clk      ; None                        ; None                      ; 7.785 ns                ;
; N/A                                     ; 117.73 MHz ( period = 8.494 ns )                    ; cnt[3]  ; cnt[19] ; clk        ; clk      ; None                        ; None                      ; 7.785 ns                ;
; N/A                                     ; 117.77 MHz ( period = 8.491 ns )                    ; cnt[3]  ; cnt[13] ; clk        ; clk      ; None                        ; None                      ; 7.782 ns                ;
; N/A                                     ; 117.94 MHz ( period = 8.479 ns )                    ; cnt[3]  ; cnt[17] ; clk        ; clk      ; None                        ; None                      ; 7.770 ns                ;
; N/A                                     ; 117.97 MHz ( period = 8.477 ns )                    ; cnt[5]  ; cnt[19] ; clk        ; clk      ; None                        ; None                      ; 7.768 ns                ;
; N/A                                     ; 118.30 MHz ( period = 8.453 ns )                    ; cnt[7]  ; cnt[16] ; clk        ; clk      ; None                        ; None                      ; 7.744 ns                ;
; N/A                                     ; 118.40 MHz ( period = 8.446 ns )                    ; cnt[2]  ; cnt[10] ; clk        ; clk      ; None                        ; None                      ; 7.737 ns                ;
; N/A                                     ; 118.50 MHz ( period = 8.439 ns )                    ; cnt[23] ; cnt[15] ; clk        ; clk      ; None                        ; None                      ; 7.730 ns                ;
; N/A                                     ; 118.65 MHz ( period = 8.428 ns )                    ; cnt[8]  ; cnt[22] ; clk        ; clk      ; None                        ; None                      ; 7.719 ns                ;
; N/A                                     ; 118.89 MHz ( period = 8.411 ns )                    ; cnt[2]  ; cnt[11] ; clk        ; clk      ; None                        ; None                      ; 7.702 ns                ;
; N/A                                     ; 118.92 MHz ( period = 8.409 ns )                    ; cnt[9]  ; cnt[15] ; clk        ; clk      ; None                        ; None                      ; 7.700 ns                ;
; N/A                                     ; 119.01 MHz ( period = 8.403 ns )                    ; cnt[4]  ; cnt[22] ; clk        ; clk      ; None                        ; None                      ; 7.694 ns                ;
; N/A                                     ; 119.23 MHz ( period = 8.387 ns )                    ; cnt[6]  ; cnt[22] ; clk        ; clk      ; None                        ; None                      ; 7.678 ns                ;
; N/A                                     ; 119.36 MHz ( period = 8.378 ns )                    ; cnt[15] ; cnt[20] ; clk        ; clk      ; None                        ; None                      ; 7.669 ns                ;
; N/A                                     ; 119.49 MHz ( period = 8.369 ns )                    ; cnt[8]  ; cnt[11] ; clk        ; clk      ; None                        ; None                      ; 7.660 ns                ;
; N/A                                     ; 119.63 MHz ( period = 8.359 ns )                    ; cnt[5]  ; cnt[17] ; clk        ; clk      ; None                        ; None                      ; 7.650 ns                ;
; N/A                                     ; 119.92 MHz ( period = 8.339 ns )                    ; cnt[23] ; cnt[11] ; clk        ; clk      ; None                        ; None                      ; 7.630 ns                ;
; N/A                                     ; 119.93 MHz ( period = 8.338 ns )                    ; cnt[23] ; cnt[18] ; clk        ; clk      ; None                        ; None                      ; 7.629 ns                ;
; N/A                                     ; 119.95 MHz ( period = 8.337 ns )                    ; cnt[23] ; cnt[17] ; clk        ; clk      ; None                        ; None                      ; 7.628 ns                ;
; N/A                                     ; 120.00 MHz ( period = 8.333 ns )                    ; cnt[2]  ; cnt[21] ; clk        ; clk      ; None                        ; None                      ; 7.624 ns                ;
; N/A                                     ; 120.00 MHz ( period = 8.333 ns )                    ; cnt[16] ; cnt[21] ; clk        ; clk      ; None                        ; None                      ; 7.624 ns                ;
; N/A                                     ; 120.03 MHz ( period = 8.331 ns )                    ; cnt[23] ; cnt[12] ; clk        ; clk      ; None                        ; None                      ; 7.622 ns                ;
; N/A                                     ; 120.05 MHz ( period = 8.330 ns )                    ; cnt[23] ; cnt[13] ; clk        ; clk      ; None                        ; None                      ; 7.621 ns                ;
; N/A                                     ; 120.05 MHz ( period = 8.330 ns )                    ; cnt[23] ; cnt[19] ; clk        ; clk      ; None                        ; None                      ; 7.621 ns                ;
; N/A                                     ; 120.06 MHz ( period = 8.329 ns )                    ; cnt[23] ; cnt[10] ; clk        ; clk      ; None                        ; None                      ; 7.620 ns                ;
; N/A                                     ; 120.08 MHz ( period = 8.328 ns )                    ; cnt[2]  ; cnt[23] ; clk        ; clk      ; None                        ; None                      ; 7.619 ns                ;
; N/A                                     ; 120.08 MHz ( period = 8.328 ns )                    ; cnt[16] ; cnt[23] ; clk        ; clk      ; None                        ; None                      ; 7.619 ns                ;
; N/A                                     ; 120.25 MHz ( period = 8.316 ns )                    ; cnt[8]  ; cnt[16] ; clk        ; clk      ; None                        ; None                      ; 7.607 ns                ;
; N/A                                     ; 120.38 MHz ( period = 8.307 ns )                    ; cnt[17] ; cnt[21] ; clk        ; clk      ; None                        ; None                      ; 7.598 ns                ;
; N/A                                     ; 120.45 MHz ( period = 8.302 ns )                    ; cnt[17] ; cnt[23] ; clk        ; clk      ; None                        ; None                      ; 7.593 ns                ;
; N/A                                     ; 120.61 MHz ( period = 8.291 ns )                    ; cnt[4]  ; cnt[16] ; clk        ; clk      ; None                        ; None                      ; 7.582 ns                ;
; N/A                                     ; 120.76 MHz ( period = 8.281 ns )                    ; cnt[8]  ; cnt[10] ; clk        ; clk      ; None                        ; None                      ; 7.572 ns                ;
; N/A                                     ; 120.82 MHz ( period = 8.277 ns )                    ; cnt[7]  ; cnt[0]  ; clk        ; clk      ; None                        ; None                      ; 7.568 ns                ;
; N/A                                     ; 120.85 MHz ( period = 8.275 ns )                    ; cnt[6]  ; cnt[16] ; clk        ; clk      ; None                        ; None                      ; 7.566 ns                ;
; N/A                                     ; 120.89 MHz ( period = 8.272 ns )                    ; cnt[5]  ; cnt[13] ; clk        ; clk      ; None                        ; None                      ; 7.563 ns                ;
; N/A                                     ; 121.04 MHz ( period = 8.262 ns )                    ; cnt[2]  ; cnt[18] ; clk        ; clk      ; None                        ; None                      ; 7.553 ns                ;
; N/A                                     ; 121.04 MHz ( period = 8.262 ns )                    ; cnt[16] ; cnt[18] ; clk        ; clk      ; None                        ; None                      ; 7.553 ns                ;
; N/A                                     ; 121.24 MHz ( period = 8.248 ns )                    ; cnt[10] ; cnt[22] ; clk        ; clk      ; None                        ; None                      ; 7.539 ns                ;
; N/A                                     ; 121.29 MHz ( period = 8.245 ns )                    ; cnt[2]  ; cnt[19] ; clk        ; clk      ; None                        ; None                      ; 7.536 ns                ;
; N/A                                     ; 121.29 MHz ( period = 8.245 ns )                    ; cnt[16] ; cnt[19] ; clk        ; clk      ; None                        ; None                      ; 7.536 ns                ;
; N/A                                     ; 121.42 MHz ( period = 8.236 ns )                    ; cnt[17] ; cnt[18] ; clk        ; clk      ; None                        ; None                      ; 7.527 ns                ;
; N/A                                     ; 121.49 MHz ( period = 8.231 ns )                    ; cnt[20] ; cnt[15] ; clk        ; clk      ; None                        ; None                      ; 7.522 ns                ;
; N/A                                     ; 121.67 MHz ( period = 8.219 ns )                    ; cnt[17] ; cnt[19] ; clk        ; clk      ; None                        ; None                      ; 7.510 ns                ;
; N/A                                     ; 121.77 MHz ( period = 8.212 ns )                    ; cnt[0]  ; cnt[0]  ; clk        ; clk      ; None                        ; None                      ; 7.503 ns                ;
; N/A                                     ; 121.91 MHz ( period = 8.203 ns )                    ; cnt[12] ; cnt[0]  ; clk        ; clk      ; None                        ; None                      ; 7.494 ns                ;
; N/A                                     ; 122.12 MHz ( period = 8.189 ns )                    ; cnt[11] ; cnt[13] ; clk        ; clk      ; None                        ; None                      ; 7.480 ns                ;
; N/A                                     ; 122.13 MHz ( period = 8.188 ns )                    ; cnt[11] ; cnt[19] ; clk        ; clk      ; None                        ; None                      ; 7.479 ns                ;
; N/A                                     ; 122.13 MHz ( period = 8.188 ns )                    ; cnt[14] ; cnt[21] ; clk        ; clk      ; None                        ; None                      ; 7.479 ns                ;
; N/A                                     ; 122.14 MHz ( period = 8.187 ns )                    ; cnt[11] ; cnt[10] ; clk        ; clk      ; None                        ; None                      ; 7.478 ns                ;
; N/A                                     ; 122.17 MHz ( period = 8.185 ns )                    ; cnt[11] ; cnt[12] ; clk        ; clk      ; None                        ; None                      ; 7.476 ns                ;
; N/A                                     ; 122.20 MHz ( period = 8.183 ns )                    ; cnt[14] ; cnt[23] ; clk        ; clk      ; None                        ; None                      ; 7.474 ns                ;
; N/A                                     ; 122.29 MHz ( period = 8.177 ns )                    ; cnt[11] ; cnt[17] ; clk        ; clk      ; None                        ; None                      ; 7.468 ns                ;
; N/A                                     ; 122.35 MHz ( period = 8.173 ns )                    ; cnt[11] ; cnt[18] ; clk        ; clk      ; None                        ; None                      ; 7.464 ns                ;
; N/A                                     ; 122.37 MHz ( period = 8.172 ns )                    ; cnt[1]  ; cnt[13] ; clk        ; clk      ; None                        ; None                      ; 7.463 ns                ;
; N/A                                     ; 122.38 MHz ( period = 8.171 ns )                    ; cnt[1]  ; cnt[19] ; clk        ; clk      ; None                        ; None                      ; 7.462 ns                ;
; N/A                                     ; 122.40 MHz ( period = 8.170 ns )                    ; cnt[1]  ; cnt[10] ; clk        ; clk      ; None                        ; None                      ; 7.461 ns                ;
; N/A                                     ; 122.43 MHz ( period = 8.168 ns )                    ; cnt[1]  ; cnt[12] ; clk        ; clk      ; None                        ; None                      ; 7.459 ns                ;
; N/A                                     ; 122.52 MHz ( period = 8.162 ns )                    ; cnt[3]  ; cnt[22] ; clk        ; clk      ; None                        ; None                      ; 7.453 ns                ;
; Timing analysis restricted to 200 rows. ; To change the limit use Settings (Assignments menu) ;         ;         ;            ;          ;                             ;                           ;                         ;
+-----------------------------------------+-----------------------------------------------------+---------+---------+------------+----------+-----------------------------+---------------------------+-------------------------+


+--------------------------------------------------------------------------------+
; tco                                                                            ;
+-------+--------------+------------+-----------------+-------------+------------+
; Slack ; Required tco ; Actual tco ; From            ; To          ; From Clock ;
+-------+--------------+------------+-----------------+-------------+------------+
; N/A   ; None         ; 15.376 ns  ; ring_counter[3] ; scan_out[3] ; clk        ;
; N/A   ; None         ; 15.370 ns  ; ring_counter[4] ; scan_out[4] ; clk        ;
; N/A   ; None         ; 15.312 ns  ; ring_counter[2] ; scan_out[2] ; clk        ;
; N/A   ; None         ; 14.693 ns  ; ring_counter[0] ; scan_out[0] ; clk        ;
; N/A   ; None         ; 14.621 ns  ; ring_counter[7] ; scan_out[7] ; clk        ;
; N/A   ; None         ; 14.443 ns  ; ring_counter[1] ; scan_out[1] ; clk        ;
; N/A   ; None         ; 13.876 ns  ; ring_counter[6] ; scan_out[6] ; clk        ;
; N/A   ; None         ; 13.876 ns  ; ring_counter[5] ; scan_out[5] ; clk        ;
+-------+--------------+------------+-----------------+-------------+------------+


+--------------------------+
; Timing Analyzer Messages ;
+--------------------------+
Info: *******************************************************************
Info: Running Quartus II Classic Timing Analyzer
    Info: Version 8.1 Build 163 10/28/2008 SJ Web Edition
    Info: Processing started: Thu Oct 07 12:15:13 2021
Info: Command: quartus_tan --read_settings_files=off --write_settings_files=off ringCounter -c ringCounter
Info: Started post-fitting delay annotation
Info: Delay annotation completed successfully
Warning: Found pins functioning as undefined clocks and/or memory enables
    Info: Assuming node "clk" is an undefined clock
Warning: Found 1 node(s) in clock paths which may be acting as ripple and/or gated clocks -- node(s) analyzed as buffer(s) resulting in clock skew
    Info: Detected ripple clock "clk1" as buffer
Info: Clock "clk" has Internal fmax of 104.03 MHz between source register "cnt[10]" and destination register "cnt[13]" (period= 9.613 ns)
    Info: + Longest register to register delay is 8.904 ns
        Info: 1: + IC(0.000 ns) + CELL(0.000 ns) = 0.000 ns; Loc. = LC_X12_Y2_N8; Fanout = 4; REG Node = 'cnt[10]'
        Info: 2: + IC(1.784 ns) + CELL(0.740 ns) = 2.524 ns; Loc. = LC_X12_Y2_N5; Fanout = 1; COMB Node = 'Equal0~283'
        Info: 3: + IC(1.958 ns) + CELL(0.914 ns) = 5.396 ns; Loc. = LC_X11_Y4_N3; Fanout = 14; COMB Node = 'Equal0~285'
        Info: 4: + IC(2.704 ns) + CELL(0.804 ns) = 8.904 ns; Loc. = LC_X12_Y2_N6; Fanout = 4; REG Node = 'cnt[13]'
        Info: Total cell delay = 2.458 ns ( 27.61 % )
        Info: Total interconnect delay = 6.446 ns ( 72.39 % )
    Info: - Smallest clock skew is 0.000 ns
        Info: + Shortest clock path from clock "clk" to destination register is 3.681 ns
            Info: 1: + IC(0.000 ns) + CELL(1.163 ns) = 1.163 ns; Loc. = PIN_18; Fanout = 27; CLK Node = 'clk'
            Info: 2: + IC(1.600 ns) + CELL(0.918 ns) = 3.681 ns; Loc. = LC_X12_Y2_N6; Fanout = 4; REG Node = 'cnt[13]'
            Info: Total cell delay = 2.081 ns ( 56.53 % )
            Info: Total interconnect delay = 1.600 ns ( 43.47 % )
        Info: - Longest clock path from clock "clk" to source register is 3.681 ns
            Info: 1: + IC(0.000 ns) + CELL(1.163 ns) = 1.163 ns; Loc. = PIN_18; Fanout = 27; CLK Node = 'clk'
            Info: 2: + IC(1.600 ns) + CELL(0.918 ns) = 3.681 ns; Loc. = LC_X12_Y2_N8; Fanout = 4; REG Node = 'cnt[10]'
            Info: Total cell delay = 2.081 ns ( 56.53 % )
            Info: Total interconnect delay = 1.600 ns ( 43.47 % )
    Info: + Micro clock to output delay of source is 0.376 ns
    Info: + Micro setup delay of destination is 0.333 ns
Info: tco from clock "clk" to destination pin "scan_out[3]" through register "ring_counter[3]" is 15.376 ns
    Info: + Longest clock path from clock "clk" to source register is 9.301 ns
        Info: 1: + IC(0.000 ns) + CELL(1.163 ns) = 1.163 ns; Loc. = PIN_18; Fanout = 27; CLK Node = 'clk'
        Info: 2: + IC(1.600 ns) + CELL(1.294 ns) = 4.057 ns; Loc. = LC_X11_Y4_N6; Fanout = 9; REG Node = 'clk1'
        Info: 3: + IC(4.326 ns) + CELL(0.918 ns) = 9.301 ns; Loc. = LC_X9_Y4_N2; Fanout = 2; REG Node = 'ring_counter[3]'
        Info: Total cell delay = 3.375 ns ( 36.29 % )
        Info: Total interconnect delay = 5.926 ns ( 63.71 % )
    Info: + Micro clock to output delay of source is 0.376 ns
    Info: + Longest register to pin delay is 5.699 ns
        Info: 1: + IC(0.000 ns) + CELL(0.000 ns) = 0.000 ns; Loc. = LC_X9_Y4_N2; Fanout = 2; REG Node = 'ring_counter[3]'
        Info: 2: + IC(3.377 ns) + CELL(2.322 ns) = 5.699 ns; Loc. = PIN_7; Fanout = 0; PIN Node = 'scan_out[3]'
        Info: Total cell delay = 2.322 ns ( 40.74 % )
        Info: Total interconnect delay = 3.377 ns ( 59.26 % )
Info: Quartus II Classic Timing Analyzer was successful. 0 errors, 2 warnings
    Info: Peak virtual memory: 190 megabytes
    Info: Processing ended: Thu Oct 07 12:15:14 2021
    Info: Elapsed time: 00:00:01
    Info: Total CPU time (on all processors): 00:00:00


