Classic Timing Analyzer report for sevenLedPattern
Mon Oct 25 10:47:59 2021
Quartus II Version 8.1 Build 163 10/28/2008 SJ Web Edition


---------------------
; Table of Contents ;
---------------------
  1. Legal Notice
  2. Timing Analyzer Summary
  3. Timing Analyzer Settings
  4. Clock Settings Summary
  5. Clock Setup: 'clk'
  6. tsu
  7. tco
  8. th
  9. Timing Analyzer Messages



----------------
; Legal Notice ;
----------------
Copyright (C) 1991-2008 Altera Corporation
Your use of Altera Corporation's design tools, logic functions 
and other software and tools, and its AMPP partner logic 
functions, and any output files from any of the foregoing 
(including device programming or simulation files), and any 
associated documentation or information are expressly subject 
to the terms and conditions of the Altera Program License 
Subscription Agreement, Altera MegaCore Function License 
Agreement, or other applicable license agreement, including, 
without limitation, that your use is for the sole purpose of 
programming logic devices manufactured by Altera and sold by 
Altera or its authorized distributors.  Please refer to the 
applicable agreement for further details.



+---------------------------------------------------------------------------------------------------------------------------------------------------------------+
; Timing Analyzer Summary                                                                                                                                       ;
+------------------------------+-------+---------------+----------------------------------+-----------------+------------+------------+----------+--------------+
; Type                         ; Slack ; Required Time ; Actual Time                      ; From            ; To         ; From Clock ; To Clock ; Failed Paths ;
+------------------------------+-------+---------------+----------------------------------+-----------------+------------+------------+----------+--------------+
; Worst-case tsu               ; N/A   ; None          ; 1.919 ns                         ; reset           ; clk1       ; --         ; clk      ; 0            ;
; Worst-case tco               ; N/A   ; None          ; 22.113 ns                        ; scanout[2]~reg0 ; segout[6]  ; clk        ; --       ; 0            ;
; Worst-case th                ; N/A   ; None          ; 4.744 ns                         ; reset           ; modeS_done ; --         ; clk      ; 0            ;
; Clock Setup: 'clk'           ; N/A   ; None          ; 69.96 MHz ( period = 14.293 ns ) ; q[0][0]         ; q[4][5]    ; clk        ; clk      ; 0            ;
; Total number of failed paths ;       ;               ;                                  ;                 ;            ;            ;          ; 0            ;
+------------------------------+-------+---------------+----------------------------------+-----------------+------------+------------+----------+--------------+


+--------------------------------------------------------------------------------------------------------------------+
; Timing Analyzer Settings                                                                                           ;
+---------------------------------------------------------------------+--------------------+------+----+-------------+
; Option                                                              ; Setting            ; From ; To ; Entity Name ;
+---------------------------------------------------------------------+--------------------+------+----+-------------+
; Device Name                                                         ; EPM570T144C5       ;      ;    ;             ;
; Timing Models                                                       ; Final              ;      ;    ;             ;
; Default hold multicycle                                             ; Same as Multicycle ;      ;    ;             ;
; Cut paths between unrelated clock domains                           ; On                 ;      ;    ;             ;
; Cut off read during write signal paths                              ; On                 ;      ;    ;             ;
; Cut off feedback from I/O pins                                      ; On                 ;      ;    ;             ;
; Report Combined Fast/Slow Timing                                    ; Off                ;      ;    ;             ;
; Ignore Clock Settings                                               ; Off                ;      ;    ;             ;
; Analyze latches as synchronous elements                             ; On                 ;      ;    ;             ;
; Enable Recovery/Removal analysis                                    ; Off                ;      ;    ;             ;
; Enable Clock Latency                                                ; Off                ;      ;    ;             ;
; Use TimeQuest Timing Analyzer                                       ; Off                ;      ;    ;             ;
; Minimum Core Junction Temperature                                   ; 0                  ;      ;    ;             ;
; Maximum Core Junction Temperature                                   ; 85                 ;      ;    ;             ;
; Number of source nodes to report per destination node               ; 10                 ;      ;    ;             ;
; Number of destination nodes to report                               ; 10                 ;      ;    ;             ;
; Number of paths to report                                           ; 200                ;      ;    ;             ;
; Report Minimum Timing Checks                                        ; Off                ;      ;    ;             ;
; Use Fast Timing Models                                              ; Off                ;      ;    ;             ;
; Report IO Paths Separately                                          ; Off                ;      ;    ;             ;
; Perform Multicorner Analysis                                        ; Off                ;      ;    ;             ;
; Reports the worst-case path for each clock domain and analysis      ; Off                ;      ;    ;             ;
; Removes common clock path pessimism (CCPP) during slack computation ; Off                ;      ;    ;             ;
; Output I/O Timing Endpoint                                          ; Near End           ;      ;    ;             ;
+---------------------------------------------------------------------+--------------------+------+----+-------------+


+------------------------------------------------------------------------------------------------------------------------------------------------------------------------------------+
; Clock Settings Summary                                                                                                                                                             ;
+-----------------+--------------------+----------+------------------+---------------+--------------+----------+-----------------------+---------------------+--------+--------------+
; Clock Node Name ; Clock Setting Name ; Type     ; Fmax Requirement ; Early Latency ; Late Latency ; Based on ; Multiply Base Fmax by ; Divide Base Fmax by ; Offset ; Phase offset ;
+-----------------+--------------------+----------+------------------+---------------+--------------+----------+-----------------------+---------------------+--------+--------------+
; clk             ;                    ; User Pin ; None             ; 0.000 ns      ; 0.000 ns     ; --       ; N/A                   ; N/A                 ; N/A    ;              ;
+-----------------+--------------------+----------+------------------+---------------+--------------+----------+-----------------------+---------------------+--------+--------------+


+---------------------------------------------------------------------------------------------------------------------------------------------------------------------------------------------------------------------------------------+
; Clock Setup: 'clk'                                                                                                                                                                                                                    ;
+-----------------------------------------+-----------------------------------------------------+------------+--------------+------------+----------+-----------------------------+---------------------------+-------------------------+
; Slack                                   ; Actual fmax (period)                                ; From       ; To           ; From Clock ; To Clock ; Required Setup Relationship ; Required Longest P2P Time ; Actual Longest P2P Time ;
+-----------------------------------------+-----------------------------------------------------+------------+--------------+------------+----------+-----------------------------+---------------------------+-------------------------+
; N/A                                     ; 69.96 MHz ( period = 14.293 ns )                    ; q[0][0]    ; q[4][5]      ; clk        ; clk      ; None                        ; None                      ; 13.584 ns               ;
; N/A                                     ; 70.37 MHz ( period = 14.211 ns )                    ; q[0][0]    ; q[4][1]      ; clk        ; clk      ; None                        ; None                      ; 13.502 ns               ;
; N/A                                     ; 70.37 MHz ( period = 14.211 ns )                    ; q[0][0]    ; q[4][6]      ; clk        ; clk      ; None                        ; None                      ; 13.502 ns               ;
; N/A                                     ; 71.63 MHz ( period = 13.960 ns )                    ; q[0][0]    ; q[4][0]      ; clk        ; clk      ; None                        ; None                      ; 13.251 ns               ;
; N/A                                     ; 72.89 MHz ( period = 13.720 ns )                    ; q[0][0]    ; q[1][5]      ; clk        ; clk      ; None                        ; None                      ; 13.011 ns               ;
; N/A                                     ; 73.70 MHz ( period = 13.568 ns )                    ; q[0][0]    ; q[6][1]      ; clk        ; clk      ; None                        ; None                      ; 12.859 ns               ;
; N/A                                     ; 73.70 MHz ( period = 13.568 ns )                    ; q[0][0]    ; q[6][6]      ; clk        ; clk      ; None                        ; None                      ; 12.859 ns               ;
; N/A                                     ; 73.83 MHz ( period = 13.545 ns )                    ; clkCNT[23] ; cnt_scan[19] ; clk        ; clk      ; None                        ; None                      ; 7.774 ns                ;
; N/A                                     ; 73.83 MHz ( period = 13.545 ns )                    ; clkCNT[23] ; cnt_scan[18] ; clk        ; clk      ; None                        ; None                      ; 7.774 ns                ;
; N/A                                     ; 73.83 MHz ( period = 13.545 ns )                    ; clkCNT[23] ; cnt_scan[21] ; clk        ; clk      ; None                        ; None                      ; 7.774 ns                ;
; N/A                                     ; 73.83 MHz ( period = 13.545 ns )                    ; clkCNT[23] ; cnt_scan[20] ; clk        ; clk      ; None                        ; None                      ; 7.774 ns                ;
; N/A                                     ; 73.83 MHz ( period = 13.545 ns )                    ; clkCNT[23] ; cnt_scan[23] ; clk        ; clk      ; None                        ; None                      ; 7.774 ns                ;
; N/A                                     ; 73.83 MHz ( period = 13.545 ns )                    ; clkCNT[23] ; cnt_scan[22] ; clk        ; clk      ; None                        ; None                      ; 7.774 ns                ;
; N/A                                     ; 73.83 MHz ( period = 13.545 ns )                    ; clkCNT[23] ; cnt_scan[24] ; clk        ; clk      ; None                        ; None                      ; 7.774 ns                ;
; N/A                                     ; 73.83 MHz ( period = 13.545 ns )                    ; clkCNT[23] ; cnt_scan[25] ; clk        ; clk      ; None                        ; None                      ; 7.774 ns                ;
; N/A                                     ; 75.94 MHz ( period = 13.168 ns )                    ; q[0][0]    ; q[3][2]      ; clk        ; clk      ; None                        ; None                      ; 12.459 ns               ;
; N/A                                     ; 75.96 MHz ( period = 13.164 ns )                    ; q[0][0]    ; q[6][2]      ; clk        ; clk      ; None                        ; None                      ; 12.455 ns               ;
; N/A                                     ; 76.33 MHz ( period = 13.101 ns )                    ; q[0][0]    ; q[1][2]      ; clk        ; clk      ; None                        ; None                      ; 12.392 ns               ;
; N/A                                     ; 76.38 MHz ( period = 13.093 ns )                    ; q[0][0]    ; q[3][5]      ; clk        ; clk      ; None                        ; None                      ; 12.384 ns               ;
; N/A                                     ; 76.74 MHz ( period = 13.031 ns )                    ; q[0][0]    ; q[3][1]      ; clk        ; clk      ; None                        ; None                      ; 12.322 ns               ;
; N/A                                     ; 76.91 MHz ( period = 13.002 ns )                    ; q[0][5]    ; q[4][5]      ; clk        ; clk      ; None                        ; None                      ; 12.293 ns               ;
; N/A                                     ; 77.02 MHz ( period = 12.983 ns )                    ; clkCNT[23] ; cnt_scan[15] ; clk        ; clk      ; None                        ; None                      ; 7.212 ns                ;
; N/A                                     ; 77.02 MHz ( period = 12.983 ns )                    ; clkCNT[23] ; cnt_scan[14] ; clk        ; clk      ; None                        ; None                      ; 7.212 ns                ;
; N/A                                     ; 77.02 MHz ( period = 12.983 ns )                    ; clkCNT[23] ; cnt_scan[12] ; clk        ; clk      ; None                        ; None                      ; 7.212 ns                ;
; N/A                                     ; 77.02 MHz ( period = 12.983 ns )                    ; clkCNT[23] ; cnt_scan[13] ; clk        ; clk      ; None                        ; None                      ; 7.212 ns                ;
; N/A                                     ; 77.02 MHz ( period = 12.983 ns )                    ; clkCNT[23] ; cnt_scan[16] ; clk        ; clk      ; None                        ; None                      ; 7.212 ns                ;
; N/A                                     ; 77.02 MHz ( period = 12.983 ns )                    ; clkCNT[23] ; cnt_scan[9]  ; clk        ; clk      ; None                        ; None                      ; 7.212 ns                ;
; N/A                                     ; 77.02 MHz ( period = 12.983 ns )                    ; clkCNT[23] ; cnt_scan[8]  ; clk        ; clk      ; None                        ; None                      ; 7.212 ns                ;
; N/A                                     ; 77.02 MHz ( period = 12.983 ns )                    ; clkCNT[23] ; cnt_scan[11] ; clk        ; clk      ; None                        ; None                      ; 7.212 ns                ;
; N/A                                     ; 77.02 MHz ( period = 12.983 ns )                    ; clkCNT[23] ; cnt_scan[10] ; clk        ; clk      ; None                        ; None                      ; 7.212 ns                ;
; N/A                                     ; 77.02 MHz ( period = 12.983 ns )                    ; clkCNT[23] ; cnt_scan[17] ; clk        ; clk      ; None                        ; None                      ; 7.212 ns                ;
; N/A                                     ; 77.07 MHz ( period = 12.976 ns )                    ; q[0][0]    ; q[3][3]      ; clk        ; clk      ; None                        ; None                      ; 12.267 ns               ;
; N/A                                     ; 77.12 MHz ( period = 12.966 ns )                    ; q[0][0]    ; q[7][3]      ; clk        ; clk      ; None                        ; None                      ; 12.257 ns               ;
; N/A                                     ; 77.21 MHz ( period = 12.952 ns )                    ; q[0][0]    ; q[0][0]      ; clk        ; clk      ; None                        ; None                      ; 12.243 ns               ;
; N/A                                     ; 77.40 MHz ( period = 12.920 ns )                    ; q[0][5]    ; q[4][1]      ; clk        ; clk      ; None                        ; None                      ; 12.211 ns               ;
; N/A                                     ; 77.40 MHz ( period = 12.920 ns )                    ; q[0][5]    ; q[4][6]      ; clk        ; clk      ; None                        ; None                      ; 12.211 ns               ;
; N/A                                     ; 78.14 MHz ( period = 12.798 ns )                    ; q[0][0]    ; q[1][3]      ; clk        ; clk      ; None                        ; None                      ; 12.089 ns               ;
; N/A                                     ; 78.15 MHz ( period = 12.796 ns )                    ; q[0][0]    ; q[1][1]      ; clk        ; clk      ; None                        ; None                      ; 12.087 ns               ;
; N/A                                     ; 78.26 MHz ( period = 12.778 ns )                    ; q[0][1]    ; q[4][5]      ; clk        ; clk      ; None                        ; None                      ; 12.069 ns               ;
; N/A                                     ; 78.31 MHz ( period = 12.770 ns )                    ; q[0][0]    ; q[6][0]      ; clk        ; clk      ; None                        ; None                      ; 12.061 ns               ;
; N/A                                     ; 78.57 MHz ( period = 12.727 ns )                    ; q[0][0]    ; q[4][2]      ; clk        ; clk      ; None                        ; None                      ; 12.018 ns               ;
; N/A                                     ; 78.76 MHz ( period = 12.696 ns )                    ; q[0][1]    ; q[4][1]      ; clk        ; clk      ; None                        ; None                      ; 11.987 ns               ;
; N/A                                     ; 78.76 MHz ( period = 12.696 ns )                    ; q[0][1]    ; q[4][6]      ; clk        ; clk      ; None                        ; None                      ; 11.987 ns               ;
; N/A                                     ; 78.93 MHz ( period = 12.669 ns )                    ; q[0][5]    ; q[4][0]      ; clk        ; clk      ; None                        ; None                      ; 11.960 ns               ;
; N/A                                     ; 79.07 MHz ( period = 12.647 ns )                    ; q[0][2]    ; q[4][5]      ; clk        ; clk      ; None                        ; None                      ; 11.938 ns               ;
; N/A                                     ; 79.19 MHz ( period = 12.628 ns )                    ; q[0][0]    ; q[2][5]      ; clk        ; clk      ; None                        ; None                      ; 11.919 ns               ;
; N/A                                     ; 79.32 MHz ( period = 12.607 ns )                    ; q[0][0]    ; q[3][6]      ; clk        ; clk      ; None                        ; None                      ; 11.898 ns               ;
; N/A                                     ; 79.49 MHz ( period = 12.580 ns )                    ; clkCNT[23] ; cnt_scan[7]  ; clk        ; clk      ; None                        ; None                      ; 6.809 ns                ;
; N/A                                     ; 79.49 MHz ( period = 12.580 ns )                    ; clkCNT[23] ; cnt_scan[2]  ; clk        ; clk      ; None                        ; None                      ; 6.809 ns                ;
; N/A                                     ; 79.49 MHz ( period = 12.580 ns )                    ; clkCNT[23] ; cnt_scan[6]  ; clk        ; clk      ; None                        ; None                      ; 6.809 ns                ;
; N/A                                     ; 79.49 MHz ( period = 12.580 ns )                    ; clkCNT[23] ; cnt_scan[5]  ; clk        ; clk      ; None                        ; None                      ; 6.809 ns                ;
; N/A                                     ; 79.49 MHz ( period = 12.580 ns )                    ; clkCNT[23] ; cnt_scan[4]  ; clk        ; clk      ; None                        ; None                      ; 6.809 ns                ;
; N/A                                     ; 79.49 MHz ( period = 12.580 ns )                    ; clkCNT[23] ; cnt_scan[3]  ; clk        ; clk      ; None                        ; None                      ; 6.809 ns                ;
; N/A                                     ; 79.49 MHz ( period = 12.580 ns )                    ; clkCNT[23] ; cnt_scan[0]  ; clk        ; clk      ; None                        ; None                      ; 6.809 ns                ;
; N/A                                     ; 79.49 MHz ( period = 12.580 ns )                    ; clkCNT[23] ; cnt_scan[1]  ; clk        ; clk      ; None                        ; None                      ; 6.809 ns                ;
; N/A                                     ; 79.51 MHz ( period = 12.577 ns )                    ; q[0][0]    ; q[2][1]      ; clk        ; clk      ; None                        ; None                      ; 11.868 ns               ;
; N/A                                     ; 79.51 MHz ( period = 12.577 ns )                    ; q[0][0]    ; q[2][6]      ; clk        ; clk      ; None                        ; None                      ; 11.868 ns               ;
; N/A                                     ; 79.59 MHz ( period = 12.565 ns )                    ; q[0][2]    ; q[4][1]      ; clk        ; clk      ; None                        ; None                      ; 11.856 ns               ;
; N/A                                     ; 79.59 MHz ( period = 12.565 ns )                    ; q[0][2]    ; q[4][6]      ; clk        ; clk      ; None                        ; None                      ; 11.856 ns               ;
; N/A                                     ; 79.76 MHz ( period = 12.538 ns )                    ; q[6][5]    ; q[6][1]      ; clk        ; clk      ; None                        ; None                      ; 11.829 ns               ;
; N/A                                     ; 79.76 MHz ( period = 12.538 ns )                    ; q[6][5]    ; q[6][6]      ; clk        ; clk      ; None                        ; None                      ; 11.829 ns               ;
; N/A                                     ; 79.84 MHz ( period = 12.525 ns )                    ; q[0][0]    ; q[0][5]      ; clk        ; clk      ; None                        ; None                      ; 11.816 ns               ;
; N/A                                     ; 80.01 MHz ( period = 12.498 ns )                    ; q[2][6]    ; num.111      ; clk        ; clk      ; None                        ; None                      ; 11.789 ns               ;
; N/A                                     ; 80.01 MHz ( period = 12.498 ns )                    ; q[2][6]    ; num.100      ; clk        ; clk      ; None                        ; None                      ; 11.789 ns               ;
; N/A                                     ; 80.01 MHz ( period = 12.498 ns )                    ; q[2][6]    ; num.011      ; clk        ; clk      ; None                        ; None                      ; 11.789 ns               ;
; N/A                                     ; 80.01 MHz ( period = 12.498 ns )                    ; q[2][6]    ; num.010      ; clk        ; clk      ; None                        ; None                      ; 11.789 ns               ;
; N/A                                     ; 80.01 MHz ( period = 12.498 ns )                    ; q[2][6]    ; num.000      ; clk        ; clk      ; None                        ; None                      ; 11.789 ns               ;
; N/A                                     ; 80.01 MHz ( period = 12.498 ns )                    ; q[2][6]    ; num.110      ; clk        ; clk      ; None                        ; None                      ; 11.789 ns               ;
; N/A                                     ; 80.01 MHz ( period = 12.498 ns )                    ; q[2][6]    ; num.101      ; clk        ; clk      ; None                        ; None                      ; 11.789 ns               ;
; N/A                                     ; 80.35 MHz ( period = 12.445 ns )                    ; q[0][1]    ; q[4][0]      ; clk        ; clk      ; None                        ; None                      ; 11.736 ns               ;
; N/A                                     ; 80.44 MHz ( period = 12.432 ns )                    ; clkCNT[23] ; clk1         ; clk        ; clk      ; None                        ; None                      ; 6.661 ns                ;
; N/A                                     ; 80.46 MHz ( period = 12.429 ns )                    ; q[0][5]    ; q[1][5]      ; clk        ; clk      ; None                        ; None                      ; 11.720 ns               ;
; N/A                                     ; 80.89 MHz ( period = 12.362 ns )                    ; q[5][5]    ; q[5][2]      ; clk        ; clk      ; None                        ; None                      ; 11.653 ns               ;
; N/A                                     ; 81.12 MHz ( period = 12.327 ns )                    ; q[4][6]    ; num.111      ; clk        ; clk      ; None                        ; None                      ; 11.618 ns               ;
; N/A                                     ; 81.12 MHz ( period = 12.327 ns )                    ; q[4][6]    ; num.100      ; clk        ; clk      ; None                        ; None                      ; 11.618 ns               ;
; N/A                                     ; 81.12 MHz ( period = 12.327 ns )                    ; q[4][6]    ; num.011      ; clk        ; clk      ; None                        ; None                      ; 11.618 ns               ;
; N/A                                     ; 81.12 MHz ( period = 12.327 ns )                    ; q[4][6]    ; num.010      ; clk        ; clk      ; None                        ; None                      ; 11.618 ns               ;
; N/A                                     ; 81.12 MHz ( period = 12.327 ns )                    ; q[4][6]    ; num.000      ; clk        ; clk      ; None                        ; None                      ; 11.618 ns               ;
; N/A                                     ; 81.12 MHz ( period = 12.327 ns )                    ; q[4][6]    ; num.110      ; clk        ; clk      ; None                        ; None                      ; 11.618 ns               ;
; N/A                                     ; 81.12 MHz ( period = 12.327 ns )                    ; q[4][6]    ; num.101      ; clk        ; clk      ; None                        ; None                      ; 11.618 ns               ;
; N/A                                     ; 81.17 MHz ( period = 12.320 ns )                    ; q[0][0]    ; q[0][1]      ; clk        ; clk      ; None                        ; None                      ; 11.611 ns               ;
; N/A                                     ; 81.21 MHz ( period = 12.314 ns )                    ; q[0][2]    ; q[4][0]      ; clk        ; clk      ; None                        ; None                      ; 11.605 ns               ;
; N/A                                     ; 81.45 MHz ( period = 12.277 ns )                    ; q[0][5]    ; q[6][1]      ; clk        ; clk      ; None                        ; None                      ; 11.568 ns               ;
; N/A                                     ; 81.45 MHz ( period = 12.277 ns )                    ; q[0][5]    ; q[6][6]      ; clk        ; clk      ; None                        ; None                      ; 11.568 ns               ;
; N/A                                     ; 81.59 MHz ( period = 12.256 ns )                    ; q[0][0]    ; q[2][0]      ; clk        ; clk      ; None                        ; None                      ; 11.547 ns               ;
; N/A                                     ; 81.93 MHz ( period = 12.205 ns )                    ; q[0][1]    ; q[1][5]      ; clk        ; clk      ; None                        ; None                      ; 11.496 ns               ;
; N/A                                     ; 81.99 MHz ( period = 12.196 ns )                    ; q[0][0]    ; q[0][2]      ; clk        ; clk      ; None                        ; None                      ; 11.487 ns               ;
; N/A                                     ; 82.20 MHz ( period = 12.165 ns )                    ; q[0][0]    ; q[2][2]      ; clk        ; clk      ; None                        ; None                      ; 11.456 ns               ;
; N/A                                     ; 82.41 MHz ( period = 12.134 ns )                    ; q[6][5]    ; q[6][2]      ; clk        ; clk      ; None                        ; None                      ; 11.425 ns               ;
; N/A                                     ; 82.64 MHz ( period = 12.100 ns )                    ; q[7][6]    ; q[7][3]      ; clk        ; clk      ; None                        ; None                      ; 11.391 ns               ;
; N/A                                     ; 82.82 MHz ( period = 12.074 ns )                    ; q[0][2]    ; q[1][5]      ; clk        ; clk      ; None                        ; None                      ; 11.365 ns               ;
; N/A                                     ; 82.97 MHz ( period = 12.053 ns )                    ; q[0][1]    ; q[6][1]      ; clk        ; clk      ; None                        ; None                      ; 11.344 ns               ;
; N/A                                     ; 82.97 MHz ( period = 12.053 ns )                    ; q[0][1]    ; q[6][6]      ; clk        ; clk      ; None                        ; None                      ; 11.344 ns               ;
; N/A                                     ; 83.03 MHz ( period = 12.044 ns )                    ; q[0][0]    ; q[7][4]      ; clk        ; clk      ; None                        ; None                      ; 11.335 ns               ;
; N/A                                     ; 83.05 MHz ( period = 12.041 ns )                    ; q[3][5]    ; q[3][2]      ; clk        ; clk      ; None                        ; None                      ; 11.332 ns               ;
; N/A                                     ; 83.13 MHz ( period = 12.030 ns )                    ; q[1][2]    ; q[0][0]      ; clk        ; clk      ; None                        ; None                      ; 11.321 ns               ;
; N/A                                     ; 83.24 MHz ( period = 12.014 ns )                    ; q[0][0]    ; q[5][2]      ; clk        ; clk      ; None                        ; None                      ; 11.305 ns               ;
; N/A                                     ; 83.45 MHz ( period = 11.983 ns )                    ; q[0][0]    ; q[7][2]      ; clk        ; clk      ; None                        ; None                      ; 11.274 ns               ;
; N/A                                     ; 83.51 MHz ( period = 11.974 ns )                    ; q[0][0]    ; q[7][1]      ; clk        ; clk      ; None                        ; None                      ; 11.265 ns               ;
; N/A                                     ; 83.54 MHz ( period = 11.971 ns )                    ; q[4][5]    ; num.111      ; clk        ; clk      ; None                        ; None                      ; 11.262 ns               ;
; N/A                                     ; 83.54 MHz ( period = 11.971 ns )                    ; q[4][5]    ; num.100      ; clk        ; clk      ; None                        ; None                      ; 11.262 ns               ;
; N/A                                     ; 83.54 MHz ( period = 11.971 ns )                    ; q[4][5]    ; num.011      ; clk        ; clk      ; None                        ; None                      ; 11.262 ns               ;
; N/A                                     ; 83.54 MHz ( period = 11.971 ns )                    ; q[4][5]    ; num.010      ; clk        ; clk      ; None                        ; None                      ; 11.262 ns               ;
; N/A                                     ; 83.54 MHz ( period = 11.971 ns )                    ; q[4][5]    ; num.000      ; clk        ; clk      ; None                        ; None                      ; 11.262 ns               ;
; N/A                                     ; 83.54 MHz ( period = 11.971 ns )                    ; q[4][5]    ; num.110      ; clk        ; clk      ; None                        ; None                      ; 11.262 ns               ;
; N/A                                     ; 83.54 MHz ( period = 11.971 ns )                    ; q[4][5]    ; num.101      ; clk        ; clk      ; None                        ; None                      ; 11.262 ns               ;
; N/A                                     ; 83.57 MHz ( period = 11.966 ns )                    ; q[3][5]    ; q[3][5]      ; clk        ; clk      ; None                        ; None                      ; 11.257 ns               ;
; N/A                                     ; 83.88 MHz ( period = 11.922 ns )                    ; q[0][2]    ; q[6][1]      ; clk        ; clk      ; None                        ; None                      ; 11.213 ns               ;
; N/A                                     ; 83.88 MHz ( period = 11.922 ns )                    ; q[0][2]    ; q[6][6]      ; clk        ; clk      ; None                        ; None                      ; 11.213 ns               ;
; N/A                                     ; 83.93 MHz ( period = 11.914 ns )                    ; q[1][3]    ; q[0][0]      ; clk        ; clk      ; None                        ; None                      ; 11.205 ns               ;
; N/A                                     ; 84.01 MHz ( period = 11.904 ns )                    ; q[3][5]    ; q[3][1]      ; clk        ; clk      ; None                        ; None                      ; 11.195 ns               ;
; N/A                                     ; 84.08 MHz ( period = 11.894 ns )                    ; q[2][6]    ; num.001      ; clk        ; clk      ; None                        ; None                      ; 11.185 ns               ;
; N/A                                     ; 84.20 MHz ( period = 11.877 ns )                    ; q[0][5]    ; q[3][2]      ; clk        ; clk      ; None                        ; None                      ; 11.168 ns               ;
; N/A                                     ; 84.22 MHz ( period = 11.873 ns )                    ; q[0][5]    ; q[6][2]      ; clk        ; clk      ; None                        ; None                      ; 11.164 ns               ;
; N/A                                     ; 84.40 MHz ( period = 11.849 ns )                    ; q[3][5]    ; q[3][3]      ; clk        ; clk      ; None                        ; None                      ; 11.140 ns               ;
; N/A                                     ; 84.42 MHz ( period = 11.846 ns )                    ; q[0][0]    ; q[0][6]      ; clk        ; clk      ; None                        ; None                      ; 11.137 ns               ;
; N/A                                     ; 84.42 MHz ( period = 11.846 ns )                    ; q[0][6]    ; q[4][5]      ; clk        ; clk      ; None                        ; None                      ; 11.137 ns               ;
; N/A                                     ; 84.67 MHz ( period = 11.810 ns )                    ; q[0][5]    ; q[1][2]      ; clk        ; clk      ; None                        ; None                      ; 11.101 ns               ;
; N/A                                     ; 84.73 MHz ( period = 11.802 ns )                    ; q[0][5]    ; q[3][5]      ; clk        ; clk      ; None                        ; None                      ; 11.093 ns               ;
; N/A                                     ; 84.75 MHz ( period = 11.799 ns )                    ; q[0][0]    ; q[6][5]      ; clk        ; clk      ; None                        ; None                      ; 11.090 ns               ;
; N/A                                     ; 84.83 MHz ( period = 11.788 ns )                    ; q[5][5]    ; q[5][6]      ; clk        ; clk      ; None                        ; None                      ; 11.079 ns               ;
; N/A                                     ; 84.86 MHz ( period = 11.784 ns )                    ; modeS_done ; q[4][5]      ; clk        ; clk      ; None                        ; None                      ; 11.075 ns               ;
; N/A                                     ; 85.01 MHz ( period = 11.764 ns )                    ; q[0][6]    ; q[4][1]      ; clk        ; clk      ; None                        ; None                      ; 11.055 ns               ;
; N/A                                     ; 85.01 MHz ( period = 11.764 ns )                    ; q[0][6]    ; q[4][6]      ; clk        ; clk      ; None                        ; None                      ; 11.055 ns               ;
; N/A                                     ; 85.03 MHz ( period = 11.760 ns )                    ; q[5][5]    ; q[5][1]      ; clk        ; clk      ; None                        ; None                      ; 11.051 ns               ;
; N/A                                     ; 85.04 MHz ( period = 11.759 ns )                    ; q[5][5]    ; q[5][5]      ; clk        ; clk      ; None                        ; None                      ; 11.050 ns               ;
; N/A                                     ; 85.18 MHz ( period = 11.740 ns )                    ; q[6][5]    ; q[6][0]      ; clk        ; clk      ; None                        ; None                      ; 11.031 ns               ;
; N/A                                     ; 85.18 MHz ( period = 11.740 ns )                    ; q[0][5]    ; q[3][1]      ; clk        ; clk      ; None                        ; None                      ; 11.031 ns               ;
; N/A                                     ; 85.30 MHz ( period = 11.723 ns )                    ; q[4][6]    ; num.001      ; clk        ; clk      ; None                        ; None                      ; 11.014 ns               ;
; N/A                                     ; 85.46 MHz ( period = 11.702 ns )                    ; modeS_done ; q[4][1]      ; clk        ; clk      ; None                        ; None                      ; 10.993 ns               ;
; N/A                                     ; 85.46 MHz ( period = 11.702 ns )                    ; modeS_done ; q[4][6]      ; clk        ; clk      ; None                        ; None                      ; 10.993 ns               ;
; N/A                                     ; 85.58 MHz ( period = 11.685 ns )                    ; q[0][5]    ; q[3][3]      ; clk        ; clk      ; None                        ; None                      ; 10.976 ns               ;
; N/A                                     ; 85.65 MHz ( period = 11.675 ns )                    ; q[0][5]    ; q[7][3]      ; clk        ; clk      ; None                        ; None                      ; 10.966 ns               ;
; N/A                                     ; 85.76 MHz ( period = 11.661 ns )                    ; q[0][5]    ; q[0][0]      ; clk        ; clk      ; None                        ; None                      ; 10.952 ns               ;
; N/A                                     ; 85.77 MHz ( period = 11.659 ns )                    ; q[1][1]    ; q[0][0]      ; clk        ; clk      ; None                        ; None                      ; 10.950 ns               ;
; N/A                                     ; 85.81 MHz ( period = 11.653 ns )                    ; q[0][1]    ; q[3][2]      ; clk        ; clk      ; None                        ; None                      ; 10.944 ns               ;
; N/A                                     ; 85.84 MHz ( period = 11.649 ns )                    ; q[0][1]    ; q[6][2]      ; clk        ; clk      ; None                        ; None                      ; 10.940 ns               ;
; N/A                                     ; 85.97 MHz ( period = 11.632 ns )                    ; q[5][5]    ; num.111      ; clk        ; clk      ; None                        ; None                      ; 10.923 ns               ;
; N/A                                     ; 85.97 MHz ( period = 11.632 ns )                    ; q[5][5]    ; num.100      ; clk        ; clk      ; None                        ; None                      ; 10.923 ns               ;
; N/A                                     ; 85.97 MHz ( period = 11.632 ns )                    ; q[5][5]    ; num.011      ; clk        ; clk      ; None                        ; None                      ; 10.923 ns               ;
; N/A                                     ; 85.97 MHz ( period = 11.632 ns )                    ; q[5][5]    ; num.010      ; clk        ; clk      ; None                        ; None                      ; 10.923 ns               ;
; N/A                                     ; 85.97 MHz ( period = 11.632 ns )                    ; q[5][5]    ; num.000      ; clk        ; clk      ; None                        ; None                      ; 10.923 ns               ;
; N/A                                     ; 85.97 MHz ( period = 11.632 ns )                    ; q[5][5]    ; num.110      ; clk        ; clk      ; None                        ; None                      ; 10.923 ns               ;
; N/A                                     ; 85.97 MHz ( period = 11.632 ns )                    ; q[5][5]    ; num.101      ; clk        ; clk      ; None                        ; None                      ; 10.923 ns               ;
; N/A                                     ; 86.02 MHz ( period = 11.625 ns )                    ; q[6][6]    ; q[6][1]      ; clk        ; clk      ; None                        ; None                      ; 10.916 ns               ;
; N/A                                     ; 86.02 MHz ( period = 11.625 ns )                    ; q[6][6]    ; q[6][6]      ; clk        ; clk      ; None                        ; None                      ; 10.916 ns               ;
; N/A                                     ; 86.12 MHz ( period = 11.612 ns )                    ; q[7][5]    ; q[7][3]      ; clk        ; clk      ; None                        ; None                      ; 10.903 ns               ;
; N/A                                     ; 86.18 MHz ( period = 11.603 ns )                    ; q[1][2]    ; q[0][5]      ; clk        ; clk      ; None                        ; None                      ; 10.894 ns               ;
; N/A                                     ; 86.31 MHz ( period = 11.586 ns )                    ; q[0][1]    ; q[1][2]      ; clk        ; clk      ; None                        ; None                      ; 10.877 ns               ;
; N/A                                     ; 86.37 MHz ( period = 11.578 ns )                    ; q[0][1]    ; q[3][5]      ; clk        ; clk      ; None                        ; None                      ; 10.869 ns               ;
; N/A                                     ; 86.41 MHz ( period = 11.573 ns )                    ; q[2][5]    ; num.111      ; clk        ; clk      ; None                        ; None                      ; 10.864 ns               ;
; N/A                                     ; 86.41 MHz ( period = 11.573 ns )                    ; q[2][5]    ; num.100      ; clk        ; clk      ; None                        ; None                      ; 10.864 ns               ;
; N/A                                     ; 86.41 MHz ( period = 11.573 ns )                    ; q[2][5]    ; num.011      ; clk        ; clk      ; None                        ; None                      ; 10.864 ns               ;
; N/A                                     ; 86.41 MHz ( period = 11.573 ns )                    ; q[2][5]    ; num.010      ; clk        ; clk      ; None                        ; None                      ; 10.864 ns               ;
; N/A                                     ; 86.41 MHz ( period = 11.573 ns )                    ; q[2][5]    ; num.000      ; clk        ; clk      ; None                        ; None                      ; 10.864 ns               ;
; N/A                                     ; 86.41 MHz ( period = 11.573 ns )                    ; q[2][5]    ; num.110      ; clk        ; clk      ; None                        ; None                      ; 10.864 ns               ;
; N/A                                     ; 86.41 MHz ( period = 11.573 ns )                    ; q[2][5]    ; num.101      ; clk        ; clk      ; None                        ; None                      ; 10.864 ns               ;
; N/A                                     ; 86.48 MHz ( period = 11.563 ns )                    ; q[0][6]    ; num.111      ; clk        ; clk      ; None                        ; None                      ; 10.854 ns               ;
; N/A                                     ; 86.48 MHz ( period = 11.563 ns )                    ; q[0][6]    ; num.100      ; clk        ; clk      ; None                        ; None                      ; 10.854 ns               ;
; N/A                                     ; 86.48 MHz ( period = 11.563 ns )                    ; q[0][6]    ; num.011      ; clk        ; clk      ; None                        ; None                      ; 10.854 ns               ;
; N/A                                     ; 86.48 MHz ( period = 11.563 ns )                    ; q[0][6]    ; num.010      ; clk        ; clk      ; None                        ; None                      ; 10.854 ns               ;
; N/A                                     ; 86.48 MHz ( period = 11.563 ns )                    ; q[0][6]    ; num.000      ; clk        ; clk      ; None                        ; None                      ; 10.854 ns               ;
; N/A                                     ; 86.48 MHz ( period = 11.563 ns )                    ; q[0][6]    ; num.110      ; clk        ; clk      ; None                        ; None                      ; 10.854 ns               ;
; N/A                                     ; 86.48 MHz ( period = 11.563 ns )                    ; q[0][6]    ; num.101      ; clk        ; clk      ; None                        ; None                      ; 10.854 ns               ;
; N/A                                     ; 86.59 MHz ( period = 11.549 ns )                    ; q[5][5]    ; q[5][3]      ; clk        ; clk      ; None                        ; None                      ; 10.840 ns               ;
; N/A                                     ; 86.79 MHz ( period = 11.522 ns )                    ; q[0][2]    ; q[3][2]      ; clk        ; clk      ; None                        ; None                      ; 10.813 ns               ;
; N/A                                     ; 86.82 MHz ( period = 11.518 ns )                    ; q[0][2]    ; q[6][2]      ; clk        ; clk      ; None                        ; None                      ; 10.809 ns               ;
; N/A                                     ; 86.84 MHz ( period = 11.516 ns )                    ; q[0][1]    ; q[3][1]      ; clk        ; clk      ; None                        ; None                      ; 10.807 ns               ;
; N/A                                     ; 86.86 MHz ( period = 11.513 ns )                    ; q[0][6]    ; q[4][0]      ; clk        ; clk      ; None                        ; None                      ; 10.804 ns               ;
; N/A                                     ; 86.87 MHz ( period = 11.511 ns )                    ; q[3][5]    ; num.111      ; clk        ; clk      ; None                        ; None                      ; 10.802 ns               ;
; N/A                                     ; 86.87 MHz ( period = 11.511 ns )                    ; q[3][5]    ; num.100      ; clk        ; clk      ; None                        ; None                      ; 10.802 ns               ;
; N/A                                     ; 86.87 MHz ( period = 11.511 ns )                    ; q[3][5]    ; num.011      ; clk        ; clk      ; None                        ; None                      ; 10.802 ns               ;
; N/A                                     ; 86.87 MHz ( period = 11.511 ns )                    ; q[3][5]    ; num.010      ; clk        ; clk      ; None                        ; None                      ; 10.802 ns               ;
; N/A                                     ; 86.87 MHz ( period = 11.511 ns )                    ; q[3][5]    ; num.000      ; clk        ; clk      ; None                        ; None                      ; 10.802 ns               ;
; N/A                                     ; 86.87 MHz ( period = 11.511 ns )                    ; q[3][5]    ; num.110      ; clk        ; clk      ; None                        ; None                      ; 10.802 ns               ;
; N/A                                     ; 86.87 MHz ( period = 11.511 ns )                    ; q[3][5]    ; num.101      ; clk        ; clk      ; None                        ; None                      ; 10.802 ns               ;
; N/A                                     ; 86.90 MHz ( period = 11.507 ns )                    ; q[0][5]    ; q[1][3]      ; clk        ; clk      ; None                        ; None                      ; 10.798 ns               ;
; N/A                                     ; 86.91 MHz ( period = 11.506 ns )                    ; q[2][6]    ; q[2][5]      ; clk        ; clk      ; None                        ; None                      ; 10.797 ns               ;
; N/A                                     ; 86.92 MHz ( period = 11.505 ns )                    ; q[0][5]    ; q[1][1]      ; clk        ; clk      ; None                        ; None                      ; 10.796 ns               ;
; N/A                                     ; 87.05 MHz ( period = 11.487 ns )                    ; q[1][3]    ; q[0][5]      ; clk        ; clk      ; None                        ; None                      ; 10.778 ns               ;
; N/A                                     ; 87.11 MHz ( period = 11.480 ns )                    ; q[3][5]    ; q[3][6]      ; clk        ; clk      ; None                        ; None                      ; 10.771 ns               ;
; N/A                                     ; 87.12 MHz ( period = 11.479 ns )                    ; q[0][5]    ; q[6][0]      ; clk        ; clk      ; None                        ; None                      ; 10.770 ns               ;
; N/A                                     ; 87.25 MHz ( period = 11.461 ns )                    ; q[0][1]    ; q[3][3]      ; clk        ; clk      ; None                        ; None                      ; 10.752 ns               ;
; N/A                                     ; 87.30 MHz ( period = 11.455 ns )                    ; q[2][6]    ; q[2][1]      ; clk        ; clk      ; None                        ; None                      ; 10.746 ns               ;
; N/A                                     ; 87.30 MHz ( period = 11.455 ns )                    ; q[0][2]    ; q[1][2]      ; clk        ; clk      ; None                        ; None                      ; 10.746 ns               ;
; N/A                                     ; 87.30 MHz ( period = 11.455 ns )                    ; q[2][6]    ; q[2][6]      ; clk        ; clk      ; None                        ; None                      ; 10.746 ns               ;
; N/A                                     ; 87.33 MHz ( period = 11.451 ns )                    ; modeS_done ; q[4][0]      ; clk        ; clk      ; None                        ; None                      ; 10.742 ns               ;
; N/A                                     ; 87.33 MHz ( period = 11.451 ns )                    ; q[0][1]    ; q[7][3]      ; clk        ; clk      ; None                        ; None                      ; 10.742 ns               ;
; N/A                                     ; 87.34 MHz ( period = 11.449 ns )                    ; q[6][5]    ; num.111      ; clk        ; clk      ; None                        ; None                      ; 10.740 ns               ;
; N/A                                     ; 87.34 MHz ( period = 11.449 ns )                    ; q[6][5]    ; num.100      ; clk        ; clk      ; None                        ; None                      ; 10.740 ns               ;
; N/A                                     ; 87.34 MHz ( period = 11.449 ns )                    ; q[6][5]    ; num.011      ; clk        ; clk      ; None                        ; None                      ; 10.740 ns               ;
; N/A                                     ; 87.34 MHz ( period = 11.449 ns )                    ; q[6][5]    ; num.010      ; clk        ; clk      ; None                        ; None                      ; 10.740 ns               ;
; N/A                                     ; 87.34 MHz ( period = 11.449 ns )                    ; q[6][5]    ; num.000      ; clk        ; clk      ; None                        ; None                      ; 10.740 ns               ;
; N/A                                     ; 87.34 MHz ( period = 11.449 ns )                    ; q[6][5]    ; num.110      ; clk        ; clk      ; None                        ; None                      ; 10.740 ns               ;
; N/A                                     ; 87.34 MHz ( period = 11.449 ns )                    ; q[6][5]    ; num.101      ; clk        ; clk      ; None                        ; None                      ; 10.740 ns               ;
; N/A                                     ; 87.36 MHz ( period = 11.447 ns )                    ; q[0][2]    ; q[3][5]      ; clk        ; clk      ; None                        ; None                      ; 10.738 ns               ;
; N/A                                     ; 87.41 MHz ( period = 11.440 ns )                    ; q[0][0]    ; q[5][6]      ; clk        ; clk      ; None                        ; None                      ; 10.731 ns               ;
; N/A                                     ; 87.44 MHz ( period = 11.437 ns )                    ; q[0][1]    ; q[0][0]      ; clk        ; clk      ; None                        ; None                      ; 10.728 ns               ;
; N/A                                     ; 87.44 MHz ( period = 11.436 ns )                    ; q[0][5]    ; q[4][2]      ; clk        ; clk      ; None                        ; None                      ; 10.727 ns               ;
; N/A                                     ; 87.63 MHz ( period = 11.412 ns )                    ; q[0][0]    ; q[5][1]      ; clk        ; clk      ; None                        ; None                      ; 10.703 ns               ;
; Timing analysis restricted to 200 rows. ; To change the limit use Settings (Assignments menu) ;            ;              ;            ;          ;                             ;                           ;                         ;
+-----------------------------------------+-----------------------------------------------------+------------+--------------+------------+----------+-----------------------------+---------------------------+-------------------------+


+-------------------------------------------------------------------+
; tsu                                                               ;
+-------+--------------+------------+-------+------------+----------+
; Slack ; Required tsu ; Actual tsu ; From  ; To         ; To Clock ;
+-------+--------------+------------+-------+------------+----------+
; N/A   ; None         ; 1.919 ns   ; reset ; clk1       ; clk      ;
; N/A   ; None         ; -2.007 ns  ; reset ; num.111    ; clk      ;
; N/A   ; None         ; -2.007 ns  ; reset ; num.100    ; clk      ;
; N/A   ; None         ; -2.007 ns  ; reset ; num.011    ; clk      ;
; N/A   ; None         ; -2.007 ns  ; reset ; num.010    ; clk      ;
; N/A   ; None         ; -2.007 ns  ; reset ; num.000    ; clk      ;
; N/A   ; None         ; -2.007 ns  ; reset ; num.110    ; clk      ;
; N/A   ; None         ; -2.007 ns  ; reset ; num.101    ; clk      ;
; N/A   ; None         ; -2.611 ns  ; reset ; num.001    ; clk      ;
; N/A   ; None         ; -4.187 ns  ; reset ; clkCNT[23] ; clk      ;
; N/A   ; None         ; -4.190 ns  ; reset ; modeS_done ; clk      ;
+-------+--------------+------------+-------+------------+----------+


+-------------------------------------------------------------------------------+
; tco                                                                           ;
+-------+--------------+------------+-----------------+------------+------------+
; Slack ; Required tco ; Actual tco ; From            ; To         ; From Clock ;
+-------+--------------+------------+-----------------+------------+------------+
; N/A   ; None         ; 22.113 ns  ; scanout[2]~reg0 ; segout[6]  ; clk        ;
; N/A   ; None         ; 21.747 ns  ; scanout[1]~reg0 ; segout[6]  ; clk        ;
; N/A   ; None         ; 21.088 ns  ; q[0][6]         ; segout[6]  ; clk        ;
; N/A   ; None         ; 20.371 ns  ; scanout[1]~reg0 ; segout[4]  ; clk        ;
; N/A   ; None         ; 20.369 ns  ; scanout[2]~reg0 ; segout[4]  ; clk        ;
; N/A   ; None         ; 20.224 ns  ; scanout[2]~reg0 ; segout[2]  ; clk        ;
; N/A   ; None         ; 20.141 ns  ; scanout[2]~reg0 ; segout[5]  ; clk        ;
; N/A   ; None         ; 20.124 ns  ; q[3][5]         ; segout[5]  ; clk        ;
; N/A   ; None         ; 20.034 ns  ; q[5][5]         ; segout[4]  ; clk        ;
; N/A   ; None         ; 20.003 ns  ; q[3][5]         ; segout[4]  ; clk        ;
; N/A   ; None         ; 19.939 ns  ; scanout[1]~reg0 ; segout[5]  ; clk        ;
; N/A   ; None         ; 19.727 ns  ; scanout[2]~reg0 ; segout[3]  ; clk        ;
; N/A   ; None         ; 19.722 ns  ; q[5][5]         ; segout[5]  ; clk        ;
; N/A   ; None         ; 19.630 ns  ; scanout[1]~reg0 ; segout[2]  ; clk        ;
; N/A   ; None         ; 19.441 ns  ; q[1][1]         ; segout[1]  ; clk        ;
; N/A   ; None         ; 19.418 ns  ; q[6][6]         ; segout[6]  ; clk        ;
; N/A   ; None         ; 19.346 ns  ; scanout[1]~reg0 ; segout[3]  ; clk        ;
; N/A   ; None         ; 19.329 ns  ; scanout[1]~reg0 ; segout[1]  ; clk        ;
; N/A   ; None         ; 19.307 ns  ; scanout[2]~reg0 ; segout[1]  ; clk        ;
; N/A   ; None         ; 19.294 ns  ; q[7][5]         ; segout[5]  ; clk        ;
; N/A   ; None         ; 19.233 ns  ; q[1][3]         ; segout[3]  ; clk        ;
; N/A   ; None         ; 19.188 ns  ; q[2][5]         ; segout[3]  ; clk        ;
; N/A   ; None         ; 19.120 ns  ; scanout[0]~reg0 ; segout[1]  ; clk        ;
; N/A   ; None         ; 19.093 ns  ; q[2][5]         ; segout[5]  ; clk        ;
; N/A   ; None         ; 19.006 ns  ; scanout[0]~reg0 ; segout[3]  ; clk        ;
; N/A   ; None         ; 18.979 ns  ; q[2][5]         ; segout[4]  ; clk        ;
; N/A   ; None         ; 18.941 ns  ; q[7][3]         ; segout[3]  ; clk        ;
; N/A   ; None         ; 18.872 ns  ; q[3][1]         ; segout[1]  ; clk        ;
; N/A   ; None         ; 18.833 ns  ; q[6][5]         ; segout[3]  ; clk        ;
; N/A   ; None         ; 18.787 ns  ; q[2][6]         ; segout[6]  ; clk        ;
; N/A   ; None         ; 18.771 ns  ; scanout[2]~reg0 ; segout[0]  ; clk        ;
; N/A   ; None         ; 18.738 ns  ; q[6][5]         ; segout[5]  ; clk        ;
; N/A   ; None         ; 18.654 ns  ; q[7][6]         ; segout[6]  ; clk        ;
; N/A   ; None         ; 18.650 ns  ; q[3][3]         ; segout[3]  ; clk        ;
; N/A   ; None         ; 18.647 ns  ; q[1][6]         ; segout[6]  ; clk        ;
; N/A   ; None         ; 18.624 ns  ; q[6][5]         ; segout[4]  ; clk        ;
; N/A   ; None         ; 18.572 ns  ; scanout[0]~reg0 ; segout[5]  ; clk        ;
; N/A   ; None         ; 18.549 ns  ; scanout[0]~reg0 ; segout[6]  ; clk        ;
; N/A   ; None         ; 18.493 ns  ; q[5][1]         ; segout[1]  ; clk        ;
; N/A   ; None         ; 18.485 ns  ; q[7][1]         ; segout[1]  ; clk        ;
; N/A   ; None         ; 18.479 ns  ; q[3][5]         ; segout[0]  ; clk        ;
; N/A   ; None         ; 18.451 ns  ; scanout[0]~reg0 ; segout[4]  ; clk        ;
; N/A   ; None         ; 18.418 ns  ; q[0][5]         ; segout[3]  ; clk        ;
; N/A   ; None         ; 18.323 ns  ; q[0][5]         ; segout[5]  ; clk        ;
; N/A   ; None         ; 18.295 ns  ; q[7][4]         ; segout[4]  ; clk        ;
; N/A   ; None         ; 18.294 ns  ; scanout[1]~reg0 ; segout[0]  ; clk        ;
; N/A   ; None         ; 18.253 ns  ; q[0][0]         ; segout[0]  ; clk        ;
; N/A   ; None         ; 18.253 ns  ; q[5][5]         ; segout[0]  ; clk        ;
; N/A   ; None         ; 18.237 ns  ; q[1][2]         ; segout[2]  ; clk        ;
; N/A   ; None         ; 18.236 ns  ; scanout[0]~reg0 ; segout[2]  ; clk        ;
; N/A   ; None         ; 18.209 ns  ; q[0][5]         ; segout[4]  ; clk        ;
; N/A   ; None         ; 18.202 ns  ; q[6][1]         ; segout[1]  ; clk        ;
; N/A   ; None         ; 18.170 ns  ; q[1][5]         ; segout[5]  ; clk        ;
; N/A   ; None         ; 18.125 ns  ; q[5][3]         ; segout[3]  ; clk        ;
; N/A   ; None         ; 18.076 ns  ; q[0][1]         ; segout[1]  ; clk        ;
; N/A   ; None         ; 18.049 ns  ; q[1][5]         ; segout[4]  ; clk        ;
; N/A   ; None         ; 18.016 ns  ; q[3][2]         ; segout[2]  ; clk        ;
; N/A   ; None         ; 17.970 ns  ; q[4][5]         ; segout[3]  ; clk        ;
; N/A   ; None         ; 17.875 ns  ; q[4][5]         ; segout[5]  ; clk        ;
; N/A   ; None         ; 17.825 ns  ; q[7][5]         ; segout[0]  ; clk        ;
; N/A   ; None         ; 17.777 ns  ; q[7][2]         ; segout[2]  ; clk        ;
; N/A   ; None         ; 17.761 ns  ; q[4][5]         ; segout[4]  ; clk        ;
; N/A   ; None         ; 17.367 ns  ; q[5][2]         ; segout[2]  ; clk        ;
; N/A   ; None         ; 17.171 ns  ; q[4][6]         ; segout[6]  ; clk        ;
; N/A   ; None         ; 17.117 ns  ; scanout[0]~reg0 ; segout[0]  ; clk        ;
; N/A   ; None         ; 16.758 ns  ; q[0][2]         ; segout[2]  ; clk        ;
; N/A   ; None         ; 16.618 ns  ; q[2][2]         ; segout[2]  ; clk        ;
; N/A   ; None         ; 16.594 ns  ; q[4][1]         ; segout[1]  ; clk        ;
; N/A   ; None         ; 16.525 ns  ; q[1][5]         ; segout[0]  ; clk        ;
; N/A   ; None         ; 16.449 ns  ; q[5][6]         ; segout[6]  ; clk        ;
; N/A   ; None         ; 16.341 ns  ; q[2][0]         ; segout[0]  ; clk        ;
; N/A   ; None         ; 16.114 ns  ; q[4][2]         ; segout[2]  ; clk        ;
; N/A   ; None         ; 16.012 ns  ; scanout[0]~reg0 ; scanout[0] ; clk        ;
; N/A   ; None         ; 15.991 ns  ; q[4][0]         ; segout[0]  ; clk        ;
; N/A   ; None         ; 15.943 ns  ; q[2][1]         ; segout[1]  ; clk        ;
; N/A   ; None         ; 15.874 ns  ; scanout[1]~reg0 ; scanout[1] ; clk        ;
; N/A   ; None         ; 15.759 ns  ; q[6][2]         ; segout[2]  ; clk        ;
; N/A   ; None         ; 15.715 ns  ; q[3][6]         ; segout[6]  ; clk        ;
; N/A   ; None         ; 15.664 ns  ; q[6][0]         ; segout[0]  ; clk        ;
; N/A   ; None         ; 14.511 ns  ; scanout[2]~reg0 ; scanout[2] ; clk        ;
+-------+--------------+------------+-----------------+------------+------------+


+-------------------------------------------------------------------------+
; th                                                                      ;
+---------------+-------------+-----------+-------+------------+----------+
; Minimum Slack ; Required th ; Actual th ; From  ; To         ; To Clock ;
+---------------+-------------+-----------+-------+------------+----------+
; N/A           ; None        ; 4.744 ns  ; reset ; modeS_done ; clk      ;
; N/A           ; None        ; 4.741 ns  ; reset ; clkCNT[23] ; clk      ;
; N/A           ; None        ; 3.165 ns  ; reset ; num.001    ; clk      ;
; N/A           ; None        ; 2.561 ns  ; reset ; num.111    ; clk      ;
; N/A           ; None        ; 2.561 ns  ; reset ; num.100    ; clk      ;
; N/A           ; None        ; 2.561 ns  ; reset ; num.011    ; clk      ;
; N/A           ; None        ; 2.561 ns  ; reset ; num.010    ; clk      ;
; N/A           ; None        ; 2.561 ns  ; reset ; num.000    ; clk      ;
; N/A           ; None        ; 2.561 ns  ; reset ; num.110    ; clk      ;
; N/A           ; None        ; 2.561 ns  ; reset ; num.101    ; clk      ;
; N/A           ; None        ; -1.365 ns ; reset ; clk1       ; clk      ;
+---------------+-------------+-----------+-------+------------+----------+


+--------------------------+
; Timing Analyzer Messages ;
+--------------------------+
Info: *******************************************************************
Info: Running Quartus II Classic Timing Analyzer
    Info: Version 8.1 Build 163 10/28/2008 SJ Web Edition
    Info: Processing started: Mon Oct 25 10:47:58 2021
Info: Command: quartus_tan --read_settings_files=off --write_settings_files=off sevenLedPattern -c sevenLedPattern
Info: Started post-fitting delay annotation
Info: Delay annotation completed successfully
Warning: Found pins functioning as undefined clocks and/or memory enables
    Info: Assuming node "clk" is an undefined clock
Warning: Found 2 node(s) in clock paths which may be acting as ripple and/or gated clocks -- node(s) analyzed as buffer(s) resulting in clock skew
    Info: Detected ripple clock "cnt_scan[15]" as buffer
    Info: Detected ripple clock "clk1" as buffer
Info: Clock "clk" has Internal fmax of 69.96 MHz between source register "q[0][0]" and destination register "q[4][5]" (period= 14.293 ns)
    Info: + Longest register to register delay is 13.584 ns
        Info: 1: + IC(0.000 ns) + CELL(0.000 ns) = 0.000 ns; Loc. = LC_X12_Y6_N0; Fanout = 5; REG Node = 'q[0][0]'
        Info: 2: + IC(3.792 ns) + CELL(0.200 ns) = 3.992 ns; Loc. = LC_X8_Y5_N3; Fanout = 10; COMB Node = 'Equal1~71'
        Info: 3: + IC(1.864 ns) + CELL(0.200 ns) = 6.056 ns; Loc. = LC_X6_Y5_N3; Fanout = 22; COMB Node = 'q~7776'
        Info: 4: + IC(2.665 ns) + CELL(0.511 ns) = 9.232 ns; Loc. = LC_X7_Y6_N5; Fanout = 5; COMB Node = 'q[4][0]~7780'
        Info: 5: + IC(3.109 ns) + CELL(1.243 ns) = 13.584 ns; Loc. = LC_X10_Y6_N2; Fanout = 6; REG Node = 'q[4][5]'
        Info: Total cell delay = 2.154 ns ( 15.86 % )
        Info: Total interconnect delay = 11.430 ns ( 84.14 % )
    Info: - Smallest clock skew is 0.000 ns
        Info: + Shortest clock path from clock "clk" to destination register is 8.743 ns
            Info: 1: + IC(0.000 ns) + CELL(1.163 ns) = 1.163 ns; Loc. = PIN_18; Fanout = 27; CLK Node = 'clk'
            Info: 2: + IC(1.600 ns) + CELL(1.294 ns) = 4.057 ns; Loc. = LC_X9_Y4_N2; Fanout = 52; REG Node = 'clk1'
            Info: 3: + IC(3.768 ns) + CELL(0.918 ns) = 8.743 ns; Loc. = LC_X10_Y6_N2; Fanout = 6; REG Node = 'q[4][5]'
            Info: Total cell delay = 3.375 ns ( 38.60 % )
            Info: Total interconnect delay = 5.368 ns ( 61.40 % )
        Info: - Longest clock path from clock "clk" to source register is 8.743 ns
            Info: 1: + IC(0.000 ns) + CELL(1.163 ns) = 1.163 ns; Loc. = PIN_18; Fanout = 27; CLK Node = 'clk'
            Info: 2: + IC(1.600 ns) + CELL(1.294 ns) = 4.057 ns; Loc. = LC_X9_Y4_N2; Fanout = 52; REG Node = 'clk1'
            Info: 3: + IC(3.768 ns) + CELL(0.918 ns) = 8.743 ns; Loc. = LC_X12_Y6_N0; Fanout = 5; REG Node = 'q[0][0]'
            Info: Total cell delay = 3.375 ns ( 38.60 % )
            Info: Total interconnect delay = 5.368 ns ( 61.40 % )
    Info: + Micro clock to output delay of source is 0.376 ns
    Info: + Micro setup delay of destination is 0.333 ns
Info: tsu for register "clk1" (data pin = "reset", clock pin = "clk") is 1.919 ns
    Info: + Longest pin to register delay is 5.267 ns
        Info: 1: + IC(0.000 ns) + CELL(1.163 ns) = 1.163 ns; Loc. = PIN_20; Fanout = 71; PIN Node = 'reset'
        Info: 2: + IC(2.921 ns) + CELL(1.183 ns) = 5.267 ns; Loc. = LC_X9_Y4_N2; Fanout = 52; REG Node = 'clk1'
        Info: Total cell delay = 2.346 ns ( 44.54 % )
        Info: Total interconnect delay = 2.921 ns ( 55.46 % )
    Info: + Micro setup delay of destination is 0.333 ns
    Info: - Shortest clock path from clock "clk" to destination register is 3.681 ns
        Info: 1: + IC(0.000 ns) + CELL(1.163 ns) = 1.163 ns; Loc. = PIN_18; Fanout = 27; CLK Node = 'clk'
        Info: 2: + IC(1.600 ns) + CELL(0.918 ns) = 3.681 ns; Loc. = LC_X9_Y4_N2; Fanout = 52; REG Node = 'clk1'
        Info: Total cell delay = 2.081 ns ( 56.53 % )
        Info: Total interconnect delay = 1.600 ns ( 43.47 % )
Info: tco from clock "clk" to destination pin "segout[6]" through register "scanout[2]~reg0" is 22.113 ns
    Info: + Longest clock path from clock "clk" to source register is 9.813 ns
        Info: 1: + IC(0.000 ns) + CELL(1.163 ns) = 1.163 ns; Loc. = PIN_18; Fanout = 27; CLK Node = 'clk'
        Info: 2: + IC(1.600 ns) + CELL(1.294 ns) = 4.057 ns; Loc. = LC_X7_Y4_N7; Fanout = 7; REG Node = 'cnt_scan[15]'
        Info: 3: + IC(4.838 ns) + CELL(0.918 ns) = 9.813 ns; Loc. = LC_X9_Y6_N4; Fanout = 19; REG Node = 'scanout[2]~reg0'
        Info: Total cell delay = 3.375 ns ( 34.39 % )
        Info: Total interconnect delay = 6.438 ns ( 65.61 % )
    Info: + Micro clock to output delay of source is 0.376 ns
    Info: + Longest register to pin delay is 11.924 ns
        Info: 1: + IC(0.000 ns) + CELL(0.000 ns) = 0.000 ns; Loc. = LC_X9_Y6_N4; Fanout = 19; REG Node = 'scanout[2]~reg0'
        Info: 2: + IC(2.111 ns) + CELL(0.740 ns) = 2.851 ns; Loc. = LC_X5_Y6_N4; Fanout = 1; COMB Node = 'Mux0~55'
        Info: 3: + IC(0.702 ns) + CELL(0.914 ns) = 4.467 ns; Loc. = LC_X5_Y6_N0; Fanout = 1; COMB Node = 'Mux0~56'
        Info: 4: + IC(2.524 ns) + CELL(0.200 ns) = 7.191 ns; Loc. = LC_X8_Y5_N8; Fanout = 1; COMB Node = 'Mux0~57'
        Info: 5: + IC(2.411 ns) + CELL(2.322 ns) = 11.924 ns; Loc. = PIN_23; Fanout = 0; PIN Node = 'segout[6]'
        Info: Total cell delay = 4.176 ns ( 35.02 % )
        Info: Total interconnect delay = 7.748 ns ( 64.98 % )
Info: th for register "modeS_done" (data pin = "reset", clock pin = "clk") is 4.744 ns
    Info: + Longest clock path from clock "clk" to destination register is 8.743 ns
        Info: 1: + IC(0.000 ns) + CELL(1.163 ns) = 1.163 ns; Loc. = PIN_18; Fanout = 27; CLK Node = 'clk'
        Info: 2: + IC(1.600 ns) + CELL(1.294 ns) = 4.057 ns; Loc. = LC_X9_Y4_N2; Fanout = 52; REG Node = 'clk1'
        Info: 3: + IC(3.768 ns) + CELL(0.918 ns) = 8.743 ns; Loc. = LC_X10_Y4_N0; Fanout = 47; REG Node = 'modeS_done'
        Info: Total cell delay = 3.375 ns ( 38.60 % )
        Info: Total interconnect delay = 5.368 ns ( 61.40 % )
    Info: + Micro hold delay of destination is 0.221 ns
    Info: - Shortest pin to register delay is 4.220 ns
        Info: 1: + IC(0.000 ns) + CELL(1.163 ns) = 1.163 ns; Loc. = PIN_20; Fanout = 71; PIN Node = 'reset'
        Info: 2: + IC(2.466 ns) + CELL(0.591 ns) = 4.220 ns; Loc. = LC_X10_Y4_N0; Fanout = 47; REG Node = 'modeS_done'
        Info: Total cell delay = 1.754 ns ( 41.56 % )
        Info: Total interconnect delay = 2.466 ns ( 58.44 % )
Info: Quartus II Classic Timing Analyzer was successful. 0 errors, 2 warnings
    Info: Peak virtual memory: 191 megabytes
    Info: Processing ended: Mon Oct 25 10:47:59 2021
    Info: Elapsed time: 00:00:01
    Info: Total CPU time (on all processors): 00:00:01


