Fitter report for matrix8x8Rotate
Thu Nov 11 11:06:27 2021
Quartus II Version 8.1 Build 163 10/28/2008 SJ Web Edition


---------------------
; Table of Contents ;
---------------------
  1. Legal Notice
  2. Fitter Summary
  3. Fitter Settings
  4. Pin-Out File
  5. Fitter Resource Usage Summary
  6. Input Pins
  7. Output Pins
  8. I/O Bank Usage
  9. All Package Pins
 10. Output Pin Default Load For Reported TCO
 11. Fitter Resource Utilization by Entity
 12. Delay Chain Summary
 13. Control Signals
 14. Global & Other Fast Signals
 15. Non-Global High Fan-Out Signals
 16. Interconnect Usage Summary
 17. LAB Logic Elements
 18. LAB-wide Signals
 19. LAB Signals Sourced
 20. LAB Signals Sourced Out
 21. LAB Distinct Inputs
 22. Fitter Device Options
 23. Estimated Delay Added for Hold Timing
 24. Advanced Data - General
 25. Advanced Data - Placement Preparation
 26. Advanced Data - Placement
 27. Advanced Data - Routing
 28. Fitter Messages



----------------
; Legal Notice ;
----------------
Copyright (C) 1991-2008 Altera Corporation
Your use of Altera Corporation's design tools, logic functions 
and other software and tools, and its AMPP partner logic 
functions, and any output files from any of the foregoing 
(including device programming or simulation files), and any 
associated documentation or information are expressly subject 
to the terms and conditions of the Altera Program License 
Subscription Agreement, Altera MegaCore Function License 
Agreement, or other applicable license agreement, including, 
without limitation, that your use is for the sole purpose of 
programming logic devices manufactured by Altera and sold by 
Altera or its authorized distributors.  Please refer to the 
applicable agreement for further details.



+-----------------------------------------------------------------+
; Fitter Summary                                                  ;
+-----------------------+-----------------------------------------+
; Fitter Status         ; Successful - Thu Nov 11 11:06:27 2021   ;
; Quartus II Version    ; 8.1 Build 163 10/28/2008 SJ Web Edition ;
; Revision Name         ; matrix8x8Rotate                         ;
; Top-level Entity Name ; matrix8x8Rotate                         ;
; Family                ; MAX II                                  ;
; Device                ; EPM570T144C5                            ;
; Timing Models         ; Final                                   ;
; Total logic elements  ; 348 / 570 ( 61 % )                      ;
; Total pins            ; 13 / 116 ( 11 % )                       ;
; Total virtual pins    ; 0                                       ;
; UFM blocks            ; 0 / 1 ( 0 % )                           ;
+-----------------------+-----------------------------------------+


+--------------------------------------------------------------------------------------------------------------------------------------+
; Fitter Settings                                                                                                                      ;
+--------------------------------------------------------------------+--------------------------------+--------------------------------+
; Option                                                             ; Setting                        ; Default Value                  ;
+--------------------------------------------------------------------+--------------------------------+--------------------------------+
; Device                                                             ; EPM570T144C5                   ;                                ;
; Minimum Core Junction Temperature                                  ; 0                              ;                                ;
; Maximum Core Junction Temperature                                  ; 85                             ;                                ;
; Fit Attempts to Skip                                               ; 0                              ; 0.0                            ;
; Device I/O Standard                                                ; 3.3-V LVTTL                    ;                                ;
; Use smart compilation                                              ; Off                            ; Off                            ;
; Use TimeQuest Timing Analyzer                                      ; Off                            ; Off                            ;
; Router Timing Optimization Level                                   ; Normal                         ; Normal                         ;
; Placement Effort Multiplier                                        ; 1.0                            ; 1.0                            ;
; Router Effort Multiplier                                           ; 1.0                            ; 1.0                            ;
; Always Enable Input Buffers                                        ; Off                            ; Off                            ;
; Optimize Hold Timing                                               ; IO Paths and Minimum TPD Paths ; IO Paths and Minimum TPD Paths ;
; Optimize Multi-Corner Timing                                       ; Off                            ; Off                            ;
; Guarantee I/O Paths Have Zero Hold Time at Fast Corner             ; On                             ; On                             ;
; PowerPlay Power Optimization                                       ; Normal compilation             ; Normal compilation             ;
; Optimize Timing                                                    ; Normal compilation             ; Normal compilation             ;
; Optimize Timing for ECOs                                           ; Off                            ; Off                            ;
; Regenerate full fit report during ECO compiles                     ; Off                            ; Off                            ;
; Optimize IOC Register Placement for Timing                         ; On                             ; On                             ;
; Limit to One Fitting Attempt                                       ; Off                            ; Off                            ;
; Final Placement Optimizations                                      ; Automatically                  ; Automatically                  ;
; Fitter Aggressive Routability Optimizations                        ; Automatically                  ; Automatically                  ;
; Fitter Initial Placement Seed                                      ; 1                              ; 1                              ;
; Slow Slew Rate                                                     ; Off                            ; Off                            ;
; PCI I/O                                                            ; Off                            ; Off                            ;
; Weak Pull-Up Resistor                                              ; Off                            ; Off                            ;
; Enable Bus-Hold Circuitry                                          ; Off                            ; Off                            ;
; Auto Delay Chains                                                  ; On                             ; On                             ;
; Perform Physical Synthesis for Combinational Logic for Performance ; Off                            ; Off                            ;
; Perform Register Duplication for Performance                       ; Off                            ; Off                            ;
; Perform Register Retiming for Performance                          ; Off                            ; Off                            ;
; Perform Asynchronous Signal Pipelining                             ; Off                            ; Off                            ;
; Fitter Effort                                                      ; Auto Fit                       ; Auto Fit                       ;
; Physical Synthesis Effort Level                                    ; Normal                         ; Normal                         ;
; Logic Cell Insertion - Logic Duplication                           ; Auto                           ; Auto                           ;
; Auto Register Duplication                                          ; Auto                           ; Auto                           ;
; Auto Global Clock                                                  ; On                             ; On                             ;
; Auto Global Register Control Signals                               ; On                             ; On                             ;
; Stop After Congestion Map Generation                               ; Off                            ; Off                            ;
; Save Intermediate Fitting Results                                  ; Off                            ; Off                            ;
+--------------------------------------------------------------------+--------------------------------+--------------------------------+


+--------------+
; Pin-Out File ;
+--------------+
The pin-out file can be found in F:/shapaOuO/homework3_matrix8x8Rotate/matrix8x8Rotate.pin.


+------------------------------------------------------------------+
; Fitter Resource Usage Summary                                    ;
+---------------------------------------------+--------------------+
; Resource                                    ; Usage              ;
+---------------------------------------------+--------------------+
; Total logic elements                        ; 348 / 570 ( 61 % ) ;
;     -- Combinational with no register       ; 235                ;
;     -- Register only                        ; 0                  ;
;     -- Combinational with a register        ; 113                ;
;                                             ;                    ;
; Logic element usage by number of LUT inputs ;                    ;
;     -- 4 input functions                    ; 223                ;
;     -- 3 input functions                    ; 52                 ;
;     -- 2 input functions                    ; 66                 ;
;     -- 1 input functions                    ; 7                  ;
;     -- 0 input functions                    ; 0                  ;
;                                             ;                    ;
; Logic elements by mode                      ;                    ;
;     -- normal mode                          ; 323                ;
;     -- arithmetic mode                      ; 25                 ;
;     -- qfbk mode                            ; 5                  ;
;     -- register cascade mode                ; 0                  ;
;     -- synchronous clear/load mode          ; 35                 ;
;     -- asynchronous clear/load mode         ; 112                ;
;                                             ;                    ;
; Total registers                             ; 113 / 570 ( 20 % ) ;
; Total LABs                                  ; 41 / 57 ( 72 % )   ;
; Logic elements in carry chains              ; 26                 ;
; User inserted logic elements                ; 0                  ;
; Virtual pins                                ; 0                  ;
; I/O pins                                    ; 13 / 116 ( 11 % )  ;
;     -- Clock pins                           ; 2                  ;
; Global signals                              ; 3                  ;
; UFM blocks                                  ; 0 / 1 ( 0 % )      ;
; Global clocks                               ; 3 / 4 ( 75 % )     ;
; JTAGs                                       ; 0 / 1 ( 0 % )      ;
; Average interconnect usage (total/H/V)      ; 32% / 40% / 23%    ;
; Peak interconnect usage (total/H/V)         ; 32% / 40% / 23%    ;
; Maximum fan-out node                        ; reset              ;
; Maximum fan-out                             ; 113                ;
; Highest non-global fan-out signal           ; Mode.111           ;
; Highest non-global fan-out                  ; 71                 ;
; Total fan-out                               ; 1548               ;
; Average fan-out                             ; 4.29               ;
+---------------------------------------------+--------------------+


+--------------------------------------------------------------------------------------------------------------------------------------------------------------------------------------------------------------+
; Input Pins                                                                                                                                                                                                   ;
+-------+-------+----------+--------------+--------------+-------------+-----------------------+--------------------+--------+-----------------+----------+--------------+--------------+----------------------+
; Name  ; Pin # ; I/O Bank ; X coordinate ; Y coordinate ; Cell number ; Combinational Fan-Out ; Registered Fan-Out ; Global ; PCI I/O Enabled ; Bus Hold ; Weak Pull Up ; I/O Standard ; Location assigned by ;
+-------+-------+----------+--------------+--------------+-------------+-----------------------+--------------------+--------+-----------------+----------+--------------+--------------+----------------------+
; clk   ; 18    ; 1        ; 0            ; 5            ; 0           ; 27                    ; 0                  ; yes    ; no              ; no       ; Off          ; 3.3-V LVTTL  ; User                 ;
; reset ; 89    ; 2        ; 13           ; 4            ; 4           ; 113                   ; 0                  ; yes    ; no              ; no       ; Off          ; 3.3-V LVTTL  ; User                 ;
+-------+-------+----------+--------------+--------------+-------------+-----------------------+--------------------+--------+-----------------+----------+--------------+--------------+----------------------+


+---------------------------------------------------------------------------------------------------------------------------------------------------------------------------------------------------------------------------------------------------------------------------------+
; Output Pins                                                                                                                                                                                                                                                                     ;
+------------+-------+----------+--------------+--------------+-------------+-----------------+----------------+-----------------+------------+---------------+----------+--------------+--------------+------------------+------------------------+----------------------+-------+
; Name       ; Pin # ; I/O Bank ; X coordinate ; Y coordinate ; Cell number ; Output Register ; Slow Slew Rate ; PCI I/O Enabled ; Open Drain ; TRI Primitive ; Bus Hold ; Weak Pull Up ; I/O Standard ; Current Strength ; Fast Output Connection ; Location assigned by ; Load  ;
+------------+-------+----------+--------------+--------------+-------------+-----------------+----------------+-----------------+------------+---------------+----------+--------------+--------------+------------------+------------------------+----------------------+-------+
; scanout[0] ; 12    ; 1        ; 0            ; 6            ; 2           ; no              ; no             ; no              ; no         ; no            ; no       ; Off          ; 3.3-V LVTTL  ; 16mA             ; no                     ; User                 ; 10 pF ;
; scanout[1] ; 13    ; 1        ; 0            ; 6            ; 3           ; no              ; no             ; no              ; no         ; no            ; no       ; Off          ; 3.3-V LVTTL  ; 16mA             ; no                     ; User                 ; 10 pF ;
; scanout[2] ; 14    ; 1        ; 0            ; 6            ; 4           ; no              ; no             ; no              ; no         ; no            ; no       ; Off          ; 3.3-V LVTTL  ; 16mA             ; no                     ; User                 ; 10 pF ;
; segout[0]  ; 143   ; 2        ; 3            ; 8            ; 3           ; no              ; no             ; no              ; no         ; no            ; no       ; Off          ; 3.3-V LVTTL  ; 16mA             ; no                     ; User                 ; 10 pF ;
; segout[1]  ; 3     ; 1        ; 1            ; 8            ; 2           ; no              ; no             ; no              ; no         ; no            ; no       ; Off          ; 3.3-V LVTTL  ; 16mA             ; no                     ; User                 ; 10 pF ;
; segout[2]  ; 4     ; 1        ; 0            ; 7            ; 0           ; no              ; no             ; no              ; no         ; no            ; no       ; Off          ; 3.3-V LVTTL  ; 16mA             ; no                     ; User                 ; 10 pF ;
; segout[3]  ; 5     ; 1        ; 0            ; 7            ; 2           ; no              ; no             ; no              ; no         ; no            ; no       ; Off          ; 3.3-V LVTTL  ; 16mA             ; no                     ; User                 ; 10 pF ;
; segout[4]  ; 6     ; 1        ; 0            ; 7            ; 3           ; no              ; no             ; no              ; no         ; no            ; no       ; Off          ; 3.3-V LVTTL  ; 16mA             ; no                     ; User                 ; 10 pF ;
; segout[5]  ; 7     ; 1        ; 0            ; 7            ; 4           ; no              ; no             ; no              ; no         ; no            ; no       ; Off          ; 3.3-V LVTTL  ; 16mA             ; no                     ; User                 ; 10 pF ;
; segout[6]  ; 8     ; 1        ; 0            ; 7            ; 5           ; no              ; no             ; no              ; no         ; no            ; no       ; Off          ; 3.3-V LVTTL  ; 16mA             ; no                     ; User                 ; 10 pF ;
; segout[7]  ; 11    ; 1        ; 0            ; 6            ; 1           ; no              ; no             ; no              ; no         ; no            ; no       ; Off          ; 3.3-V LVTTL  ; 16mA             ; no                     ; User                 ; 10 pF ;
+------------+-------+----------+--------------+--------------+-------------+-----------------+----------------+-----------------+------------+---------------+----------+--------------+--------------+------------------+------------------------+----------------------+-------+


+------------------------------------------------------------+
; I/O Bank Usage                                             ;
+----------+------------------+---------------+--------------+
; I/O Bank ; Usage            ; VCCIO Voltage ; VREF Voltage ;
+----------+------------------+---------------+--------------+
; 1        ; 11 / 56 ( 20 % ) ; 3.3V          ; --           ;
; 2        ; 2 / 60 ( 3 % )   ; 3.3V          ; --           ;
+----------+------------------+---------------+--------------+


+------------------------------------------------------------------------------------------------------------------------------------------------+
; All Package Pins                                                                                                                               ;
+----------+------------+----------+----------------+--------+--------------+-----------+------------+-----------------+----------+--------------+
; Location ; Pad Number ; I/O Bank ; Pin Name/Usage ; Dir.   ; I/O Standard ; Voltage   ; I/O Type   ; User Assignment ; Bus Hold ; Weak Pull Up ;
+----------+------------+----------+----------------+--------+--------------+-----------+------------+-----------------+----------+--------------+
; 1        ; 1          ; 1        ; RESERVED_INPUT ;        ;              ;           ; Column I/O ;                 ; no       ; Off          ;
; 2        ; 2          ; 1        ; RESERVED_INPUT ;        ;              ;           ; Column I/O ;                 ; no       ; Off          ;
; 3        ; 4          ; 1        ; segout[1]      ; output ; 3.3-V LVTTL  ;           ; Column I/O ; Y               ; no       ; Off          ;
; 4        ; 6          ; 1        ; segout[2]      ; output ; 3.3-V LVTTL  ;           ; Row I/O    ; Y               ; no       ; Off          ;
; 5        ; 8          ; 1        ; segout[3]      ; output ; 3.3-V LVTTL  ;           ; Row I/O    ; Y               ; no       ; Off          ;
; 6        ; 9          ; 1        ; segout[4]      ; output ; 3.3-V LVTTL  ;           ; Row I/O    ; Y               ; no       ; Off          ;
; 7        ; 10         ; 1        ; segout[5]      ; output ; 3.3-V LVTTL  ;           ; Row I/O    ; Y               ; no       ; Off          ;
; 8        ; 11         ; 1        ; segout[6]      ; output ; 3.3-V LVTTL  ;           ; Row I/O    ; Y               ; no       ; Off          ;
; 9        ;            ; 1        ; VCCIO1         ; power  ;              ; 3.3V      ; --         ;                 ; --       ; --           ;
; 10       ;            ;          ; GNDIO          ; gnd    ;              ;           ; --         ;                 ; --       ; --           ;
; 11       ; 14         ; 1        ; segout[7]      ; output ; 3.3-V LVTTL  ;           ; Row I/O    ; Y               ; no       ; Off          ;
; 12       ; 15         ; 1        ; scanout[0]     ; output ; 3.3-V LVTTL  ;           ; Row I/O    ; Y               ; no       ; Off          ;
; 13       ; 16         ; 1        ; scanout[1]     ; output ; 3.3-V LVTTL  ;           ; Row I/O    ; Y               ; no       ; Off          ;
; 14       ; 17         ; 1        ; scanout[2]     ; output ; 3.3-V LVTTL  ;           ; Row I/O    ; Y               ; no       ; Off          ;
; 15       ; 18         ; 1        ; RESERVED_INPUT ;        ;              ;           ; Row I/O    ;                 ; no       ; Off          ;
; 16       ; 19         ; 1        ; RESERVED_INPUT ;        ;              ;           ; Row I/O    ;                 ; no       ; Off          ;
; 17       ;            ;          ; GNDINT         ; gnd    ;              ;           ; --         ;                 ; --       ; --           ;
; 18       ; 20         ; 1        ; clk            ; input  ; 3.3-V LVTTL  ;           ; Row I/O    ; Y               ; no       ; Off          ;
; 19       ;            ;          ; VCCINT         ; power  ;              ; 2.5V/3.3V ; --         ;                 ; --       ; --           ;
; 20       ; 21         ; 1        ; RESERVED_INPUT ;        ;              ;           ; Row I/O    ;                 ; no       ; Off          ;
; 21       ; 22         ; 1        ; RESERVED_INPUT ;        ;              ;           ; Row I/O    ;                 ; no       ; Off          ;
; 22       ; 23         ; 1        ; RESERVED_INPUT ;        ;              ;           ; Row I/O    ;                 ; no       ; Off          ;
; 23       ; 24         ; 1        ; RESERVED_INPUT ;        ;              ;           ; Row I/O    ;                 ; no       ; Off          ;
; 24       ; 25         ; 1        ; RESERVED_INPUT ;        ;              ;           ; Row I/O    ;                 ; no       ; Off          ;
; 25       ;            ; 1        ; VCCIO1         ; power  ;              ; 3.3V      ; --         ;                 ; --       ; --           ;
; 26       ;            ;          ; GNDIO          ; gnd    ;              ;           ; --         ;                 ; --       ; --           ;
; 27       ; 27         ; 1        ; RESERVED_INPUT ;        ;              ;           ; Row I/O    ;                 ; no       ; Off          ;
; 28       ; 29         ; 1        ; RESERVED_INPUT ;        ;              ;           ; Row I/O    ;                 ; no       ; Off          ;
; 29       ; 30         ; 1        ; RESERVED_INPUT ;        ;              ;           ; Row I/O    ;                 ; no       ; Off          ;
; 30       ; 32         ; 1        ; RESERVED_INPUT ;        ;              ;           ; Row I/O    ;                 ; no       ; Off          ;
; 31       ; 34         ; 1        ; RESERVED_INPUT ;        ;              ;           ; Column I/O ;                 ; no       ; Off          ;
; 32       ; 36         ; 1        ; RESERVED_INPUT ;        ;              ;           ; Column I/O ;                 ; no       ; Off          ;
; 33       ; 38         ; 1        ; #TMS           ; input  ;              ;           ; --         ;                 ; --       ; --           ;
; 34       ; 39         ; 1        ; #TDI           ; input  ;              ;           ; --         ;                 ; --       ; --           ;
; 35       ; 40         ; 1        ; #TCK           ; input  ;              ;           ; --         ;                 ; --       ; --           ;
; 36       ; 41         ; 1        ; #TDO           ; output ;              ;           ; --         ;                 ; --       ; --           ;
; 37       ; 42         ; 1        ; RESERVED_INPUT ;        ;              ;           ; Column I/O ;                 ; no       ; Off          ;
; 38       ; 43         ; 1        ; RESERVED_INPUT ;        ;              ;           ; Column I/O ;                 ; no       ; Off          ;
; 39       ; 45         ; 1        ; RESERVED_INPUT ;        ;              ;           ; Column I/O ;                 ; no       ; Off          ;
; 40       ; 47         ; 1        ; RESERVED_INPUT ;        ;              ;           ; Column I/O ;                 ; no       ; Off          ;
; 41       ; 48         ; 1        ; RESERVED_INPUT ;        ;              ;           ; Column I/O ;                 ; no       ; Off          ;
; 42       ; 50         ; 1        ; RESERVED_INPUT ;        ;              ;           ; Column I/O ;                 ; no       ; Off          ;
; 43       ; 51         ; 1        ; RESERVED_INPUT ;        ;              ;           ; Column I/O ;                 ; no       ; Off          ;
; 44       ; 52         ; 1        ; RESERVED_INPUT ;        ;              ;           ; Column I/O ;                 ; no       ; Off          ;
; 45       ; 55         ; 1        ; RESERVED_INPUT ;        ;              ;           ; Column I/O ;                 ; no       ; Off          ;
; 46       ;            ; 1        ; VCCIO1         ; power  ;              ; 3.3V      ; --         ;                 ; --       ; --           ;
; 47       ;            ;          ; GNDIO          ; gnd    ;              ;           ; --         ;                 ; --       ; --           ;
; 48       ; 56         ; 1        ; RESERVED_INPUT ;        ;              ;           ; Column I/O ;                 ; no       ; Off          ;
; 49       ; 57         ; 1        ; RESERVED_INPUT ;        ;              ;           ; Column I/O ;                 ; no       ; Off          ;
; 50       ; 58         ; 1        ; RESERVED_INPUT ;        ;              ;           ; Column I/O ;                 ; no       ; Off          ;
; 51       ; 59         ; 1        ; RESERVED_INPUT ;        ;              ;           ; Column I/O ;                 ; no       ; Off          ;
; 52       ; 60         ; 1        ; RESERVED_INPUT ;        ;              ;           ; Column I/O ;                 ; no       ; Off          ;
; 53       ; 61         ; 1        ; RESERVED_INPUT ;        ;              ;           ; Column I/O ;                 ; no       ; Off          ;
; 54       ;            ;          ; GNDINT         ; gnd    ;              ;           ; --         ;                 ; --       ; --           ;
; 55       ; 62         ; 1        ; RESERVED_INPUT ;        ;              ;           ; Column I/O ;                 ; no       ; Off          ;
; 56       ;            ;          ; VCCINT         ; power  ;              ; 2.5V/3.3V ; --         ;                 ; --       ; --           ;
; 57       ; 63         ; 1        ; RESERVED_INPUT ;        ;              ;           ; Column I/O ;                 ; no       ; Off          ;
; 58       ; 64         ; 1        ; RESERVED_INPUT ;        ;              ;           ; Column I/O ;                 ; no       ; Off          ;
; 59       ; 65         ; 1        ; RESERVED_INPUT ;        ;              ;           ; Column I/O ;                 ; no       ; Off          ;
; 60       ; 66         ; 1        ; RESERVED_INPUT ;        ;              ;           ; Column I/O ;                 ; no       ; Off          ;
; 61       ; 67         ; 1        ; RESERVED_INPUT ;        ;              ;           ; Column I/O ;                 ; no       ; Off          ;
; 62       ; 68         ; 1        ; RESERVED_INPUT ;        ;              ;           ; Column I/O ;                 ; no       ; Off          ;
; 63       ; 69         ; 1        ; RESERVED_INPUT ;        ;              ;           ; Column I/O ;                 ; no       ; Off          ;
; 64       ;            ; 1        ; VCCIO1         ; power  ;              ; 3.3V      ; --         ;                 ; --       ; --           ;
; 65       ;            ;          ; GNDIO          ; gnd    ;              ;           ; --         ;                 ; --       ; --           ;
; 66       ; 71         ; 1        ; RESERVED_INPUT ;        ;              ;           ; Column I/O ;                 ; no       ; Off          ;
; 67       ; 72         ; 1        ; RESERVED_INPUT ;        ;              ;           ; Column I/O ;                 ; no       ; Off          ;
; 68       ; 73         ; 1        ; RESERVED_INPUT ;        ;              ;           ; Column I/O ;                 ; no       ; Off          ;
; 69       ; 75         ; 1        ; RESERVED_INPUT ;        ;              ;           ; Column I/O ;                 ; no       ; Off          ;
; 70       ; 76         ; 1        ; RESERVED_INPUT ;        ;              ;           ; Column I/O ;                 ; no       ; Off          ;
; 71       ; 79         ; 1        ; RESERVED_INPUT ;        ;              ;           ; Column I/O ;                 ; no       ; Off          ;
; 72       ; 81         ; 1        ; RESERVED_INPUT ;        ;              ;           ; Column I/O ;                 ; no       ; Off          ;
; 73       ; 82         ; 2        ; RESERVED_INPUT ;        ;              ;           ; Row I/O    ;                 ; no       ; Off          ;
; 74       ; 83         ; 2        ; RESERVED_INPUT ;        ;              ;           ; Row I/O    ;                 ; no       ; Off          ;
; 75       ; 84         ; 2        ; RESERVED_INPUT ;        ;              ;           ; Row I/O    ;                 ; no       ; Off          ;
; 76       ; 86         ; 2        ; RESERVED_INPUT ;        ;              ;           ; Row I/O    ;                 ; no       ; Off          ;
; 77       ; 89         ; 2        ; RESERVED_INPUT ;        ;              ;           ; Row I/O    ;                 ; no       ; Off          ;
; 78       ; 91         ; 2        ; RESERVED_INPUT ;        ;              ;           ; Row I/O    ;                 ; no       ; Off          ;
; 79       ; 92         ; 2        ; RESERVED_INPUT ;        ;              ;           ; Row I/O    ;                 ; no       ; Off          ;
; 80       ; 93         ; 2        ; RESERVED_INPUT ;        ;              ;           ; Row I/O    ;                 ; no       ; Off          ;
; 81       ; 94         ; 2        ; RESERVED_INPUT ;        ;              ;           ; Row I/O    ;                 ; no       ; Off          ;
; 82       ;            ; 2        ; VCCIO2         ; power  ;              ; 3.3V      ; --         ;                 ; --       ; --           ;
; 83       ;            ;          ; GNDIO          ; gnd    ;              ;           ; --         ;                 ; --       ; --           ;
; 84       ; 96         ; 2        ; RESERVED_INPUT ;        ;              ;           ; Row I/O    ;                 ; no       ; Off          ;
; 85       ; 97         ; 2        ; RESERVED_INPUT ;        ;              ;           ; Row I/O    ;                 ; no       ; Off          ;
; 86       ; 98         ; 2        ; RESERVED_INPUT ;        ;              ;           ; Row I/O    ;                 ; no       ; Off          ;
; 87       ; 99         ; 2        ; RESERVED_INPUT ;        ;              ;           ; Row I/O    ;                 ; no       ; Off          ;
; 88       ; 100        ; 2        ; RESERVED_INPUT ;        ;              ;           ; Row I/O    ;                 ; no       ; Off          ;
; 89       ; 101        ; 2        ; reset          ; input  ; 3.3-V LVTTL  ;           ; Row I/O    ; Y               ; no       ; Off          ;
; 90       ;            ;          ; VCCINT         ; power  ;              ; 2.5V/3.3V ; --         ;                 ; --       ; --           ;
; 91       ; 102        ; 2        ; RESERVED_INPUT ;        ;              ;           ; Row I/O    ;                 ; no       ; Off          ;
; 92       ;            ;          ; GNDINT         ; gnd    ;              ;           ; --         ;                 ; --       ; --           ;
; 93       ; 103        ; 2        ; RESERVED_INPUT ;        ;              ;           ; Row I/O    ;                 ; no       ; Off          ;
; 94       ; 104        ; 2        ; RESERVED_INPUT ;        ;              ;           ; Row I/O    ;                 ; no       ; Off          ;
; 95       ; 105        ; 2        ; RESERVED_INPUT ;        ;              ;           ; Row I/O    ;                 ; no       ; Off          ;
; 96       ; 106        ; 2        ; RESERVED_INPUT ;        ;              ;           ; Row I/O    ;                 ; no       ; Off          ;
; 97       ; 107        ; 2        ; RESERVED_INPUT ;        ;              ;           ; Row I/O    ;                 ; no       ; Off          ;
; 98       ; 108        ; 2        ; RESERVED_INPUT ;        ;              ;           ; Row I/O    ;                 ; no       ; Off          ;
; 99       ;            ;          ; GNDIO          ; gnd    ;              ;           ; --         ;                 ; --       ; --           ;
; 100      ;            ; 2        ; VCCIO2         ; power  ;              ; 3.3V      ; --         ;                 ; --       ; --           ;
; 101      ; 109        ; 2        ; RESERVED_INPUT ;        ;              ;           ; Row I/O    ;                 ; no       ; Off          ;
; 102      ; 111        ; 2        ; RESERVED_INPUT ;        ;              ;           ; Row I/O    ;                 ; no       ; Off          ;
; 103      ; 112        ; 2        ; RESERVED_INPUT ;        ;              ;           ; Row I/O    ;                 ; no       ; Off          ;
; 104      ; 115        ; 2        ; RESERVED_INPUT ;        ;              ;           ; Row I/O    ;                 ; no       ; Off          ;
; 105      ; 116        ; 2        ; RESERVED_INPUT ;        ;              ;           ; Row I/O    ;                 ; no       ; Off          ;
; 106      ; 118        ; 2        ; RESERVED_INPUT ;        ;              ;           ; Row I/O    ;                 ; no       ; Off          ;
; 107      ; 120        ; 2        ; RESERVED_INPUT ;        ;              ;           ; Row I/O    ;                 ; no       ; Off          ;
; 108      ; 122        ; 2        ; RESERVED_INPUT ;        ;              ;           ; Row I/O    ;                 ; no       ; Off          ;
; 109      ; 125        ; 2        ; RESERVED_INPUT ;        ;              ;           ; Column I/O ;                 ; no       ; Off          ;
; 110      ; 126        ; 2        ; RESERVED_INPUT ;        ;              ;           ; Column I/O ;                 ; no       ; Off          ;
; 111      ; 127        ; 2        ; RESERVED_INPUT ;        ;              ;           ; Column I/O ;                 ; no       ; Off          ;
; 112      ; 129        ; 2        ; RESERVED_INPUT ;        ;              ;           ; Column I/O ;                 ; no       ; Off          ;
; 113      ; 131        ; 2        ; RESERVED_INPUT ;        ;              ;           ; Column I/O ;                 ; no       ; Off          ;
; 114      ; 133        ; 2        ; RESERVED_INPUT ;        ;              ;           ; Column I/O ;                 ; no       ; Off          ;
; 115      ;            ;          ; GNDIO          ; gnd    ;              ;           ; --         ;                 ; --       ; --           ;
; 116      ;            ; 2        ; VCCIO2         ; power  ;              ; 3.3V      ; --         ;                 ; --       ; --           ;
; 117      ; 135        ; 2        ; RESERVED_INPUT ;        ;              ;           ; Column I/O ;                 ; no       ; Off          ;
; 118      ; 136        ; 2        ; RESERVED_INPUT ;        ;              ;           ; Column I/O ;                 ; no       ; Off          ;
; 119      ; 137        ; 2        ; RESERVED_INPUT ;        ;              ;           ; Column I/O ;                 ; no       ; Off          ;
; 120      ; 138        ; 2        ; RESERVED_INPUT ;        ;              ;           ; Column I/O ;                 ; no       ; Off          ;
; 121      ; 139        ; 2        ; RESERVED_INPUT ;        ;              ;           ; Column I/O ;                 ; no       ; Off          ;
; 122      ; 140        ; 2        ; RESERVED_INPUT ;        ;              ;           ; Column I/O ;                 ; no       ; Off          ;
; 123      ; 141        ; 2        ; RESERVED_INPUT ;        ;              ;           ; Column I/O ;                 ; no       ; Off          ;
; 124      ; 142        ; 2        ; RESERVED_INPUT ;        ;              ;           ; Column I/O ;                 ; no       ; Off          ;
; 125      ; 143        ; 2        ; RESERVED_INPUT ;        ;              ;           ; Column I/O ;                 ; no       ; Off          ;
; 126      ;            ;          ; VCCINT         ; power  ;              ; 2.5V/3.3V ; --         ;                 ; --       ; --           ;
; 127      ; 144        ; 2        ; RESERVED_INPUT ;        ;              ;           ; Column I/O ;                 ; no       ; Off          ;
; 128      ;            ;          ; GNDINT         ; gnd    ;              ;           ; --         ;                 ; --       ; --           ;
; 129      ; 145        ; 2        ; RESERVED_INPUT ;        ;              ;           ; Column I/O ;                 ; no       ; Off          ;
; 130      ; 146        ; 2        ; RESERVED_INPUT ;        ;              ;           ; Column I/O ;                 ; no       ; Off          ;
; 131      ; 147        ; 2        ; RESERVED_INPUT ;        ;              ;           ; Column I/O ;                 ; no       ; Off          ;
; 132      ; 148        ; 2        ; RESERVED_INPUT ;        ;              ;           ; Column I/O ;                 ; no       ; Off          ;
; 133      ; 149        ; 2        ; RESERVED_INPUT ;        ;              ;           ; Column I/O ;                 ; no       ; Off          ;
; 134      ; 150        ; 2        ; RESERVED_INPUT ;        ;              ;           ; Column I/O ;                 ; no       ; Off          ;
; 135      ;            ;          ; GNDIO          ; gnd    ;              ;           ; --         ;                 ; --       ; --           ;
; 136      ;            ; 2        ; VCCIO2         ; power  ;              ; 3.3V      ; --         ;                 ; --       ; --           ;
; 137      ; 151        ; 2        ; RESERVED_INPUT ;        ;              ;           ; Column I/O ;                 ; no       ; Off          ;
; 138      ; 152        ; 2        ; RESERVED_INPUT ;        ;              ;           ; Column I/O ;                 ; no       ; Off          ;
; 139      ; 153        ; 2        ; RESERVED_INPUT ;        ;              ;           ; Column I/O ;                 ; no       ; Off          ;
; 140      ; 155        ; 2        ; RESERVED_INPUT ;        ;              ;           ; Column I/O ;                 ; no       ; Off          ;
; 141      ; 156        ; 2        ; RESERVED_INPUT ;        ;              ;           ; Column I/O ;                 ; no       ; Off          ;
; 142      ; 158        ; 2        ; RESERVED_INPUT ;        ;              ;           ; Column I/O ;                 ; no       ; Off          ;
; 143      ; 161        ; 2        ; segout[0]      ; output ; 3.3-V LVTTL  ;           ; Column I/O ; Y               ; no       ; Off          ;
; 144      ; 163        ; 2        ; RESERVED_INPUT ;        ;              ;           ; Column I/O ;                 ; no       ; Off          ;
+----------+------------+----------+----------------+--------+--------------+-----------+------------+-----------------+----------+--------------+
Note: Pin directions (input, output or bidir) are based on device operating in user mode.


+-------------------------------------------------------------+
; Output Pin Default Load For Reported TCO                    ;
+----------------------------+-------+------------------------+
; I/O Standard               ; Load  ; Termination Resistance ;
+----------------------------+-------+------------------------+
; 3.3-V LVTTL                ; 10 pF ; Not Available          ;
; 3.3-V LVCMOS               ; 10 pF ; Not Available          ;
; 2.5 V                      ; 10 pF ; Not Available          ;
; 1.8 V                      ; 10 pF ; Not Available          ;
; 1.5 V                      ; 10 pF ; Not Available          ;
; 3.3V Schmitt Trigger Input ; 10 pF ; Not Available          ;
; 2.5V Schmitt Trigger Input ; 10 pF ; Not Available          ;
+----------------------------+-------+------------------------+
Note: User assignments will override these defaults. The user specified values are listed in the Output Pins and Bidir Pins tables.


+----------------------------------------------------------------------------------------------------------------------------------------------------------------------------------------------------------------------+
; Fitter Resource Utilization by Entity                                                                                                                                                                                ;
+----------------------------+-------------+--------------+------------+------+--------------+--------------+-------------------+------------------+-----------------+------------+---------------------+--------------+
; Compilation Hierarchy Node ; Logic Cells ; LC Registers ; UFM Blocks ; Pins ; Virtual Pins ; LUT-Only LCs ; Register-Only LCs ; LUT/Register LCs ; Carry Chain LCs ; Packed LCs ; Full Hierarchy Name ; Library Name ;
+----------------------------+-------------+--------------+------------+------+--------------+--------------+-------------------+------------------+-----------------+------------+---------------------+--------------+
; |matrix8x8Rotate           ; 348 (348)   ; 113          ; 0          ; 13   ; 0            ; 235 (235)    ; 0 (0)             ; 113 (113)        ; 26 (26)         ; 5 (5)      ; |matrix8x8Rotate    ; work         ;
+----------------------------+-------------+--------------+------------+------+--------------+--------------+-------------------+------------------+-----------------+------------+---------------------+--------------+
Note: For table entries with two numbers listed, the numbers in parentheses indicate the number of resources of the given type used by the specific entity alone. The numbers listed outside of parentheses indicate the total resources of the given type used by the specific entity and all of its sub-entities in the hierarchy.


+---------------------------------------+
; Delay Chain Summary                   ;
+------------+----------+---------------+
; Name       ; Pin Type ; Pad to Core 0 ;
+------------+----------+---------------+
; reset      ; Input    ; 0             ;
; clk        ; Input    ; 0             ;
; segout[0]  ; Output   ; --            ;
; segout[1]  ; Output   ; --            ;
; segout[2]  ; Output   ; --            ;
; segout[3]  ; Output   ; --            ;
; segout[4]  ; Output   ; --            ;
; segout[5]  ; Output   ; --            ;
; segout[6]  ; Output   ; --            ;
; segout[7]  ; Output   ; --            ;
; scanout[0] ; Output   ; --            ;
; scanout[1] ; Output   ; --            ;
; scanout[2] ; Output   ; --            ;
+------------+----------+---------------+


+-----------------------------------------------------------------------------------------------------------------------+
; Control Signals                                                                                                       ;
+------------------+-------------+---------+-------------------------+--------+----------------------+------------------+
; Name             ; Location    ; Fan-Out ; Usage                   ; Global ; Global Resource Used ; Global Line Name ;
+------------------+-------------+---------+-------------------------+--------+----------------------+------------------+
; Equal0~371       ; LC_X8_Y5_N5 ; 27      ; Sync. clear             ; no     ; --                   ; --               ;
; Mode.100         ; LC_X2_Y7_N4 ; 33      ; Clock enable            ; no     ; --                   ; --               ;
; Mode.111         ; LC_X5_Y7_N9 ; 71      ; Sync. clear, Sync. load ; no     ; --                   ; --               ;
; Selector98~2193  ; LC_X4_Y5_N6 ; 4       ; Clock enable            ; no     ; --                   ; --               ;
; clk              ; PIN_18      ; 27      ; Clock                   ; yes    ; Global Clock         ; GCLK0            ;
; clk1             ; LC_X9_Y4_N0 ; 87      ; Clock                   ; yes    ; Global Clock         ; GCLK3            ;
; clk_num[0]~1327  ; LC_X6_Y4_N7 ; 9       ; Clock enable            ; no     ; --                   ; --               ;
; clk_num[12]~1325 ; LC_X6_Y4_N6 ; 2       ; Clock enable            ; no     ; --                   ; --               ;
; clk_num[22]~1323 ; LC_X6_Y4_N1 ; 2       ; Clock enable            ; no     ; --                   ; --               ;
; mode.0000        ; LC_X2_Y7_N8 ; 60      ; Sync. clear, Sync. load ; no     ; --                   ; --               ;
; mode.1010~21     ; LC_X5_Y7_N8 ; 1       ; Clock enable            ; no     ; --                   ; --               ;
; q[0][2]~5884     ; LC_X9_Y6_N3 ; 44      ; Clock enable            ; no     ; --                   ; --               ;
; q[3][6]~5900     ; LC_X8_Y6_N0 ; 3       ; Clock enable            ; no     ; --                   ; --               ;
; q[6][7]~5893     ; LC_X6_Y6_N5 ; 7       ; Clock enable            ; no     ; --                   ; --               ;
; reset            ; PIN_89      ; 113     ; Async. clear            ; yes    ; Global Clock         ; GCLK2            ;
+------------------+-------------+---------+-------------------------+--------+----------------------+------------------+


+-------------------------------------------------------------------------+
; Global & Other Fast Signals                                             ;
+-------+-------------+---------+----------------------+------------------+
; Name  ; Location    ; Fan-Out ; Global Resource Used ; Global Line Name ;
+-------+-------------+---------+----------------------+------------------+
; clk   ; PIN_18      ; 27      ; Global Clock         ; GCLK0            ;
; clk1  ; LC_X9_Y4_N0 ; 87      ; Global Clock         ; GCLK3            ;
; reset ; PIN_89      ; 113     ; Global Clock         ; GCLK2            ;
+-------+-------------+---------+----------------------+------------------+


+---------------------------------+
; Non-Global High Fan-Out Signals ;
+------------------+--------------+
; Name             ; Fan-Out      ;
+------------------+--------------+
; Mode.111         ; 71           ;
; mode.0000        ; 61           ;
; Mode.011         ; 51           ;
; Mode.010         ; 51           ;
; q[0][2]~5884     ; 44           ;
; mode.0011        ; 41           ;
; mode.0010        ; 36           ;
; mode.0001        ; 36           ;
; Mode.001         ; 35           ;
; Mode.100         ; 33           ;
; mode.0100        ; 28           ;
; Mode.000         ; 28           ;
; Equal0~371       ; 27           ;
; cnt_scan[14]     ; 22           ;
; cnt_scan[15]     ; 21           ;
; cnt_scan[13]     ; 21           ;
; mode.0101        ; 18           ;
; Selector44~702   ; 14           ;
; Selector83~397   ; 13           ;
; mode.1001        ; 12           ;
; q[6][7]~5885     ; 12           ;
; mode.0111        ; 12           ;
; Selector78~310   ; 11           ;
; mode.0110        ; 11           ;
; mode.1000        ; 10           ;
; clk_num[0]~1327  ; 9            ;
; Selector93~1976  ; 9            ;
; Selector98~2179  ; 9            ;
; Selector93~1975  ; 8            ;
; mode.1010        ; 7            ;
; q[6][7]~5893     ; 7            ;
; q[3][6]~5879     ; 7            ;
; Selector36~119   ; 6            ;
; Selector73~326   ; 6            ;
; Selector79~126   ; 6            ;
; Selector82~332   ; 6            ;
; q[6][7]~5882     ; 6            ;
; q[6][7]~5876     ; 6            ;
; Selector65~136   ; 5            ;
; Selector49~219   ; 5            ;
; cnt_scan[2]~285  ; 5            ;
; cnt_scan[17]~273 ; 5            ;
; cnt_scan[12]~265 ; 5            ;
; cnt_scan[7]~243  ; 5            ;
; Selector98~2193  ; 4            ;
; Selector98~2183  ; 4            ;
; Selector101~408  ; 4            ;
; q[6][7]~5903     ; 4            ;
; Selector83~398   ; 4            ;
; Selector45~445   ; 4            ;
+------------------+--------------+


+---------------------------------------------------+
; Interconnect Usage Summary                        ;
+----------------------------+----------------------+
; Interconnect Resource Type ; Usage                ;
+----------------------------+----------------------+
; C4s                        ; 304 / 1,624 ( 19 % ) ;
; Direct links               ; 42 / 1,930 ( 2 % )   ;
; Global clocks              ; 3 / 4 ( 75 % )       ;
; LAB clocks                 ; 25 / 56 ( 45 % )     ;
; LUT chains                 ; 31 / 513 ( 6 % )     ;
; Local interconnects        ; 634 / 1,930 ( 33 % ) ;
; R4s                        ; 482 / 1,472 ( 33 % ) ;
+----------------------------+----------------------+


+---------------------------------------------------------------------------+
; LAB Logic Elements                                                        ;
+--------------------------------------------+------------------------------+
; Number of Logic Elements  (Average = 8.49) ; Number of LABs  (Total = 41) ;
+--------------------------------------------+------------------------------+
; 1                                          ; 2                            ;
; 2                                          ; 2                            ;
; 3                                          ; 0                            ;
; 4                                          ; 0                            ;
; 5                                          ; 1                            ;
; 6                                          ; 2                            ;
; 7                                          ; 1                            ;
; 8                                          ; 3                            ;
; 9                                          ; 6                            ;
; 10                                         ; 24                           ;
+--------------------------------------------+------------------------------+


+-------------------------------------------------------------------+
; LAB-wide Signals                                                  ;
+------------------------------------+------------------------------+
; LAB-wide Signals  (Average = 2.15) ; Number of LABs  (Total = 41) ;
+------------------------------------+------------------------------+
; 1 Async. clear                     ; 31                           ;
; 1 Clock                            ; 32                           ;
; 1 Clock enable                     ; 16                           ;
; 1 Sync. clear                      ; 4                            ;
; 1 Sync. load                       ; 1                            ;
; 2 Clock enables                    ; 4                            ;
+------------------------------------+------------------------------+


+----------------------------------------------------------------------------+
; LAB Signals Sourced                                                        ;
+---------------------------------------------+------------------------------+
; Number of Signals Sourced  (Average = 8.61) ; Number of LABs  (Total = 41) ;
+---------------------------------------------+------------------------------+
; 0                                           ; 0                            ;
; 1                                           ; 2                            ;
; 2                                           ; 2                            ;
; 3                                           ; 0                            ;
; 4                                           ; 0                            ;
; 5                                           ; 1                            ;
; 6                                           ; 2                            ;
; 7                                           ; 1                            ;
; 8                                           ; 3                            ;
; 9                                           ; 4                            ;
; 10                                          ; 23                           ;
; 11                                          ; 3                            ;
+---------------------------------------------+------------------------------+


+--------------------------------------------------------------------------------+
; LAB Signals Sourced Out                                                        ;
+-------------------------------------------------+------------------------------+
; Number of Signals Sourced Out  (Average = 5.07) ; Number of LABs  (Total = 41) ;
+-------------------------------------------------+------------------------------+
; 0                                               ; 0                            ;
; 1                                               ; 4                            ;
; 2                                               ; 5                            ;
; 3                                               ; 3                            ;
; 4                                               ; 5                            ;
; 5                                               ; 7                            ;
; 6                                               ; 5                            ;
; 7                                               ; 2                            ;
; 8                                               ; 6                            ;
; 9                                               ; 2                            ;
; 10                                              ; 2                            ;
+-------------------------------------------------+------------------------------+


+-----------------------------------------------------------------------------+
; LAB Distinct Inputs                                                         ;
+----------------------------------------------+------------------------------+
; Number of Distinct Inputs  (Average = 15.17) ; Number of LABs  (Total = 41) ;
+----------------------------------------------+------------------------------+
; 0                                            ; 0                            ;
; 1                                            ; 0                            ;
; 2                                            ; 1                            ;
; 3                                            ; 1                            ;
; 4                                            ; 2                            ;
; 5                                            ; 2                            ;
; 6                                            ; 0                            ;
; 7                                            ; 1                            ;
; 8                                            ; 0                            ;
; 9                                            ; 1                            ;
; 10                                           ; 0                            ;
; 11                                           ; 4                            ;
; 12                                           ; 1                            ;
; 13                                           ; 0                            ;
; 14                                           ; 1                            ;
; 15                                           ; 1                            ;
; 16                                           ; 5                            ;
; 17                                           ; 1                            ;
; 18                                           ; 7                            ;
; 19                                           ; 1                            ;
; 20                                           ; 4                            ;
; 21                                           ; 0                            ;
; 22                                           ; 8                            ;
+----------------------------------------------+------------------------------+


+--------------------------------------------------------------------+
; Fitter Device Options                                              ;
+----------------------------------------------+---------------------+
; Option                                       ; Setting             ;
+----------------------------------------------+---------------------+
; Enable user-supplied start-up clock (CLKUSR) ; Off                 ;
; Enable device-wide reset (DEV_CLRn)          ; Off                 ;
; Enable device-wide output enable (DEV_OE)    ; Off                 ;
; Enable INIT_DONE output                      ; Off                 ;
; Configuration scheme                         ; Passive Serial      ;
; Reserve all unused pins                      ; As input tri-stated ;
; Base pin-out file on sameframe device        ; Off                 ;
+----------------------------------------------+---------------------+


+------------------------------------------------------------+
; Estimated Delay Added for Hold Timing                      ;
+-----------------+----------------------+-------------------+
; Source Clock(s) ; Destination Clock(s) ; Delay Added in ns ;
+-----------------+----------------------+-------------------+


+----------------------------+
; Advanced Data - General    ;
+--------------------+-------+
; Name               ; Value ;
+--------------------+-------+
; Status Code        ; 0     ;
; Desired User Slack ; 0     ;
; Fit Attempts       ; 1     ;
+--------------------+-------+


+-------------------------------------------------------------------------------------------------------+
; Advanced Data - Placement Preparation                                                                 ;
+--------------------------------------------------------------------------------+----------------------+
; Name                                                                           ; Value                ;
+--------------------------------------------------------------------------------+----------------------+
; Mid Wire Use - Fit Attempt 1                                                   ; 43                   ;
; Mid Slack - Fit Attempt 1                                                      ; -18358               ;
; Internal Atom Count - Fit Attempt 1                                            ; 348                  ;
; LE/ALM Count - Fit Attempt 1                                                   ; 348                  ;
; LAB Count - Fit Attempt 1                                                      ; 41                   ;
; Outputs per Lab - Fit Attempt 1                                                ; 5.073                ;
; Inputs per LAB - Fit Attempt 1                                                 ; 13.805               ;
; Global Inputs per LAB - Fit Attempt 1                                          ; 1.561                ;
; LAB Constraint 'non-global clock / CE pair + async load' - Fit Attempt 1       ; 0:41                 ;
; LAB Constraint 'ce + sync load' - Fit Attempt 1                                ; 0:15;1:20;2:6        ;
; LAB Constraint 'non-global controls' - Fit Attempt 1                           ; 0:11;1:22;2:6;3:2    ;
; LAB Constraint 'un-route combination' - Fit Attempt 1                          ; 0:11;1:22;2:6;3:2    ;
; LAB Constraint 'non-global with asyn_clear' - Fit Attempt 1                    ; 0:9;1:2;2:22;3:6;4:2 ;
; LAB Constraint 'un-route with async_clear' - Fit Attempt 1                     ; 0:9;1:2;2:22;3:6;4:2 ;
; LAB Constraint 'non-global async clear + sync clear' - Fit Attempt 1           ; 0:33;1:8             ;
; LAB Constraint 'global non-clock/non-asynch_clear' - Fit Attempt 1             ; 0:41                 ;
; LAB Constraint 'ygr_cl_ngclk_gclkce_sload_aload_constraint' - Fit Attempt 1    ; 0:15;1:25;2:1        ;
; LAB Constraint 'global control signals' - Fit Attempt 1                        ; 0:9;2:32             ;
; LAB Constraint 'clock / ce pair constraint' - Fit Attempt 1                    ; 0:9;1:23;2:9         ;
; LAB Constraint 'aload_aclr pair with aload used' - Fit Attempt 1               ; 0:41                 ;
; LAB Constraint 'aload_aclr pair' - Fit Attempt 1                               ; 0:9;1:31;2:1         ;
; LAB Constraint 'sload_sclear pair' - Fit Attempt 1                             ; 0:30;1:11            ;
; LAB Constraint 'invert_a constraint' - Fit Attempt 1                           ; 0:2;1:39             ;
; LAB Constraint 'has placement constraint' - Fit Attempt 1                      ; 0:38;1:3             ;
; LAB Constraint 'use of ADATA or SDATA by registers constraint' - Fit Attempt 1 ; 0:41                 ;
; LEs in Chains - Fit Attempt 1                                                  ; 26                   ;
; LEs in Long Chains - Fit Attempt 1                                             ; 26                   ;
; LABs with Chains - Fit Attempt 1                                               ; 3                    ;
; LABs with Multiple Chains - Fit Attempt 1                                      ; 0                    ;
; Time - Fit Attempt 1                                                           ; 0                    ;
+--------------------------------------------------------------------------------+----------------------+


+---------------------------------------------+
; Advanced Data - Placement                   ;
+------------------------------------+--------+
; Name                               ; Value  ;
+------------------------------------+--------+
; Auto Fit Point 2 - Fit Attempt 1   ; ff     ;
; Early Wire Use - Fit Attempt 1     ; 12     ;
; Early Slack - Fit Attempt 1        ; -22093 ;
; Auto Fit Point 5 - Fit Attempt 1   ; ff     ;
; Mid Wire Use - Fit Attempt 1       ; 27     ;
; Mid Slack - Fit Attempt 1          ; -20207 ;
; Auto Fit Point 6 - Fit Attempt 1   ; ff     ;
; Auto Fit Point 6 - Fit Attempt 1   ; ff     ;
; Auto Fit Point 6 - Fit Attempt 1   ; ff     ;
; Auto Fit Point 5 - Fit Attempt 1   ; ff     ;
; Mid Wire Use - Fit Attempt 1       ; 27     ;
; Mid Slack - Fit Attempt 1          ; -20207 ;
; Auto Fit Point 6 - Fit Attempt 1   ; ff     ;
; Auto Fit Point 6 - Fit Attempt 1   ; ff     ;
; Auto Fit Point 6 - Fit Attempt 1   ; ff     ;
; Late Wire Use - Fit Attempt 1      ; 30     ;
; Late Slack - Fit Attempt 1         ; -20207 ;
; Peak Regional Wire - Fit Attempt 1 ; 0.000  ;
; Auto Fit Point 7 - Fit Attempt 1   ; ff     ;
; Time - Fit Attempt 1               ; 0      ;
+------------------------------------+--------+


+---------------------------------------------------+
; Advanced Data - Routing                           ;
+-------------------------------------+-------------+
; Name                                ; Value       ;
+-------------------------------------+-------------+
; Early Slack - Fit Attempt 1         ; -17756      ;
; Early Wire Use - Fit Attempt 1      ; 29          ;
; Peak Regional Wire - Fit Attempt 1  ; 27          ;
; Mid Slack - Fit Attempt 1           ; -18427      ;
; Late Slack - Fit Attempt 1          ; -2147483648 ;
; Late Wire Use - Fit Attempt 1       ; 33          ;
; Time - Fit Attempt 1                ; 0           ;
; Time in tsm_tan.dll - Fit Attempt 1 ; 0.016       ;
+-------------------------------------+-------------+


+-----------------+
; Fitter Messages ;
+-----------------+
Info: *******************************************************************
Info: Running Quartus II Fitter
    Info: Version 8.1 Build 163 10/28/2008 SJ Web Edition
    Info: Processing started: Thu Nov 11 11:06:26 2021
Info: Command: quartus_fit --read_settings_files=off --write_settings_files=off matrix8x8Rotate -c matrix8x8Rotate
Info: Selected device EPM570T144C5 for design "matrix8x8Rotate"
Info: Low junction temperature is 0 degrees C
Info: High junction temperature is 85 degrees C
Info: Fitter is performing an Auto Fit compilation, which may decrease Fitter effort to reduce compilation time
Warning: Feature LogicLock is not available with your current license
Info: Device migration not selected. If you intend to use device migration later, you may need to change the pin assignments as they may be incompatible with other devices
    Info: Device EPM570T144I5 is compatible
    Info: Device EPM570T144A5 is compatible
    Info: Device EPM1270T144C5 is compatible
    Info: Device EPM1270T144I5 is compatible
    Info: Device EPM1270T144A5 is compatible
Info: Fitter is using the Classic Timing Analyzer
Info: Timing requirements not specified -- optimizing circuit to achieve the following default global requirements
    Info: Assuming a global fmax requirement of 1000 MHz
    Info: Assuming a global tsu requirement of 2.0 ns
    Info: Assuming a global tco requirement of 1.0 ns
    Info: Assuming a global tpd requirement of 1.0 ns
Extra Info: Performing register packing on registers with non-logic cell location assignments
Extra Info: Completed register packing on registers with non-logic cell location assignments
Info: Completed User Assigned Global Signals Promotion Operation
Info: Automatically promoted signal "clk" to use Global clock in PIN 18
Info: Automatically promoted some destinations of signal "clk1" to use Global clock
    Info: Destination "clk1" may be non-global or may not use global clock
Info: Automatically promoted some destinations of signal "reset" to use Global clock in PIN 89
    Info: Destination "clk1" may be non-global or may not use global clock
Info: Completed Auto Global Promotion Operation
Info: Starting register packing
Info: Fitter is using Normal packing mode for logic elements with Auto setting for Auto Packed Registers logic option
Extra Info: Moving registers into LUTs to improve timing and density
Info: Started processing fast register assignments
Info: Finished processing fast register assignments
Extra Info: Finished moving registers into LUTs: elapsed time is 00:00:00
Info: Finished register packing
Info: Fitter preparation operations ending: elapsed time is 00:00:00
Info: Fitter placement preparation operations beginning
Info: Fitter placement preparation operations ending: elapsed time is 00:00:00
Info: Fitter placement operations beginning
Info: Fitter placement was successful
Info: Fitter placement operations ending: elapsed time is 00:00:00
Info: Estimated most critical path is register to pin delay of 11.100 ns
    Info: 1: + IC(0.000 ns) + CELL(0.000 ns) = 0.000 ns; Loc. = LAB_X11_Y6; Fanout = 1; REG Node = 'q[3][7]'
    Info: 2: + IC(2.273 ns) + CELL(0.740 ns) = 3.013 ns; Loc. = LAB_X5_Y6; Fanout = 1; COMB Node = 'Mux0~26'
    Info: 3: + IC(0.672 ns) + CELL(0.511 ns) = 4.196 ns; Loc. = LAB_X5_Y6; Fanout = 1; COMB Node = 'Mux0~27'
    Info: 4: + IC(0.443 ns) + CELL(0.740 ns) = 5.379 ns; Loc. = LAB_X5_Y6; Fanout = 1; COMB Node = 'Mux0~28'
    Info: 5: + IC(0.672 ns) + CELL(0.511 ns) = 6.562 ns; Loc. = LAB_X5_Y6; Fanout = 1; COMB Node = 'Mux0~29'
    Info: 6: + IC(2.216 ns) + CELL(2.322 ns) = 11.100 ns; Loc. = PIN_11; Fanout = 0; PIN Node = 'segout[7]'
    Info: Total cell delay = 4.824 ns ( 43.46 % )
    Info: Total interconnect delay = 6.276 ns ( 56.54 % )
Info: Fitter routing operations beginning
Info: Average interconnect usage is 26% of the available device resources
    Info: Peak interconnect usage is 26% of the available device resources in the region that extends from location X0_Y0 to location X13_Y8
Info: Fitter routing operations ending: elapsed time is 00:00:00
Info: The Fitter performed an Auto Fit compilation.  Optimizations were skipped to reduce compilation time.
    Info: Optimizations that may affect the design's routability were skipped
    Info: Optimizations that may affect the design's timing were skipped
Info: Quartus II Fitter was successful. 0 errors, 1 warning
    Info: Peak virtual memory: 278 megabytes
    Info: Processing ended: Thu Nov 11 11:06:27 2021
    Info: Elapsed time: 00:00:01
    Info: Total CPU time (on all processors): 00:00:01


