Classic Timing Analyzer report for matrix8x8Rotate
Thu Nov 11 11:06:31 2021
Quartus II Version 8.1 Build 163 10/28/2008 SJ Web Edition


---------------------
; Table of Contents ;
---------------------
  1. Legal Notice
  2. Timing Analyzer Summary
  3. Timing Analyzer Settings
  4. Clock Settings Summary
  5. Clock Setup: 'clk'
  6. tsu
  7. tco
  8. th
  9. Timing Analyzer Messages



----------------
; Legal Notice ;
----------------
Copyright (C) 1991-2008 Altera Corporation
Your use of Altera Corporation's design tools, logic functions 
and other software and tools, and its AMPP partner logic 
functions, and any output files from any of the foregoing 
(including device programming or simulation files), and any 
associated documentation or information are expressly subject 
to the terms and conditions of the Altera Program License 
Subscription Agreement, Altera MegaCore Function License 
Agreement, or other applicable license agreement, including, 
without limitation, that your use is for the sole purpose of 
programming logic devices manufactured by Altera and sold by 
Altera or its authorized distributors.  Please refer to the 
applicable agreement for further details.



+------------------------------------------------------------------------------------------------------------------------------------------------------------+
; Timing Analyzer Summary                                                                                                                                    ;
+------------------------------+-------+---------------+----------------------------------+------------+--------------+------------+----------+--------------+
; Type                         ; Slack ; Required Time ; Actual Time                      ; From       ; To           ; From Clock ; To Clock ; Failed Paths ;
+------------------------------+-------+---------------+----------------------------------+------------+--------------+------------+----------+--------------+
; Worst-case tsu               ; N/A   ; None          ; 1.962 ns                         ; reset      ; clk1         ; --         ; clk      ; 0            ;
; Worst-case tco               ; N/A   ; None          ; 19.027 ns                        ; q[5][2]    ; segout[2]    ; clk        ; --       ; 0            ;
; Worst-case th                ; N/A   ; None          ; -1.408 ns                        ; reset      ; clk1         ; --         ; clk      ; 0            ;
; Clock Setup: 'clk'           ; N/A   ; None          ; 68.30 MHz ( period = 14.641 ns ) ; clk_num[8] ; cnt_scan[24] ; clk        ; clk      ; 0            ;
; Total number of failed paths ;       ;               ;                                  ;            ;              ;            ;          ; 0            ;
+------------------------------+-------+---------------+----------------------------------+------------+--------------+------------+----------+--------------+


+--------------------------------------------------------------------------------------------------------------------+
; Timing Analyzer Settings                                                                                           ;
+---------------------------------------------------------------------+--------------------+------+----+-------------+
; Option                                                              ; Setting            ; From ; To ; Entity Name ;
+---------------------------------------------------------------------+--------------------+------+----+-------------+
; Device Name                                                         ; EPM570T144C5       ;      ;    ;             ;
; Timing Models                                                       ; Final              ;      ;    ;             ;
; Default hold multicycle                                             ; Same as Multicycle ;      ;    ;             ;
; Cut paths between unrelated clock domains                           ; On                 ;      ;    ;             ;
; Cut off read during write signal paths                              ; On                 ;      ;    ;             ;
; Cut off feedback from I/O pins                                      ; On                 ;      ;    ;             ;
; Report Combined Fast/Slow Timing                                    ; Off                ;      ;    ;             ;
; Ignore Clock Settings                                               ; Off                ;      ;    ;             ;
; Analyze latches as synchronous elements                             ; On                 ;      ;    ;             ;
; Enable Recovery/Removal analysis                                    ; Off                ;      ;    ;             ;
; Enable Clock Latency                                                ; Off                ;      ;    ;             ;
; Use TimeQuest Timing Analyzer                                       ; Off                ;      ;    ;             ;
; Minimum Core Junction Temperature                                   ; 0                  ;      ;    ;             ;
; Maximum Core Junction Temperature                                   ; 85                 ;      ;    ;             ;
; Number of source nodes to report per destination node               ; 10                 ;      ;    ;             ;
; Number of destination nodes to report                               ; 10                 ;      ;    ;             ;
; Number of paths to report                                           ; 200                ;      ;    ;             ;
; Report Minimum Timing Checks                                        ; Off                ;      ;    ;             ;
; Use Fast Timing Models                                              ; Off                ;      ;    ;             ;
; Report IO Paths Separately                                          ; Off                ;      ;    ;             ;
; Perform Multicorner Analysis                                        ; Off                ;      ;    ;             ;
; Reports the worst-case path for each clock domain and analysis      ; Off                ;      ;    ;             ;
; Removes common clock path pessimism (CCPP) during slack computation ; Off                ;      ;    ;             ;
; Output I/O Timing Endpoint                                          ; Near End           ;      ;    ;             ;
+---------------------------------------------------------------------+--------------------+------+----+-------------+


+------------------------------------------------------------------------------------------------------------------------------------------------------------------------------------+
; Clock Settings Summary                                                                                                                                                             ;
+-----------------+--------------------+----------+------------------+---------------+--------------+----------+-----------------------+---------------------+--------+--------------+
; Clock Node Name ; Clock Setting Name ; Type     ; Fmax Requirement ; Early Latency ; Late Latency ; Based on ; Multiply Base Fmax by ; Divide Base Fmax by ; Offset ; Phase offset ;
+-----------------+--------------------+----------+------------------+---------------+--------------+----------+-----------------------+---------------------+--------+--------------+
; clk             ;                    ; User Pin ; None             ; 0.000 ns      ; 0.000 ns     ; --       ; N/A                   ; N/A                 ; N/A    ;              ;
+-----------------+--------------------+----------+------------------+---------------+--------------+----------+-----------------------+---------------------+--------+--------------+


+-----------------------------------------------------------------------------------------------------------------------------------------------------------------------------------------------------------------------------------------+
; Clock Setup: 'clk'                                                                                                                                                                                                                      ;
+-----------------------------------------+-----------------------------------------------------+--------------+--------------+------------+----------+-----------------------------+---------------------------+-------------------------+
; Slack                                   ; Actual fmax (period)                                ; From         ; To           ; From Clock ; To Clock ; Required Setup Relationship ; Required Longest P2P Time ; Actual Longest P2P Time ;
+-----------------------------------------+-----------------------------------------------------+--------------+--------------+------------+----------+-----------------------------+---------------------------+-------------------------+
; N/A                                     ; 68.30 MHz ( period = 14.641 ns )                    ; clk_num[8]   ; cnt_scan[25] ; clk        ; clk      ; None                        ; None                      ; 9.001 ns                ;
; N/A                                     ; 68.30 MHz ( period = 14.641 ns )                    ; clk_num[8]   ; cnt_scan[23] ; clk        ; clk      ; None                        ; None                      ; 9.001 ns                ;
; N/A                                     ; 68.30 MHz ( period = 14.641 ns )                    ; clk_num[8]   ; cnt_scan[22] ; clk        ; clk      ; None                        ; None                      ; 9.001 ns                ;
; N/A                                     ; 68.30 MHz ( period = 14.641 ns )                    ; clk_num[8]   ; cnt_scan[21] ; clk        ; clk      ; None                        ; None                      ; 9.001 ns                ;
; N/A                                     ; 68.30 MHz ( period = 14.641 ns )                    ; clk_num[8]   ; cnt_scan[20] ; clk        ; clk      ; None                        ; None                      ; 9.001 ns                ;
; N/A                                     ; 68.30 MHz ( period = 14.641 ns )                    ; clk_num[8]   ; cnt_scan[19] ; clk        ; clk      ; None                        ; None                      ; 9.001 ns                ;
; N/A                                     ; 68.30 MHz ( period = 14.641 ns )                    ; clk_num[8]   ; cnt_scan[18] ; clk        ; clk      ; None                        ; None                      ; 9.001 ns                ;
; N/A                                     ; 68.30 MHz ( period = 14.641 ns )                    ; clk_num[8]   ; cnt_scan[24] ; clk        ; clk      ; None                        ; None                      ; 9.001 ns                ;
; N/A                                     ; 68.33 MHz ( period = 14.635 ns )                    ; clk_num[8]   ; cnt_scan[13] ; clk        ; clk      ; None                        ; None                      ; 8.995 ns                ;
; N/A                                     ; 68.33 MHz ( period = 14.635 ns )                    ; clk_num[8]   ; cnt_scan[15] ; clk        ; clk      ; None                        ; None                      ; 8.995 ns                ;
; N/A                                     ; 68.33 MHz ( period = 14.635 ns )                    ; clk_num[8]   ; cnt_scan[12] ; clk        ; clk      ; None                        ; None                      ; 8.995 ns                ;
; N/A                                     ; 68.33 MHz ( period = 14.635 ns )                    ; clk_num[8]   ; cnt_scan[14] ; clk        ; clk      ; None                        ; None                      ; 8.995 ns                ;
; N/A                                     ; 68.33 MHz ( period = 14.635 ns )                    ; clk_num[8]   ; cnt_scan[8]  ; clk        ; clk      ; None                        ; None                      ; 8.995 ns                ;
; N/A                                     ; 68.33 MHz ( period = 14.635 ns )                    ; clk_num[8]   ; cnt_scan[17] ; clk        ; clk      ; None                        ; None                      ; 8.995 ns                ;
; N/A                                     ; 68.33 MHz ( period = 14.635 ns )                    ; clk_num[8]   ; cnt_scan[9]  ; clk        ; clk      ; None                        ; None                      ; 8.995 ns                ;
; N/A                                     ; 68.33 MHz ( period = 14.635 ns )                    ; clk_num[8]   ; cnt_scan[16] ; clk        ; clk      ; None                        ; None                      ; 8.995 ns                ;
; N/A                                     ; 68.33 MHz ( period = 14.635 ns )                    ; clk_num[8]   ; cnt_scan[10] ; clk        ; clk      ; None                        ; None                      ; 8.995 ns                ;
; N/A                                     ; 68.33 MHz ( period = 14.635 ns )                    ; clk_num[8]   ; cnt_scan[11] ; clk        ; clk      ; None                        ; None                      ; 8.995 ns                ;
; N/A                                     ; 68.59 MHz ( period = 14.579 ns )                    ; clk_num[19]  ; cnt_scan[25] ; clk        ; clk      ; None                        ; None                      ; 8.939 ns                ;
; N/A                                     ; 68.59 MHz ( period = 14.579 ns )                    ; clk_num[19]  ; cnt_scan[23] ; clk        ; clk      ; None                        ; None                      ; 8.939 ns                ;
; N/A                                     ; 68.59 MHz ( period = 14.579 ns )                    ; clk_num[19]  ; cnt_scan[22] ; clk        ; clk      ; None                        ; None                      ; 8.939 ns                ;
; N/A                                     ; 68.59 MHz ( period = 14.579 ns )                    ; clk_num[19]  ; cnt_scan[21] ; clk        ; clk      ; None                        ; None                      ; 8.939 ns                ;
; N/A                                     ; 68.59 MHz ( period = 14.579 ns )                    ; clk_num[19]  ; cnt_scan[20] ; clk        ; clk      ; None                        ; None                      ; 8.939 ns                ;
; N/A                                     ; 68.59 MHz ( period = 14.579 ns )                    ; clk_num[19]  ; cnt_scan[19] ; clk        ; clk      ; None                        ; None                      ; 8.939 ns                ;
; N/A                                     ; 68.59 MHz ( period = 14.579 ns )                    ; clk_num[19]  ; cnt_scan[18] ; clk        ; clk      ; None                        ; None                      ; 8.939 ns                ;
; N/A                                     ; 68.59 MHz ( period = 14.579 ns )                    ; clk_num[19]  ; cnt_scan[24] ; clk        ; clk      ; None                        ; None                      ; 8.939 ns                ;
; N/A                                     ; 68.62 MHz ( period = 14.573 ns )                    ; clk_num[19]  ; cnt_scan[13] ; clk        ; clk      ; None                        ; None                      ; 8.933 ns                ;
; N/A                                     ; 68.62 MHz ( period = 14.573 ns )                    ; clk_num[19]  ; cnt_scan[15] ; clk        ; clk      ; None                        ; None                      ; 8.933 ns                ;
; N/A                                     ; 68.62 MHz ( period = 14.573 ns )                    ; clk_num[19]  ; cnt_scan[12] ; clk        ; clk      ; None                        ; None                      ; 8.933 ns                ;
; N/A                                     ; 68.62 MHz ( period = 14.573 ns )                    ; clk_num[19]  ; cnt_scan[14] ; clk        ; clk      ; None                        ; None                      ; 8.933 ns                ;
; N/A                                     ; 68.62 MHz ( period = 14.573 ns )                    ; clk_num[19]  ; cnt_scan[8]  ; clk        ; clk      ; None                        ; None                      ; 8.933 ns                ;
; N/A                                     ; 68.62 MHz ( period = 14.573 ns )                    ; clk_num[19]  ; cnt_scan[17] ; clk        ; clk      ; None                        ; None                      ; 8.933 ns                ;
; N/A                                     ; 68.62 MHz ( period = 14.573 ns )                    ; clk_num[19]  ; cnt_scan[9]  ; clk        ; clk      ; None                        ; None                      ; 8.933 ns                ;
; N/A                                     ; 68.62 MHz ( period = 14.573 ns )                    ; clk_num[19]  ; cnt_scan[16] ; clk        ; clk      ; None                        ; None                      ; 8.933 ns                ;
; N/A                                     ; 68.62 MHz ( period = 14.573 ns )                    ; clk_num[19]  ; cnt_scan[10] ; clk        ; clk      ; None                        ; None                      ; 8.933 ns                ;
; N/A                                     ; 68.62 MHz ( period = 14.573 ns )                    ; clk_num[19]  ; cnt_scan[11] ; clk        ; clk      ; None                        ; None                      ; 8.933 ns                ;
; N/A                                     ; 68.85 MHz ( period = 14.524 ns )                    ; clk_num[8]   ; cnt_scan[7]  ; clk        ; clk      ; None                        ; None                      ; 8.884 ns                ;
; N/A                                     ; 68.85 MHz ( period = 14.524 ns )                    ; clk_num[8]   ; cnt_scan[2]  ; clk        ; clk      ; None                        ; None                      ; 8.884 ns                ;
; N/A                                     ; 68.85 MHz ( period = 14.524 ns )                    ; clk_num[8]   ; cnt_scan[6]  ; clk        ; clk      ; None                        ; None                      ; 8.884 ns                ;
; N/A                                     ; 68.85 MHz ( period = 14.524 ns )                    ; clk_num[8]   ; cnt_scan[5]  ; clk        ; clk      ; None                        ; None                      ; 8.884 ns                ;
; N/A                                     ; 68.85 MHz ( period = 14.524 ns )                    ; clk_num[8]   ; cnt_scan[4]  ; clk        ; clk      ; None                        ; None                      ; 8.884 ns                ;
; N/A                                     ; 68.85 MHz ( period = 14.524 ns )                    ; clk_num[8]   ; cnt_scan[3]  ; clk        ; clk      ; None                        ; None                      ; 8.884 ns                ;
; N/A                                     ; 68.85 MHz ( period = 14.524 ns )                    ; clk_num[8]   ; cnt_scan[0]  ; clk        ; clk      ; None                        ; None                      ; 8.884 ns                ;
; N/A                                     ; 68.85 MHz ( period = 14.524 ns )                    ; clk_num[8]   ; cnt_scan[1]  ; clk        ; clk      ; None                        ; None                      ; 8.884 ns                ;
; N/A                                     ; 69.01 MHz ( period = 14.490 ns )                    ; clk_num[7]   ; cnt_scan[25] ; clk        ; clk      ; None                        ; None                      ; 8.850 ns                ;
; N/A                                     ; 69.01 MHz ( period = 14.490 ns )                    ; clk_num[7]   ; cnt_scan[23] ; clk        ; clk      ; None                        ; None                      ; 8.850 ns                ;
; N/A                                     ; 69.01 MHz ( period = 14.490 ns )                    ; clk_num[7]   ; cnt_scan[22] ; clk        ; clk      ; None                        ; None                      ; 8.850 ns                ;
; N/A                                     ; 69.01 MHz ( period = 14.490 ns )                    ; clk_num[7]   ; cnt_scan[21] ; clk        ; clk      ; None                        ; None                      ; 8.850 ns                ;
; N/A                                     ; 69.01 MHz ( period = 14.490 ns )                    ; clk_num[7]   ; cnt_scan[20] ; clk        ; clk      ; None                        ; None                      ; 8.850 ns                ;
; N/A                                     ; 69.01 MHz ( period = 14.490 ns )                    ; clk_num[7]   ; cnt_scan[19] ; clk        ; clk      ; None                        ; None                      ; 8.850 ns                ;
; N/A                                     ; 69.01 MHz ( period = 14.490 ns )                    ; clk_num[7]   ; cnt_scan[18] ; clk        ; clk      ; None                        ; None                      ; 8.850 ns                ;
; N/A                                     ; 69.01 MHz ( period = 14.490 ns )                    ; clk_num[7]   ; cnt_scan[24] ; clk        ; clk      ; None                        ; None                      ; 8.850 ns                ;
; N/A                                     ; 69.04 MHz ( period = 14.484 ns )                    ; clk_num[7]   ; cnt_scan[13] ; clk        ; clk      ; None                        ; None                      ; 8.844 ns                ;
; N/A                                     ; 69.04 MHz ( period = 14.484 ns )                    ; clk_num[7]   ; cnt_scan[15] ; clk        ; clk      ; None                        ; None                      ; 8.844 ns                ;
; N/A                                     ; 69.04 MHz ( period = 14.484 ns )                    ; clk_num[7]   ; cnt_scan[12] ; clk        ; clk      ; None                        ; None                      ; 8.844 ns                ;
; N/A                                     ; 69.04 MHz ( period = 14.484 ns )                    ; clk_num[7]   ; cnt_scan[14] ; clk        ; clk      ; None                        ; None                      ; 8.844 ns                ;
; N/A                                     ; 69.04 MHz ( period = 14.484 ns )                    ; clk_num[7]   ; cnt_scan[8]  ; clk        ; clk      ; None                        ; None                      ; 8.844 ns                ;
; N/A                                     ; 69.04 MHz ( period = 14.484 ns )                    ; clk_num[7]   ; cnt_scan[17] ; clk        ; clk      ; None                        ; None                      ; 8.844 ns                ;
; N/A                                     ; 69.04 MHz ( period = 14.484 ns )                    ; clk_num[7]   ; cnt_scan[9]  ; clk        ; clk      ; None                        ; None                      ; 8.844 ns                ;
; N/A                                     ; 69.04 MHz ( period = 14.484 ns )                    ; clk_num[7]   ; cnt_scan[16] ; clk        ; clk      ; None                        ; None                      ; 8.844 ns                ;
; N/A                                     ; 69.04 MHz ( period = 14.484 ns )                    ; clk_num[7]   ; cnt_scan[10] ; clk        ; clk      ; None                        ; None                      ; 8.844 ns                ;
; N/A                                     ; 69.04 MHz ( period = 14.484 ns )                    ; clk_num[7]   ; cnt_scan[11] ; clk        ; clk      ; None                        ; None                      ; 8.844 ns                ;
; N/A                                     ; 69.08 MHz ( period = 14.475 ns )                    ; cnt_scan[25] ; cnt_scan[25] ; clk        ; clk      ; None                        ; None                      ; 13.766 ns               ;
; N/A                                     ; 69.08 MHz ( period = 14.475 ns )                    ; cnt_scan[25] ; cnt_scan[23] ; clk        ; clk      ; None                        ; None                      ; 13.766 ns               ;
; N/A                                     ; 69.08 MHz ( period = 14.475 ns )                    ; cnt_scan[25] ; cnt_scan[22] ; clk        ; clk      ; None                        ; None                      ; 13.766 ns               ;
; N/A                                     ; 69.08 MHz ( period = 14.475 ns )                    ; cnt_scan[25] ; cnt_scan[21] ; clk        ; clk      ; None                        ; None                      ; 13.766 ns               ;
; N/A                                     ; 69.08 MHz ( period = 14.475 ns )                    ; cnt_scan[25] ; cnt_scan[20] ; clk        ; clk      ; None                        ; None                      ; 13.766 ns               ;
; N/A                                     ; 69.08 MHz ( period = 14.475 ns )                    ; cnt_scan[25] ; cnt_scan[19] ; clk        ; clk      ; None                        ; None                      ; 13.766 ns               ;
; N/A                                     ; 69.08 MHz ( period = 14.475 ns )                    ; cnt_scan[25] ; cnt_scan[18] ; clk        ; clk      ; None                        ; None                      ; 13.766 ns               ;
; N/A                                     ; 69.08 MHz ( period = 14.475 ns )                    ; cnt_scan[25] ; cnt_scan[24] ; clk        ; clk      ; None                        ; None                      ; 13.766 ns               ;
; N/A                                     ; 69.11 MHz ( period = 14.469 ns )                    ; cnt_scan[25] ; cnt_scan[13] ; clk        ; clk      ; None                        ; None                      ; 13.760 ns               ;
; N/A                                     ; 69.11 MHz ( period = 14.469 ns )                    ; cnt_scan[25] ; cnt_scan[15] ; clk        ; clk      ; None                        ; None                      ; 13.760 ns               ;
; N/A                                     ; 69.11 MHz ( period = 14.469 ns )                    ; cnt_scan[25] ; cnt_scan[12] ; clk        ; clk      ; None                        ; None                      ; 13.760 ns               ;
; N/A                                     ; 69.11 MHz ( period = 14.469 ns )                    ; cnt_scan[25] ; cnt_scan[14] ; clk        ; clk      ; None                        ; None                      ; 13.760 ns               ;
; N/A                                     ; 69.11 MHz ( period = 14.469 ns )                    ; cnt_scan[25] ; cnt_scan[8]  ; clk        ; clk      ; None                        ; None                      ; 13.760 ns               ;
; N/A                                     ; 69.11 MHz ( period = 14.469 ns )                    ; cnt_scan[25] ; cnt_scan[17] ; clk        ; clk      ; None                        ; None                      ; 13.760 ns               ;
; N/A                                     ; 69.11 MHz ( period = 14.469 ns )                    ; cnt_scan[25] ; cnt_scan[9]  ; clk        ; clk      ; None                        ; None                      ; 13.760 ns               ;
; N/A                                     ; 69.11 MHz ( period = 14.469 ns )                    ; cnt_scan[25] ; cnt_scan[16] ; clk        ; clk      ; None                        ; None                      ; 13.760 ns               ;
; N/A                                     ; 69.11 MHz ( period = 14.469 ns )                    ; cnt_scan[25] ; cnt_scan[10] ; clk        ; clk      ; None                        ; None                      ; 13.760 ns               ;
; N/A                                     ; 69.11 MHz ( period = 14.469 ns )                    ; cnt_scan[25] ; cnt_scan[11] ; clk        ; clk      ; None                        ; None                      ; 13.760 ns               ;
; N/A                                     ; 69.15 MHz ( period = 14.462 ns )                    ; clk_num[19]  ; cnt_scan[7]  ; clk        ; clk      ; None                        ; None                      ; 8.822 ns                ;
; N/A                                     ; 69.15 MHz ( period = 14.462 ns )                    ; clk_num[19]  ; cnt_scan[2]  ; clk        ; clk      ; None                        ; None                      ; 8.822 ns                ;
; N/A                                     ; 69.15 MHz ( period = 14.462 ns )                    ; clk_num[19]  ; cnt_scan[6]  ; clk        ; clk      ; None                        ; None                      ; 8.822 ns                ;
; N/A                                     ; 69.15 MHz ( period = 14.462 ns )                    ; clk_num[19]  ; cnt_scan[5]  ; clk        ; clk      ; None                        ; None                      ; 8.822 ns                ;
; N/A                                     ; 69.15 MHz ( period = 14.462 ns )                    ; clk_num[19]  ; cnt_scan[4]  ; clk        ; clk      ; None                        ; None                      ; 8.822 ns                ;
; N/A                                     ; 69.15 MHz ( period = 14.462 ns )                    ; clk_num[19]  ; cnt_scan[3]  ; clk        ; clk      ; None                        ; None                      ; 8.822 ns                ;
; N/A                                     ; 69.15 MHz ( period = 14.462 ns )                    ; clk_num[19]  ; cnt_scan[0]  ; clk        ; clk      ; None                        ; None                      ; 8.822 ns                ;
; N/A                                     ; 69.15 MHz ( period = 14.462 ns )                    ; clk_num[19]  ; cnt_scan[1]  ; clk        ; clk      ; None                        ; None                      ; 8.822 ns                ;
; N/A                                     ; 69.31 MHz ( period = 14.428 ns )                    ; Mode.001     ; q[2][0]      ; clk        ; clk      ; None                        ; None                      ; 13.719 ns               ;
; N/A                                     ; 69.31 MHz ( period = 14.428 ns )                    ; Mode.001     ; q[6][2]      ; clk        ; clk      ; None                        ; None                      ; 13.719 ns               ;
; N/A                                     ; 69.31 MHz ( period = 14.428 ns )                    ; Mode.001     ; q[2][2]      ; clk        ; clk      ; None                        ; None                      ; 13.719 ns               ;
; N/A                                     ; 69.31 MHz ( period = 14.428 ns )                    ; Mode.001     ; q[7][2]      ; clk        ; clk      ; None                        ; None                      ; 13.719 ns               ;
; N/A                                     ; 69.57 MHz ( period = 14.373 ns )                    ; clk_num[7]   ; cnt_scan[7]  ; clk        ; clk      ; None                        ; None                      ; 8.733 ns                ;
; N/A                                     ; 69.57 MHz ( period = 14.373 ns )                    ; clk_num[7]   ; cnt_scan[2]  ; clk        ; clk      ; None                        ; None                      ; 8.733 ns                ;
; N/A                                     ; 69.57 MHz ( period = 14.373 ns )                    ; clk_num[7]   ; cnt_scan[6]  ; clk        ; clk      ; None                        ; None                      ; 8.733 ns                ;
; N/A                                     ; 69.57 MHz ( period = 14.373 ns )                    ; clk_num[7]   ; cnt_scan[5]  ; clk        ; clk      ; None                        ; None                      ; 8.733 ns                ;
; N/A                                     ; 69.57 MHz ( period = 14.373 ns )                    ; clk_num[7]   ; cnt_scan[4]  ; clk        ; clk      ; None                        ; None                      ; 8.733 ns                ;
; N/A                                     ; 69.57 MHz ( period = 14.373 ns )                    ; clk_num[7]   ; cnt_scan[3]  ; clk        ; clk      ; None                        ; None                      ; 8.733 ns                ;
; N/A                                     ; 69.57 MHz ( period = 14.373 ns )                    ; clk_num[7]   ; cnt_scan[0]  ; clk        ; clk      ; None                        ; None                      ; 8.733 ns                ;
; N/A                                     ; 69.57 MHz ( period = 14.373 ns )                    ; clk_num[7]   ; cnt_scan[1]  ; clk        ; clk      ; None                        ; None                      ; 8.733 ns                ;
; N/A                                     ; 69.63 MHz ( period = 14.361 ns )                    ; clk_num[24]  ; cnt_scan[25] ; clk        ; clk      ; None                        ; None                      ; 8.721 ns                ;
; N/A                                     ; 69.63 MHz ( period = 14.361 ns )                    ; clk_num[24]  ; cnt_scan[23] ; clk        ; clk      ; None                        ; None                      ; 8.721 ns                ;
; N/A                                     ; 69.63 MHz ( period = 14.361 ns )                    ; clk_num[24]  ; cnt_scan[22] ; clk        ; clk      ; None                        ; None                      ; 8.721 ns                ;
; N/A                                     ; 69.63 MHz ( period = 14.361 ns )                    ; clk_num[24]  ; cnt_scan[21] ; clk        ; clk      ; None                        ; None                      ; 8.721 ns                ;
; N/A                                     ; 69.63 MHz ( period = 14.361 ns )                    ; clk_num[24]  ; cnt_scan[20] ; clk        ; clk      ; None                        ; None                      ; 8.721 ns                ;
; N/A                                     ; 69.63 MHz ( period = 14.361 ns )                    ; clk_num[24]  ; cnt_scan[19] ; clk        ; clk      ; None                        ; None                      ; 8.721 ns                ;
; N/A                                     ; 69.63 MHz ( period = 14.361 ns )                    ; clk_num[24]  ; cnt_scan[18] ; clk        ; clk      ; None                        ; None                      ; 8.721 ns                ;
; N/A                                     ; 69.63 MHz ( period = 14.361 ns )                    ; clk_num[24]  ; cnt_scan[24] ; clk        ; clk      ; None                        ; None                      ; 8.721 ns                ;
; N/A                                     ; 69.65 MHz ( period = 14.358 ns )                    ; cnt_scan[25] ; cnt_scan[7]  ; clk        ; clk      ; None                        ; None                      ; 13.649 ns               ;
; N/A                                     ; 69.65 MHz ( period = 14.358 ns )                    ; cnt_scan[25] ; cnt_scan[2]  ; clk        ; clk      ; None                        ; None                      ; 13.649 ns               ;
; N/A                                     ; 69.65 MHz ( period = 14.358 ns )                    ; cnt_scan[25] ; cnt_scan[6]  ; clk        ; clk      ; None                        ; None                      ; 13.649 ns               ;
; N/A                                     ; 69.65 MHz ( period = 14.358 ns )                    ; cnt_scan[25] ; cnt_scan[5]  ; clk        ; clk      ; None                        ; None                      ; 13.649 ns               ;
; N/A                                     ; 69.65 MHz ( period = 14.358 ns )                    ; cnt_scan[25] ; cnt_scan[4]  ; clk        ; clk      ; None                        ; None                      ; 13.649 ns               ;
; N/A                                     ; 69.65 MHz ( period = 14.358 ns )                    ; cnt_scan[25] ; cnt_scan[3]  ; clk        ; clk      ; None                        ; None                      ; 13.649 ns               ;
; N/A                                     ; 69.65 MHz ( period = 14.358 ns )                    ; cnt_scan[25] ; cnt_scan[0]  ; clk        ; clk      ; None                        ; None                      ; 13.649 ns               ;
; N/A                                     ; 69.65 MHz ( period = 14.358 ns )                    ; cnt_scan[25] ; cnt_scan[1]  ; clk        ; clk      ; None                        ; None                      ; 13.649 ns               ;
; N/A                                     ; 69.66 MHz ( period = 14.355 ns )                    ; clk_num[24]  ; cnt_scan[13] ; clk        ; clk      ; None                        ; None                      ; 8.715 ns                ;
; N/A                                     ; 69.66 MHz ( period = 14.355 ns )                    ; clk_num[24]  ; cnt_scan[15] ; clk        ; clk      ; None                        ; None                      ; 8.715 ns                ;
; N/A                                     ; 69.66 MHz ( period = 14.355 ns )                    ; clk_num[24]  ; cnt_scan[12] ; clk        ; clk      ; None                        ; None                      ; 8.715 ns                ;
; N/A                                     ; 69.66 MHz ( period = 14.355 ns )                    ; clk_num[24]  ; cnt_scan[14] ; clk        ; clk      ; None                        ; None                      ; 8.715 ns                ;
; N/A                                     ; 69.66 MHz ( period = 14.355 ns )                    ; clk_num[24]  ; cnt_scan[8]  ; clk        ; clk      ; None                        ; None                      ; 8.715 ns                ;
; N/A                                     ; 69.66 MHz ( period = 14.355 ns )                    ; clk_num[24]  ; cnt_scan[17] ; clk        ; clk      ; None                        ; None                      ; 8.715 ns                ;
; N/A                                     ; 69.66 MHz ( period = 14.355 ns )                    ; clk_num[24]  ; cnt_scan[9]  ; clk        ; clk      ; None                        ; None                      ; 8.715 ns                ;
; N/A                                     ; 69.66 MHz ( period = 14.355 ns )                    ; clk_num[24]  ; cnt_scan[16] ; clk        ; clk      ; None                        ; None                      ; 8.715 ns                ;
; N/A                                     ; 69.66 MHz ( period = 14.355 ns )                    ; clk_num[24]  ; cnt_scan[10] ; clk        ; clk      ; None                        ; None                      ; 8.715 ns                ;
; N/A                                     ; 69.66 MHz ( period = 14.355 ns )                    ; clk_num[24]  ; cnt_scan[11] ; clk        ; clk      ; None                        ; None                      ; 8.715 ns                ;
; N/A                                     ; 70.20 MHz ( period = 14.244 ns )                    ; clk_num[24]  ; cnt_scan[7]  ; clk        ; clk      ; None                        ; None                      ; 8.604 ns                ;
; N/A                                     ; 70.20 MHz ( period = 14.244 ns )                    ; clk_num[24]  ; cnt_scan[2]  ; clk        ; clk      ; None                        ; None                      ; 8.604 ns                ;
; N/A                                     ; 70.20 MHz ( period = 14.244 ns )                    ; clk_num[24]  ; cnt_scan[6]  ; clk        ; clk      ; None                        ; None                      ; 8.604 ns                ;
; N/A                                     ; 70.20 MHz ( period = 14.244 ns )                    ; clk_num[24]  ; cnt_scan[5]  ; clk        ; clk      ; None                        ; None                      ; 8.604 ns                ;
; N/A                                     ; 70.20 MHz ( period = 14.244 ns )                    ; clk_num[24]  ; cnt_scan[4]  ; clk        ; clk      ; None                        ; None                      ; 8.604 ns                ;
; N/A                                     ; 70.20 MHz ( period = 14.244 ns )                    ; clk_num[24]  ; cnt_scan[3]  ; clk        ; clk      ; None                        ; None                      ; 8.604 ns                ;
; N/A                                     ; 70.20 MHz ( period = 14.244 ns )                    ; clk_num[24]  ; cnt_scan[0]  ; clk        ; clk      ; None                        ; None                      ; 8.604 ns                ;
; N/A                                     ; 70.20 MHz ( period = 14.244 ns )                    ; clk_num[24]  ; cnt_scan[1]  ; clk        ; clk      ; None                        ; None                      ; 8.604 ns                ;
; N/A                                     ; 70.38 MHz ( period = 14.209 ns )                    ; clk_num[21]  ; cnt_scan[25] ; clk        ; clk      ; None                        ; None                      ; 8.569 ns                ;
; N/A                                     ; 70.38 MHz ( period = 14.209 ns )                    ; clk_num[21]  ; cnt_scan[23] ; clk        ; clk      ; None                        ; None                      ; 8.569 ns                ;
; N/A                                     ; 70.38 MHz ( period = 14.209 ns )                    ; clk_num[21]  ; cnt_scan[22] ; clk        ; clk      ; None                        ; None                      ; 8.569 ns                ;
; N/A                                     ; 70.38 MHz ( period = 14.209 ns )                    ; clk_num[21]  ; cnt_scan[21] ; clk        ; clk      ; None                        ; None                      ; 8.569 ns                ;
; N/A                                     ; 70.38 MHz ( period = 14.209 ns )                    ; clk_num[21]  ; cnt_scan[20] ; clk        ; clk      ; None                        ; None                      ; 8.569 ns                ;
; N/A                                     ; 70.38 MHz ( period = 14.209 ns )                    ; clk_num[21]  ; cnt_scan[19] ; clk        ; clk      ; None                        ; None                      ; 8.569 ns                ;
; N/A                                     ; 70.38 MHz ( period = 14.209 ns )                    ; clk_num[21]  ; cnt_scan[18] ; clk        ; clk      ; None                        ; None                      ; 8.569 ns                ;
; N/A                                     ; 70.38 MHz ( period = 14.209 ns )                    ; clk_num[21]  ; cnt_scan[24] ; clk        ; clk      ; None                        ; None                      ; 8.569 ns                ;
; N/A                                     ; 70.41 MHz ( period = 14.203 ns )                    ; clk_num[21]  ; cnt_scan[13] ; clk        ; clk      ; None                        ; None                      ; 8.563 ns                ;
; N/A                                     ; 70.41 MHz ( period = 14.203 ns )                    ; clk_num[21]  ; cnt_scan[15] ; clk        ; clk      ; None                        ; None                      ; 8.563 ns                ;
; N/A                                     ; 70.41 MHz ( period = 14.203 ns )                    ; clk_num[21]  ; cnt_scan[12] ; clk        ; clk      ; None                        ; None                      ; 8.563 ns                ;
; N/A                                     ; 70.41 MHz ( period = 14.203 ns )                    ; clk_num[21]  ; cnt_scan[14] ; clk        ; clk      ; None                        ; None                      ; 8.563 ns                ;
; N/A                                     ; 70.41 MHz ( period = 14.203 ns )                    ; clk_num[21]  ; cnt_scan[8]  ; clk        ; clk      ; None                        ; None                      ; 8.563 ns                ;
; N/A                                     ; 70.41 MHz ( period = 14.203 ns )                    ; clk_num[21]  ; cnt_scan[17] ; clk        ; clk      ; None                        ; None                      ; 8.563 ns                ;
; N/A                                     ; 70.41 MHz ( period = 14.203 ns )                    ; clk_num[21]  ; cnt_scan[9]  ; clk        ; clk      ; None                        ; None                      ; 8.563 ns                ;
; N/A                                     ; 70.41 MHz ( period = 14.203 ns )                    ; clk_num[21]  ; cnt_scan[16] ; clk        ; clk      ; None                        ; None                      ; 8.563 ns                ;
; N/A                                     ; 70.41 MHz ( period = 14.203 ns )                    ; clk_num[21]  ; cnt_scan[10] ; clk        ; clk      ; None                        ; None                      ; 8.563 ns                ;
; N/A                                     ; 70.41 MHz ( period = 14.203 ns )                    ; clk_num[21]  ; cnt_scan[11] ; clk        ; clk      ; None                        ; None                      ; 8.563 ns                ;
; N/A                                     ; 70.58 MHz ( period = 14.168 ns )                    ; Mode.000     ; q[2][0]      ; clk        ; clk      ; None                        ; None                      ; 13.459 ns               ;
; N/A                                     ; 70.58 MHz ( period = 14.168 ns )                    ; Mode.000     ; q[6][2]      ; clk        ; clk      ; None                        ; None                      ; 13.459 ns               ;
; N/A                                     ; 70.58 MHz ( period = 14.168 ns )                    ; Mode.000     ; q[2][2]      ; clk        ; clk      ; None                        ; None                      ; 13.459 ns               ;
; N/A                                     ; 70.58 MHz ( period = 14.168 ns )                    ; Mode.000     ; q[7][2]      ; clk        ; clk      ; None                        ; None                      ; 13.459 ns               ;
; N/A                                     ; 70.83 MHz ( period = 14.118 ns )                    ; clk_num[25]  ; cnt_scan[25] ; clk        ; clk      ; None                        ; None                      ; 8.478 ns                ;
; N/A                                     ; 70.83 MHz ( period = 14.118 ns )                    ; clk_num[25]  ; cnt_scan[23] ; clk        ; clk      ; None                        ; None                      ; 8.478 ns                ;
; N/A                                     ; 70.83 MHz ( period = 14.118 ns )                    ; clk_num[25]  ; cnt_scan[22] ; clk        ; clk      ; None                        ; None                      ; 8.478 ns                ;
; N/A                                     ; 70.83 MHz ( period = 14.118 ns )                    ; clk_num[25]  ; cnt_scan[21] ; clk        ; clk      ; None                        ; None                      ; 8.478 ns                ;
; N/A                                     ; 70.83 MHz ( period = 14.118 ns )                    ; clk_num[25]  ; cnt_scan[20] ; clk        ; clk      ; None                        ; None                      ; 8.478 ns                ;
; N/A                                     ; 70.83 MHz ( period = 14.118 ns )                    ; clk_num[25]  ; cnt_scan[19] ; clk        ; clk      ; None                        ; None                      ; 8.478 ns                ;
; N/A                                     ; 70.83 MHz ( period = 14.118 ns )                    ; clk_num[25]  ; cnt_scan[18] ; clk        ; clk      ; None                        ; None                      ; 8.478 ns                ;
; N/A                                     ; 70.83 MHz ( period = 14.118 ns )                    ; clk_num[25]  ; cnt_scan[24] ; clk        ; clk      ; None                        ; None                      ; 8.478 ns                ;
; N/A                                     ; 70.86 MHz ( period = 14.112 ns )                    ; clk_num[25]  ; cnt_scan[13] ; clk        ; clk      ; None                        ; None                      ; 8.472 ns                ;
; N/A                                     ; 70.86 MHz ( period = 14.112 ns )                    ; clk_num[25]  ; cnt_scan[15] ; clk        ; clk      ; None                        ; None                      ; 8.472 ns                ;
; N/A                                     ; 70.86 MHz ( period = 14.112 ns )                    ; clk_num[25]  ; cnt_scan[12] ; clk        ; clk      ; None                        ; None                      ; 8.472 ns                ;
; N/A                                     ; 70.86 MHz ( period = 14.112 ns )                    ; clk_num[25]  ; cnt_scan[14] ; clk        ; clk      ; None                        ; None                      ; 8.472 ns                ;
; N/A                                     ; 70.86 MHz ( period = 14.112 ns )                    ; clk_num[25]  ; cnt_scan[8]  ; clk        ; clk      ; None                        ; None                      ; 8.472 ns                ;
; N/A                                     ; 70.86 MHz ( period = 14.112 ns )                    ; clk_num[25]  ; cnt_scan[17] ; clk        ; clk      ; None                        ; None                      ; 8.472 ns                ;
; N/A                                     ; 70.86 MHz ( period = 14.112 ns )                    ; clk_num[25]  ; cnt_scan[9]  ; clk        ; clk      ; None                        ; None                      ; 8.472 ns                ;
; N/A                                     ; 70.86 MHz ( period = 14.112 ns )                    ; clk_num[25]  ; cnt_scan[16] ; clk        ; clk      ; None                        ; None                      ; 8.472 ns                ;
; N/A                                     ; 70.86 MHz ( period = 14.112 ns )                    ; clk_num[25]  ; cnt_scan[10] ; clk        ; clk      ; None                        ; None                      ; 8.472 ns                ;
; N/A                                     ; 70.86 MHz ( period = 14.112 ns )                    ; clk_num[25]  ; cnt_scan[11] ; clk        ; clk      ; None                        ; None                      ; 8.472 ns                ;
; N/A                                     ; 70.96 MHz ( period = 14.092 ns )                    ; clk_num[21]  ; cnt_scan[7]  ; clk        ; clk      ; None                        ; None                      ; 8.452 ns                ;
; N/A                                     ; 70.96 MHz ( period = 14.092 ns )                    ; clk_num[21]  ; cnt_scan[2]  ; clk        ; clk      ; None                        ; None                      ; 8.452 ns                ;
; N/A                                     ; 70.96 MHz ( period = 14.092 ns )                    ; clk_num[21]  ; cnt_scan[6]  ; clk        ; clk      ; None                        ; None                      ; 8.452 ns                ;
; N/A                                     ; 70.96 MHz ( period = 14.092 ns )                    ; clk_num[21]  ; cnt_scan[5]  ; clk        ; clk      ; None                        ; None                      ; 8.452 ns                ;
; N/A                                     ; 70.96 MHz ( period = 14.092 ns )                    ; clk_num[21]  ; cnt_scan[4]  ; clk        ; clk      ; None                        ; None                      ; 8.452 ns                ;
; N/A                                     ; 70.96 MHz ( period = 14.092 ns )                    ; clk_num[21]  ; cnt_scan[3]  ; clk        ; clk      ; None                        ; None                      ; 8.452 ns                ;
; N/A                                     ; 70.96 MHz ( period = 14.092 ns )                    ; clk_num[21]  ; cnt_scan[0]  ; clk        ; clk      ; None                        ; None                      ; 8.452 ns                ;
; N/A                                     ; 70.96 MHz ( period = 14.092 ns )                    ; clk_num[21]  ; cnt_scan[1]  ; clk        ; clk      ; None                        ; None                      ; 8.452 ns                ;
; N/A                                     ; 71.16 MHz ( period = 14.053 ns )                    ; mode.0000    ; mode.0101    ; clk        ; clk      ; None                        ; None                      ; 13.344 ns               ;
; N/A                                     ; 71.16 MHz ( period = 14.053 ns )                    ; mode.0000    ; mode.0111    ; clk        ; clk      ; None                        ; None                      ; 13.344 ns               ;
; N/A                                     ; 71.16 MHz ( period = 14.053 ns )                    ; mode.0000    ; mode.0110    ; clk        ; clk      ; None                        ; None                      ; 13.344 ns               ;
; N/A                                     ; 71.16 MHz ( period = 14.053 ns )                    ; mode.0000    ; mode.1000    ; clk        ; clk      ; None                        ; None                      ; 13.344 ns               ;
; N/A                                     ; 71.21 MHz ( period = 14.042 ns )                    ; clk_num[18]  ; cnt_scan[25] ; clk        ; clk      ; None                        ; None                      ; 8.402 ns                ;
; N/A                                     ; 71.21 MHz ( period = 14.042 ns )                    ; clk_num[18]  ; cnt_scan[23] ; clk        ; clk      ; None                        ; None                      ; 8.402 ns                ;
; N/A                                     ; 71.21 MHz ( period = 14.042 ns )                    ; clk_num[18]  ; cnt_scan[22] ; clk        ; clk      ; None                        ; None                      ; 8.402 ns                ;
; N/A                                     ; 71.21 MHz ( period = 14.042 ns )                    ; clk_num[18]  ; cnt_scan[21] ; clk        ; clk      ; None                        ; None                      ; 8.402 ns                ;
; N/A                                     ; 71.21 MHz ( period = 14.042 ns )                    ; clk_num[18]  ; cnt_scan[20] ; clk        ; clk      ; None                        ; None                      ; 8.402 ns                ;
; N/A                                     ; 71.21 MHz ( period = 14.042 ns )                    ; clk_num[18]  ; cnt_scan[19] ; clk        ; clk      ; None                        ; None                      ; 8.402 ns                ;
; N/A                                     ; 71.21 MHz ( period = 14.042 ns )                    ; clk_num[18]  ; cnt_scan[18] ; clk        ; clk      ; None                        ; None                      ; 8.402 ns                ;
; N/A                                     ; 71.21 MHz ( period = 14.042 ns )                    ; clk_num[18]  ; cnt_scan[24] ; clk        ; clk      ; None                        ; None                      ; 8.402 ns                ;
; N/A                                     ; 71.25 MHz ( period = 14.036 ns )                    ; clk_num[18]  ; cnt_scan[14] ; clk        ; clk      ; None                        ; None                      ; 8.396 ns                ;
; N/A                                     ; 71.25 MHz ( period = 14.036 ns )                    ; clk_num[18]  ; cnt_scan[8]  ; clk        ; clk      ; None                        ; None                      ; 8.396 ns                ;
; N/A                                     ; 71.25 MHz ( period = 14.036 ns )                    ; clk_num[18]  ; cnt_scan[17] ; clk        ; clk      ; None                        ; None                      ; 8.396 ns                ;
; N/A                                     ; 71.25 MHz ( period = 14.036 ns )                    ; clk_num[18]  ; cnt_scan[9]  ; clk        ; clk      ; None                        ; None                      ; 8.396 ns                ;
; N/A                                     ; 71.25 MHz ( period = 14.036 ns )                    ; clk_num[18]  ; cnt_scan[16] ; clk        ; clk      ; None                        ; None                      ; 8.396 ns                ;
; N/A                                     ; 71.25 MHz ( period = 14.036 ns )                    ; clk_num[18]  ; cnt_scan[10] ; clk        ; clk      ; None                        ; None                      ; 8.396 ns                ;
; Timing analysis restricted to 200 rows. ; To change the limit use Settings (Assignments menu) ;              ;              ;            ;          ;                             ;                           ;                         ;
+-----------------------------------------+-----------------------------------------------------+--------------+--------------+------------+----------+-----------------------------+---------------------------+-------------------------+


+-------------------------------------------------------------+
; tsu                                                         ;
+-------+--------------+------------+-------+------+----------+
; Slack ; Required tsu ; Actual tsu ; From  ; To   ; To Clock ;
+-------+--------------+------------+-------+------+----------+
; N/A   ; None         ; 1.962 ns   ; reset ; clk1 ; clk      ;
+-------+--------------+------------+-------+------+----------+


+----------------------------------------------------------------------------+
; tco                                                                        ;
+-------+--------------+------------+--------------+------------+------------+
; Slack ; Required tco ; Actual tco ; From         ; To         ; From Clock ;
+-------+--------------+------------+--------------+------------+------------+
; N/A   ; None         ; 19.027 ns  ; q[5][2]      ; segout[2]  ; clk        ;
; N/A   ; None         ; 18.982 ns  ; q[0][4]      ; segout[4]  ; clk        ;
; N/A   ; None         ; 18.877 ns  ; q[7][3]      ; segout[3]  ; clk        ;
; N/A   ; None         ; 18.642 ns  ; q[4][6]      ; segout[6]  ; clk        ;
; N/A   ; None         ; 18.504 ns  ; q[2][0]      ; segout[0]  ; clk        ;
; N/A   ; None         ; 18.439 ns  ; q[2][2]      ; segout[2]  ; clk        ;
; N/A   ; None         ; 18.431 ns  ; q[4][4]      ; segout[4]  ; clk        ;
; N/A   ; None         ; 18.392 ns  ; q[1][4]      ; segout[4]  ; clk        ;
; N/A   ; None         ; 18.174 ns  ; q[1][7]      ; segout[1]  ; clk        ;
; N/A   ; None         ; 18.149 ns  ; q[2][6]      ; segout[6]  ; clk        ;
; N/A   ; None         ; 18.133 ns  ; q[7][2]      ; segout[2]  ; clk        ;
; N/A   ; None         ; 18.125 ns  ; q[4][2]      ; segout[2]  ; clk        ;
; N/A   ; None         ; 18.091 ns  ; q[6][0]      ; segout[0]  ; clk        ;
; N/A   ; None         ; 18.082 ns  ; q[6][2]      ; segout[2]  ; clk        ;
; N/A   ; None         ; 18.046 ns  ; q[0][6]      ; segout[6]  ; clk        ;
; N/A   ; None         ; 18.022 ns  ; q[6][6]      ; segout[6]  ; clk        ;
; N/A   ; None         ; 18.003 ns  ; q[7][1]      ; segout[1]  ; clk        ;
; N/A   ; None         ; 17.938 ns  ; q[4][7]      ; segout[7]  ; clk        ;
; N/A   ; None         ; 17.936 ns  ; q[1][7]      ; segout[7]  ; clk        ;
; N/A   ; None         ; 17.930 ns  ; q[3][3]      ; segout[3]  ; clk        ;
; N/A   ; None         ; 17.892 ns  ; q[1][7]      ; segout[0]  ; clk        ;
; N/A   ; None         ; 17.882 ns  ; q[6][1]      ; segout[1]  ; clk        ;
; N/A   ; None         ; 17.877 ns  ; q[4][5]      ; segout[5]  ; clk        ;
; N/A   ; None         ; 17.789 ns  ; q[1][3]      ; segout[3]  ; clk        ;
; N/A   ; None         ; 17.776 ns  ; q[6][4]      ; segout[4]  ; clk        ;
; N/A   ; None         ; 17.723 ns  ; q[1][2]      ; segout[2]  ; clk        ;
; N/A   ; None         ; 17.718 ns  ; q[3][2]      ; segout[2]  ; clk        ;
; N/A   ; None         ; 17.696 ns  ; q[0][2]      ; segout[2]  ; clk        ;
; N/A   ; None         ; 17.688 ns  ; q[3][4]      ; segout[4]  ; clk        ;
; N/A   ; None         ; 17.660 ns  ; q[6][7]      ; segout[7]  ; clk        ;
; N/A   ; None         ; 17.537 ns  ; q[3][0]      ; segout[0]  ; clk        ;
; N/A   ; None         ; 17.515 ns  ; q[2][4]      ; segout[4]  ; clk        ;
; N/A   ; None         ; 17.510 ns  ; q[3][5]      ; segout[5]  ; clk        ;
; N/A   ; None         ; 17.482 ns  ; q[4][1]      ; segout[1]  ; clk        ;
; N/A   ; None         ; 17.463 ns  ; q[5][1]      ; segout[1]  ; clk        ;
; N/A   ; None         ; 17.437 ns  ; q[5][6]      ; segout[6]  ; clk        ;
; N/A   ; None         ; 17.430 ns  ; q[3][7]      ; segout[7]  ; clk        ;
; N/A   ; None         ; 17.406 ns  ; q[2][3]      ; segout[3]  ; clk        ;
; N/A   ; None         ; 17.388 ns  ; q[5][3]      ; segout[3]  ; clk        ;
; N/A   ; None         ; 17.110 ns  ; q[3][1]      ; segout[1]  ; clk        ;
; N/A   ; None         ; 17.106 ns  ; q[7][6]      ; segout[6]  ; clk        ;
; N/A   ; None         ; 17.078 ns  ; q[5][4]      ; segout[4]  ; clk        ;
; N/A   ; None         ; 17.025 ns  ; q[5][7]      ; segout[7]  ; clk        ;
; N/A   ; None         ; 16.979 ns  ; cnt_scan[13] ; segout[0]  ; clk        ;
; N/A   ; None         ; 16.913 ns  ; q[7][5]      ; segout[5]  ; clk        ;
; N/A   ; None         ; 16.886 ns  ; q[7][7]      ; segout[0]  ; clk        ;
; N/A   ; None         ; 16.884 ns  ; q[5][5]      ; segout[5]  ; clk        ;
; N/A   ; None         ; 16.825 ns  ; q[6][5]      ; segout[5]  ; clk        ;
; N/A   ; None         ; 16.815 ns  ; q[6][3]      ; segout[3]  ; clk        ;
; N/A   ; None         ; 16.738 ns  ; q[3][6]      ; segout[6]  ; clk        ;
; N/A   ; None         ; 16.606 ns  ; q[5][0]      ; segout[0]  ; clk        ;
; N/A   ; None         ; 16.570 ns  ; q[0][2]      ; segout[1]  ; clk        ;
; N/A   ; None         ; 16.568 ns  ; q[2][7]      ; segout[7]  ; clk        ;
; N/A   ; None         ; 16.555 ns  ; cnt_scan[13] ; segout[2]  ; clk        ;
; N/A   ; None         ; 16.531 ns  ; q[1][5]      ; segout[5]  ; clk        ;
; N/A   ; None         ; 16.387 ns  ; q[7][4]      ; segout[4]  ; clk        ;
; N/A   ; None         ; 16.291 ns  ; cnt_scan[15] ; segout[2]  ; clk        ;
; N/A   ; None         ; 16.187 ns  ; cnt_scan[15] ; segout[0]  ; clk        ;
; N/A   ; None         ; 16.173 ns  ; q[4][3]      ; segout[3]  ; clk        ;
; N/A   ; None         ; 16.111 ns  ; q[7][7]      ; segout[7]  ; clk        ;
; N/A   ; None         ; 15.843 ns  ; q[0][4]      ; segout[3]  ; clk        ;
; N/A   ; None         ; 15.812 ns  ; q[4][0]      ; segout[0]  ; clk        ;
; N/A   ; None         ; 15.790 ns  ; q[2][5]      ; segout[5]  ; clk        ;
; N/A   ; None         ; 15.762 ns  ; q[0][5]      ; segout[5]  ; clk        ;
; N/A   ; None         ; 15.704 ns  ; cnt_scan[13] ; segout[7]  ; clk        ;
; N/A   ; None         ; 15.569 ns  ; cnt_scan[14] ; segout[0]  ; clk        ;
; N/A   ; None         ; 15.245 ns  ; cnt_scan[14] ; segout[3]  ; clk        ;
; N/A   ; None         ; 15.088 ns  ; cnt_scan[14] ; segout[7]  ; clk        ;
; N/A   ; None         ; 15.067 ns  ; cnt_scan[14] ; segout[5]  ; clk        ;
; N/A   ; None         ; 15.037 ns  ; cnt_scan[15] ; segout[3]  ; clk        ;
; N/A   ; None         ; 14.912 ns  ; cnt_scan[15] ; segout[7]  ; clk        ;
; N/A   ; None         ; 14.854 ns  ; cnt_scan[14] ; segout[6]  ; clk        ;
; N/A   ; None         ; 14.740 ns  ; cnt_scan[15] ; segout[5]  ; clk        ;
; N/A   ; None         ; 14.565 ns  ; cnt_scan[15] ; segout[4]  ; clk        ;
; N/A   ; None         ; 14.532 ns  ; cnt_scan[13] ; segout[6]  ; clk        ;
; N/A   ; None         ; 14.505 ns  ; cnt_scan[15] ; segout[1]  ; clk        ;
; N/A   ; None         ; 14.502 ns  ; cnt_scan[14] ; segout[4]  ; clk        ;
; N/A   ; None         ; 14.034 ns  ; cnt_scan[13] ; segout[1]  ; clk        ;
; N/A   ; None         ; 13.129 ns  ; cnt_scan[13] ; segout[5]  ; clk        ;
; N/A   ; None         ; 12.950 ns  ; cnt_scan[13] ; segout[3]  ; clk        ;
; N/A   ; None         ; 12.751 ns  ; cnt_scan[14] ; segout[2]  ; clk        ;
; N/A   ; None         ; 12.637 ns  ; cnt_scan[15] ; segout[6]  ; clk        ;
; N/A   ; None         ; 12.552 ns  ; cnt_scan[14] ; segout[1]  ; clk        ;
; N/A   ; None         ; 12.511 ns  ; cnt_scan[13] ; segout[4]  ; clk        ;
; N/A   ; None         ; 10.581 ns  ; cnt_scan[13] ; scanout[0] ; clk        ;
; N/A   ; None         ; 10.574 ns  ; cnt_scan[14] ; scanout[1] ; clk        ;
; N/A   ; None         ; 10.479 ns  ; cnt_scan[15] ; scanout[2] ; clk        ;
+-------+--------------+------------+--------------+------------+------------+


+-------------------------------------------------------------------+
; th                                                                ;
+---------------+-------------+-----------+-------+------+----------+
; Minimum Slack ; Required th ; Actual th ; From  ; To   ; To Clock ;
+---------------+-------------+-----------+-------+------+----------+
; N/A           ; None        ; -1.408 ns ; reset ; clk1 ; clk      ;
+---------------+-------------+-----------+-------+------+----------+


+--------------------------+
; Timing Analyzer Messages ;
+--------------------------+
Info: *******************************************************************
Info: Running Quartus II Classic Timing Analyzer
    Info: Version 8.1 Build 163 10/28/2008 SJ Web Edition
    Info: Processing started: Thu Nov 11 11:06:30 2021
Info: Command: quartus_tan --read_settings_files=off --write_settings_files=off matrix8x8Rotate -c matrix8x8Rotate
Info: Started post-fitting delay annotation
Info: Delay annotation completed successfully
Warning: Found pins functioning as undefined clocks and/or memory enables
    Info: Assuming node "clk" is an undefined clock
Warning: Found 1 node(s) in clock paths which may be acting as ripple and/or gated clocks -- node(s) analyzed as buffer(s) resulting in clock skew
    Info: Detected ripple clock "clk1" as buffer
Info: Clock "clk" has Internal fmax of 68.3 MHz between source register "clk_num[8]" and destination register "cnt_scan[25]" (period= 14.641 ns)
    Info: + Longest register to register delay is 9.001 ns
        Info: 1: + IC(0.000 ns) + CELL(0.000 ns) = 0.000 ns; Loc. = LC_X6_Y4_N2; Fanout = 1; REG Node = 'clk_num[8]'
        Info: 2: + IC(0.911 ns) + CELL(0.740 ns) = 1.651 ns; Loc. = LC_X6_Y4_N0; Fanout = 1; COMB Node = 'Equal0~357'
        Info: 3: + IC(1.956 ns) + CELL(0.511 ns) = 4.118 ns; Loc. = LC_X8_Y5_N6; Fanout = 1; COMB Node = 'Equal0~360'
        Info: 4: + IC(0.754 ns) + CELL(0.511 ns) = 5.383 ns; Loc. = LC_X8_Y5_N5; Fanout = 27; COMB Node = 'Equal0~371'
        Info: 5: + IC(1.858 ns) + CELL(1.760 ns) = 9.001 ns; Loc. = LC_X11_Y4_N7; Fanout = 2; REG Node = 'cnt_scan[25]'
        Info: Total cell delay = 3.522 ns ( 39.13 % )
        Info: Total interconnect delay = 5.479 ns ( 60.87 % )
    Info: - Smallest clock skew is -4.931 ns
        Info: + Shortest clock path from clock "clk" to destination register is 3.681 ns
            Info: 1: + IC(0.000 ns) + CELL(1.163 ns) = 1.163 ns; Loc. = PIN_18; Fanout = 27; CLK Node = 'clk'
            Info: 2: + IC(1.600 ns) + CELL(0.918 ns) = 3.681 ns; Loc. = LC_X11_Y4_N7; Fanout = 2; REG Node = 'cnt_scan[25]'
            Info: Total cell delay = 2.081 ns ( 56.53 % )
            Info: Total interconnect delay = 1.600 ns ( 43.47 % )
        Info: - Longest clock path from clock "clk" to source register is 8.612 ns
            Info: 1: + IC(0.000 ns) + CELL(1.163 ns) = 1.163 ns; Loc. = PIN_18; Fanout = 27; CLK Node = 'clk'
            Info: 2: + IC(1.600 ns) + CELL(1.294 ns) = 4.057 ns; Loc. = LC_X9_Y4_N0; Fanout = 87; REG Node = 'clk1'
            Info: 3: + IC(3.637 ns) + CELL(0.918 ns) = 8.612 ns; Loc. = LC_X6_Y4_N2; Fanout = 1; REG Node = 'clk_num[8]'
            Info: Total cell delay = 3.375 ns ( 39.19 % )
            Info: Total interconnect delay = 5.237 ns ( 60.81 % )
    Info: + Micro clock to output delay of source is 0.376 ns
    Info: + Micro setup delay of destination is 0.333 ns
Info: tsu for register "clk1" (data pin = "reset", clock pin = "clk") is 1.962 ns
    Info: + Longest pin to register delay is 5.310 ns
        Info: 1: + IC(0.000 ns) + CELL(1.163 ns) = 1.163 ns; Loc. = PIN_89; Fanout = 113; PIN Node = 'reset'
        Info: 2: + IC(2.964 ns) + CELL(1.183 ns) = 5.310 ns; Loc. = LC_X9_Y4_N0; Fanout = 87; REG Node = 'clk1'
        Info: Total cell delay = 2.346 ns ( 44.18 % )
        Info: Total interconnect delay = 2.964 ns ( 55.82 % )
    Info: + Micro setup delay of destination is 0.333 ns
    Info: - Shortest clock path from clock "clk" to destination register is 3.681 ns
        Info: 1: + IC(0.000 ns) + CELL(1.163 ns) = 1.163 ns; Loc. = PIN_18; Fanout = 27; CLK Node = 'clk'
        Info: 2: + IC(1.600 ns) + CELL(0.918 ns) = 3.681 ns; Loc. = LC_X9_Y4_N0; Fanout = 87; REG Node = 'clk1'
        Info: Total cell delay = 2.081 ns ( 56.53 % )
        Info: Total interconnect delay = 1.600 ns ( 43.47 % )
Info: tco from clock "clk" to destination pin "segout[2]" through register "q[5][2]" is 19.027 ns
    Info: + Longest clock path from clock "clk" to source register is 8.612 ns
        Info: 1: + IC(0.000 ns) + CELL(1.163 ns) = 1.163 ns; Loc. = PIN_18; Fanout = 27; CLK Node = 'clk'
        Info: 2: + IC(1.600 ns) + CELL(1.294 ns) = 4.057 ns; Loc. = LC_X9_Y4_N0; Fanout = 87; REG Node = 'clk1'
        Info: 3: + IC(3.637 ns) + CELL(0.918 ns) = 8.612 ns; Loc. = LC_X9_Y6_N4; Fanout = 1; REG Node = 'q[5][2]'
        Info: Total cell delay = 3.375 ns ( 39.19 % )
        Info: Total interconnect delay = 5.237 ns ( 60.81 % )
    Info: + Micro clock to output delay of source is 0.376 ns
    Info: + Longest register to pin delay is 10.039 ns
        Info: 1: + IC(0.000 ns) + CELL(0.000 ns) = 0.000 ns; Loc. = LC_X9_Y6_N4; Fanout = 1; REG Node = 'q[5][2]'
        Info: 2: + IC(3.242 ns) + CELL(0.511 ns) = 3.753 ns; Loc. = LC_X3_Y4_N4; Fanout = 1; COMB Node = 'Mux5~41'
        Info: 3: + IC(0.784 ns) + CELL(0.511 ns) = 5.048 ns; Loc. = LC_X3_Y4_N3; Fanout = 1; COMB Node = 'Mux5~42'
        Info: 4: + IC(2.669 ns) + CELL(2.322 ns) = 10.039 ns; Loc. = PIN_4; Fanout = 0; PIN Node = 'segout[2]'
        Info: Total cell delay = 3.344 ns ( 33.31 % )
        Info: Total interconnect delay = 6.695 ns ( 66.69 % )
Info: th for register "clk1" (data pin = "reset", clock pin = "clk") is -1.408 ns
    Info: + Longest clock path from clock "clk" to destination register is 3.681 ns
        Info: 1: + IC(0.000 ns) + CELL(1.163 ns) = 1.163 ns; Loc. = PIN_18; Fanout = 27; CLK Node = 'clk'
        Info: 2: + IC(1.600 ns) + CELL(0.918 ns) = 3.681 ns; Loc. = LC_X9_Y4_N0; Fanout = 87; REG Node = 'clk1'
        Info: Total cell delay = 2.081 ns ( 56.53 % )
        Info: Total interconnect delay = 1.600 ns ( 43.47 % )
    Info: + Micro hold delay of destination is 0.221 ns
    Info: - Shortest pin to register delay is 5.310 ns
        Info: 1: + IC(0.000 ns) + CELL(1.163 ns) = 1.163 ns; Loc. = PIN_89; Fanout = 113; PIN Node = 'reset'
        Info: 2: + IC(2.964 ns) + CELL(1.183 ns) = 5.310 ns; Loc. = LC_X9_Y4_N0; Fanout = 87; REG Node = 'clk1'
        Info: Total cell delay = 2.346 ns ( 44.18 % )
        Info: Total interconnect delay = 2.964 ns ( 55.82 % )
Info: Quartus II Classic Timing Analyzer was successful. 0 errors, 2 warnings
    Info: Peak virtual memory: 210 megabytes
    Info: Processing ended: Thu Nov 11 11:06:31 2021
    Info: Elapsed time: 00:00:01
    Info: Total CPU time (on all processors): 00:00:01


