Classic Timing Analyzer report for matrix8x8Rotate
Thu Nov 11 10:54:07 2021
Quartus II Version 8.1 Build 163 10/28/2008 SJ Web Edition


---------------------
; Table of Contents ;
---------------------
  1. Legal Notice
  2. Timing Analyzer Summary
  3. Timing Analyzer Settings
  4. Clock Settings Summary
  5. Clock Setup: 'clk'
  6. tsu
  7. tco
  8. th
  9. Timing Analyzer Messages



----------------
; Legal Notice ;
----------------
Copyright (C) 1991-2008 Altera Corporation
Your use of Altera Corporation's design tools, logic functions 
and other software and tools, and its AMPP partner logic 
functions, and any output files from any of the foregoing 
(including device programming or simulation files), and any 
associated documentation or information are expressly subject 
to the terms and conditions of the Altera Program License 
Subscription Agreement, Altera MegaCore Function License 
Agreement, or other applicable license agreement, including, 
without limitation, that your use is for the sole purpose of 
programming logic devices manufactured by Altera and sold by 
Altera or its authorized distributors.  Please refer to the 
applicable agreement for further details.



+-------------------------------------------------------------------------------------------------------------------------------------------------------------+
; Timing Analyzer Summary                                                                                                                                     ;
+------------------------------+-------+---------------+----------------------------------+--------------+-------------+------------+----------+--------------+
; Type                         ; Slack ; Required Time ; Actual Time                      ; From         ; To          ; From Clock ; To Clock ; Failed Paths ;
+------------------------------+-------+---------------+----------------------------------+--------------+-------------+------------+----------+--------------+
; Worst-case tsu               ; N/A   ; None          ; 1.882 ns                         ; reset        ; clk1        ; --         ; clk      ; 0            ;
; Worst-case tco               ; N/A   ; None          ; 20.973 ns                        ; q[1][9]      ; segout[1]   ; clk        ; --       ; 0            ;
; Worst-case th                ; N/A   ; None          ; -1.328 ns                        ; reset        ; clk1        ; --         ; clk      ; 0            ;
; Clock Setup: 'clk'           ; N/A   ; None          ; 98.94 MHz ( period = 10.107 ns ) ; cnt_scan[22] ; cnt_scan[0] ; clk        ; clk      ; 0            ;
; Total number of failed paths ;       ;               ;                                  ;              ;             ;            ;          ; 0            ;
+------------------------------+-------+---------------+----------------------------------+--------------+-------------+------------+----------+--------------+


+--------------------------------------------------------------------------------------------------------------------+
; Timing Analyzer Settings                                                                                           ;
+---------------------------------------------------------------------+--------------------+------+----+-------------+
; Option                                                              ; Setting            ; From ; To ; Entity Name ;
+---------------------------------------------------------------------+--------------------+------+----+-------------+
; Device Name                                                         ; EPM570T144C5       ;      ;    ;             ;
; Timing Models                                                       ; Final              ;      ;    ;             ;
; Default hold multicycle                                             ; Same as Multicycle ;      ;    ;             ;
; Cut paths between unrelated clock domains                           ; On                 ;      ;    ;             ;
; Cut off read during write signal paths                              ; On                 ;      ;    ;             ;
; Cut off feedback from I/O pins                                      ; On                 ;      ;    ;             ;
; Report Combined Fast/Slow Timing                                    ; Off                ;      ;    ;             ;
; Ignore Clock Settings                                               ; Off                ;      ;    ;             ;
; Analyze latches as synchronous elements                             ; On                 ;      ;    ;             ;
; Enable Recovery/Removal analysis                                    ; Off                ;      ;    ;             ;
; Enable Clock Latency                                                ; Off                ;      ;    ;             ;
; Use TimeQuest Timing Analyzer                                       ; Off                ;      ;    ;             ;
; Minimum Core Junction Temperature                                   ; 0                  ;      ;    ;             ;
; Maximum Core Junction Temperature                                   ; 85                 ;      ;    ;             ;
; Number of source nodes to report per destination node               ; 10                 ;      ;    ;             ;
; Number of destination nodes to report                               ; 10                 ;      ;    ;             ;
; Number of paths to report                                           ; 200                ;      ;    ;             ;
; Report Minimum Timing Checks                                        ; Off                ;      ;    ;             ;
; Use Fast Timing Models                                              ; Off                ;      ;    ;             ;
; Report IO Paths Separately                                          ; Off                ;      ;    ;             ;
; Perform Multicorner Analysis                                        ; Off                ;      ;    ;             ;
; Reports the worst-case path for each clock domain and analysis      ; Off                ;      ;    ;             ;
; Removes common clock path pessimism (CCPP) during slack computation ; Off                ;      ;    ;             ;
; Output I/O Timing Endpoint                                          ; Near End           ;      ;    ;             ;
+---------------------------------------------------------------------+--------------------+------+----+-------------+


+------------------------------------------------------------------------------------------------------------------------------------------------------------------------------------+
; Clock Settings Summary                                                                                                                                                             ;
+-----------------+--------------------+----------+------------------+---------------+--------------+----------+-----------------------+---------------------+--------+--------------+
; Clock Node Name ; Clock Setting Name ; Type     ; Fmax Requirement ; Early Latency ; Late Latency ; Based on ; Multiply Base Fmax by ; Divide Base Fmax by ; Offset ; Phase offset ;
+-----------------+--------------------+----------+------------------+---------------+--------------+----------+-----------------------+---------------------+--------+--------------+
; clk             ;                    ; User Pin ; None             ; 0.000 ns      ; 0.000 ns     ; --       ; N/A                   ; N/A                 ; N/A    ;              ;
+-----------------+--------------------+----------+------------------+---------------+--------------+----------+-----------------------+---------------------+--------+--------------+


+-----------------------------------------------------------------------------------------------------------------------------------------------------------------------------------------------------------------------------------------+
; Clock Setup: 'clk'                                                                                                                                                                                                                      ;
+-----------------------------------------+-----------------------------------------------------+--------------+--------------+------------+----------+-----------------------------+---------------------------+-------------------------+
; Slack                                   ; Actual fmax (period)                                ; From         ; To           ; From Clock ; To Clock ; Required Setup Relationship ; Required Longest P2P Time ; Actual Longest P2P Time ;
+-----------------------------------------+-----------------------------------------------------+--------------+--------------+------------+----------+-----------------------------+---------------------------+-------------------------+
; N/A                                     ; 98.94 MHz ( period = 10.107 ns )                    ; cnt_scan[22] ; cnt_scan[0]  ; clk        ; clk      ; None                        ; None                      ; 9.398 ns                ;
; N/A                                     ; 99.53 MHz ( period = 10.047 ns )                    ; cnt_scan[21] ; cnt_scan[0]  ; clk        ; clk      ; None                        ; None                      ; 9.338 ns                ;
; N/A                                     ; 100.82 MHz ( period = 9.919 ns )                    ; cnt_scan[22] ; cnt_scan[15] ; clk        ; clk      ; None                        ; None                      ; 9.210 ns                ;
; N/A                                     ; 101.05 MHz ( period = 9.896 ns )                    ; cnt_scan[22] ; cnt_scan[13] ; clk        ; clk      ; None                        ; None                      ; 9.187 ns                ;
; N/A                                     ; 101.17 MHz ( period = 9.884 ns )                    ; cnt_scan[22] ; cnt_scan[12] ; clk        ; clk      ; None                        ; None                      ; 9.175 ns                ;
; N/A                                     ; 101.20 MHz ( period = 9.881 ns )                    ; cnt_scan[22] ; cnt_scan[11] ; clk        ; clk      ; None                        ; None                      ; 9.172 ns                ;
; N/A                                     ; 101.30 MHz ( period = 9.872 ns )                    ; cnt_scan[22] ; cnt_scan[10] ; clk        ; clk      ; None                        ; None                      ; 9.163 ns                ;
; N/A                                     ; 101.33 MHz ( period = 9.869 ns )                    ; cnt_scan[22] ; cnt_scan[5]  ; clk        ; clk      ; None                        ; None                      ; 9.160 ns                ;
; N/A                                     ; 101.43 MHz ( period = 9.859 ns )                    ; cnt_scan[21] ; cnt_scan[15] ; clk        ; clk      ; None                        ; None                      ; 9.150 ns                ;
; N/A                                     ; 101.67 MHz ( period = 9.836 ns )                    ; cnt_scan[21] ; cnt_scan[13] ; clk        ; clk      ; None                        ; None                      ; 9.127 ns                ;
; N/A                                     ; 101.79 MHz ( period = 9.824 ns )                    ; cnt_scan[21] ; cnt_scan[12] ; clk        ; clk      ; None                        ; None                      ; 9.115 ns                ;
; N/A                                     ; 101.82 MHz ( period = 9.821 ns )                    ; cnt_scan[21] ; cnt_scan[11] ; clk        ; clk      ; None                        ; None                      ; 9.112 ns                ;
; N/A                                     ; 101.92 MHz ( period = 9.812 ns )                    ; cnt_scan[21] ; cnt_scan[10] ; clk        ; clk      ; None                        ; None                      ; 9.103 ns                ;
; N/A                                     ; 101.95 MHz ( period = 9.809 ns )                    ; cnt_scan[21] ; cnt_scan[5]  ; clk        ; clk      ; None                        ; None                      ; 9.100 ns                ;
; N/A                                     ; 105.24 MHz ( period = 9.502 ns )                    ; cnt_scan[23] ; cnt_scan[0]  ; clk        ; clk      ; None                        ; None                      ; 8.793 ns                ;
; N/A                                     ; 107.12 MHz ( period = 9.335 ns )                    ; cnt_scan[15] ; cnt_scan[0]  ; clk        ; clk      ; None                        ; None                      ; 8.626 ns                ;
; N/A                                     ; 107.37 MHz ( period = 9.314 ns )                    ; cnt_scan[23] ; cnt_scan[15] ; clk        ; clk      ; None                        ; None                      ; 8.605 ns                ;
; N/A                                     ; 107.63 MHz ( period = 9.291 ns )                    ; cnt_scan[23] ; cnt_scan[13] ; clk        ; clk      ; None                        ; None                      ; 8.582 ns                ;
; N/A                                     ; 107.77 MHz ( period = 9.279 ns )                    ; cnt_scan[23] ; cnt_scan[12] ; clk        ; clk      ; None                        ; None                      ; 8.570 ns                ;
; N/A                                     ; 107.81 MHz ( period = 9.276 ns )                    ; cnt_scan[23] ; cnt_scan[11] ; clk        ; clk      ; None                        ; None                      ; 8.567 ns                ;
; N/A                                     ; 107.91 MHz ( period = 9.267 ns )                    ; cnt_scan[23] ; cnt_scan[10] ; clk        ; clk      ; None                        ; None                      ; 8.558 ns                ;
; N/A                                     ; 107.94 MHz ( period = 9.264 ns )                    ; cnt_scan[23] ; cnt_scan[5]  ; clk        ; clk      ; None                        ; None                      ; 8.555 ns                ;
; N/A                                     ; 108.26 MHz ( period = 9.237 ns )                    ; cnt_scan[13] ; cnt_scan[19] ; clk        ; clk      ; None                        ; None                      ; 8.528 ns                ;
; N/A                                     ; 108.67 MHz ( period = 9.202 ns )                    ; cnt_scan[10] ; cnt_scan[0]  ; clk        ; clk      ; None                        ; None                      ; 8.493 ns                ;
; N/A                                     ; 109.33 MHz ( period = 9.147 ns )                    ; cnt_scan[15] ; cnt_scan[15] ; clk        ; clk      ; None                        ; None                      ; 8.438 ns                ;
; N/A                                     ; 109.60 MHz ( period = 9.124 ns )                    ; cnt_scan[15] ; cnt_scan[13] ; clk        ; clk      ; None                        ; None                      ; 8.415 ns                ;
; N/A                                     ; 109.75 MHz ( period = 9.112 ns )                    ; cnt_scan[15] ; cnt_scan[12] ; clk        ; clk      ; None                        ; None                      ; 8.403 ns                ;
; N/A                                     ; 109.77 MHz ( period = 9.110 ns )                    ; cnt_scan[7]  ; cnt_scan[19] ; clk        ; clk      ; None                        ; None                      ; 8.401 ns                ;
; N/A                                     ; 109.78 MHz ( period = 9.109 ns )                    ; cnt_scan[15] ; cnt_scan[11] ; clk        ; clk      ; None                        ; None                      ; 8.400 ns                ;
; N/A                                     ; 109.89 MHz ( period = 9.100 ns )                    ; cnt_scan[15] ; cnt_scan[10] ; clk        ; clk      ; None                        ; None                      ; 8.391 ns                ;
; N/A                                     ; 109.93 MHz ( period = 9.097 ns )                    ; cnt_scan[15] ; cnt_scan[5]  ; clk        ; clk      ; None                        ; None                      ; 8.388 ns                ;
; N/A                                     ; 110.11 MHz ( period = 9.082 ns )                    ; cnt_scan[13] ; cnt_scan[22] ; clk        ; clk      ; None                        ; None                      ; 8.373 ns                ;
; N/A                                     ; 110.63 MHz ( period = 9.039 ns )                    ; cnt_scan[13] ; cnt_scan[20] ; clk        ; clk      ; None                        ; None                      ; 8.330 ns                ;
; N/A                                     ; 110.94 MHz ( period = 9.014 ns )                    ; cnt_scan[10] ; cnt_scan[15] ; clk        ; clk      ; None                        ; None                      ; 8.305 ns                ;
; N/A                                     ; 111.22 MHz ( period = 8.991 ns )                    ; cnt_scan[10] ; cnt_scan[13] ; clk        ; clk      ; None                        ; None                      ; 8.282 ns                ;
; N/A                                     ; 111.27 MHz ( period = 8.987 ns )                    ; cnt_scan[14] ; cnt_scan[0]  ; clk        ; clk      ; None                        ; None                      ; 8.278 ns                ;
; N/A                                     ; 111.37 MHz ( period = 8.979 ns )                    ; cnt_scan[10] ; cnt_scan[12] ; clk        ; clk      ; None                        ; None                      ; 8.270 ns                ;
; N/A                                     ; 111.41 MHz ( period = 8.976 ns )                    ; cnt_scan[10] ; cnt_scan[11] ; clk        ; clk      ; None                        ; None                      ; 8.267 ns                ;
; N/A                                     ; 111.52 MHz ( period = 8.967 ns )                    ; cnt_scan[10] ; cnt_scan[10] ; clk        ; clk      ; None                        ; None                      ; 8.258 ns                ;
; N/A                                     ; 111.56 MHz ( period = 8.964 ns )                    ; cnt_scan[10] ; cnt_scan[5]  ; clk        ; clk      ; None                        ; None                      ; 8.255 ns                ;
; N/A                                     ; 111.64 MHz ( period = 8.957 ns )                    ; cnt_scan[14] ; cnt_scan[19] ; clk        ; clk      ; None                        ; None                      ; 8.248 ns                ;
; N/A                                     ; 111.67 MHz ( period = 8.955 ns )                    ; cnt_scan[7]  ; cnt_scan[22] ; clk        ; clk      ; None                        ; None                      ; 8.246 ns                ;
; N/A                                     ; 112.12 MHz ( period = 8.919 ns )                    ; cnt_scan[13] ; cnt_scan[21] ; clk        ; clk      ; None                        ; None                      ; 8.210 ns                ;
; N/A                                     ; 112.21 MHz ( period = 8.912 ns )                    ; cnt_scan[7]  ; cnt_scan[20] ; clk        ; clk      ; None                        ; None                      ; 8.203 ns                ;
; N/A                                     ; 112.31 MHz ( period = 8.904 ns )                    ; cnt_scan[13] ; cnt_scan[18] ; clk        ; clk      ; None                        ; None                      ; 8.195 ns                ;
; N/A                                     ; 112.40 MHz ( period = 8.897 ns )                    ; cnt_scan[3]  ; cnt_scan[19] ; clk        ; clk      ; None                        ; None                      ; 8.188 ns                ;
; N/A                                     ; 113.07 MHz ( period = 8.844 ns )                    ; cnt_scan[22] ; cnt_scan[21] ; clk        ; clk      ; None                        ; None                      ; 8.135 ns                ;
; N/A                                     ; 113.10 MHz ( period = 8.842 ns )                    ; cnt_scan[22] ; cnt_scan[20] ; clk        ; clk      ; None                        ; None                      ; 8.133 ns                ;
; N/A                                     ; 113.17 MHz ( period = 8.836 ns )                    ; cnt_scan[22] ; cnt_scan[17] ; clk        ; clk      ; None                        ; None                      ; 8.127 ns                ;
; N/A                                     ; 113.21 MHz ( period = 8.833 ns )                    ; cnt_scan[22] ; cnt_scan[18] ; clk        ; clk      ; None                        ; None                      ; 8.124 ns                ;
; N/A                                     ; 113.24 MHz ( period = 8.831 ns )                    ; cnt_scan[7]  ; cnt_scan[14] ; clk        ; clk      ; None                        ; None                      ; 8.122 ns                ;
; N/A                                     ; 113.30 MHz ( period = 8.826 ns )                    ; cnt_scan[22] ; cnt_scan[23] ; clk        ; clk      ; None                        ; None                      ; 8.117 ns                ;
; N/A                                     ; 113.51 MHz ( period = 8.810 ns )                    ; cnt_scan[13] ; cnt_scan[0]  ; clk        ; clk      ; None                        ; None                      ; 8.101 ns                ;
; N/A                                     ; 113.58 MHz ( period = 8.804 ns )                    ; cnt_scan[15] ; cnt_scan[19] ; clk        ; clk      ; None                        ; None                      ; 8.095 ns                ;
; N/A                                     ; 113.61 MHz ( period = 8.802 ns )                    ; cnt_scan[14] ; cnt_scan[22] ; clk        ; clk      ; None                        ; None                      ; 8.093 ns                ;
; N/A                                     ; 113.65 MHz ( period = 8.799 ns )                    ; cnt_scan[14] ; cnt_scan[15] ; clk        ; clk      ; None                        ; None                      ; 8.090 ns                ;
; N/A                                     ; 113.74 MHz ( period = 8.792 ns )                    ; cnt_scan[7]  ; cnt_scan[21] ; clk        ; clk      ; None                        ; None                      ; 8.083 ns                ;
; N/A                                     ; 113.84 MHz ( period = 8.784 ns )                    ; cnt_scan[21] ; cnt_scan[21] ; clk        ; clk      ; None                        ; None                      ; 8.075 ns                ;
; N/A                                     ; 113.87 MHz ( period = 8.782 ns )                    ; cnt_scan[21] ; cnt_scan[20] ; clk        ; clk      ; None                        ; None                      ; 8.073 ns                ;
; N/A                                     ; 113.92 MHz ( period = 8.778 ns )                    ; cnt_scan[4]  ; cnt_scan[19] ; clk        ; clk      ; None                        ; None                      ; 8.069 ns                ;
; N/A                                     ; 113.93 MHz ( period = 8.777 ns )                    ; cnt_scan[7]  ; cnt_scan[18] ; clk        ; clk      ; None                        ; None                      ; 8.068 ns                ;
; N/A                                     ; 113.95 MHz ( period = 8.776 ns )                    ; cnt_scan[14] ; cnt_scan[13] ; clk        ; clk      ; None                        ; None                      ; 8.067 ns                ;
; N/A                                     ; 113.95 MHz ( period = 8.776 ns )                    ; cnt_scan[21] ; cnt_scan[17] ; clk        ; clk      ; None                        ; None                      ; 8.067 ns                ;
; N/A                                     ; 113.99 MHz ( period = 8.773 ns )                    ; cnt_scan[21] ; cnt_scan[18] ; clk        ; clk      ; None                        ; None                      ; 8.064 ns                ;
; N/A                                     ; 114.01 MHz ( period = 8.771 ns )                    ; cnt_scan[7]  ; cnt_scan[17] ; clk        ; clk      ; None                        ; None                      ; 8.062 ns                ;
; N/A                                     ; 114.04 MHz ( period = 8.769 ns )                    ; cnt_scan[7]  ; cnt_scan[23] ; clk        ; clk      ; None                        ; None                      ; 8.060 ns                ;
; N/A                                     ; 114.08 MHz ( period = 8.766 ns )                    ; cnt_scan[21] ; cnt_scan[23] ; clk        ; clk      ; None                        ; None                      ; 8.057 ns                ;
; N/A                                     ; 114.10 MHz ( period = 8.764 ns )                    ; cnt_scan[14] ; cnt_scan[12] ; clk        ; clk      ; None                        ; None                      ; 8.055 ns                ;
; N/A                                     ; 114.14 MHz ( period = 8.761 ns )                    ; cnt_scan[14] ; cnt_scan[11] ; clk        ; clk      ; None                        ; None                      ; 8.052 ns                ;
; N/A                                     ; 114.17 MHz ( period = 8.759 ns )                    ; cnt_scan[14] ; cnt_scan[20] ; clk        ; clk      ; None                        ; None                      ; 8.050 ns                ;
; N/A                                     ; 114.26 MHz ( period = 8.752 ns )                    ; cnt_scan[14] ; cnt_scan[10] ; clk        ; clk      ; None                        ; None                      ; 8.043 ns                ;
; N/A                                     ; 114.30 MHz ( period = 8.749 ns )                    ; cnt_scan[14] ; cnt_scan[5]  ; clk        ; clk      ; None                        ; None                      ; 8.040 ns                ;
; N/A                                     ; 114.39 MHz ( period = 8.742 ns )                    ; cnt_scan[3]  ; cnt_scan[22] ; clk        ; clk      ; None                        ; None                      ; 8.033 ns                ;
; N/A                                     ; 114.42 MHz ( period = 8.740 ns )                    ; cnt_scan[6]  ; cnt_scan[19] ; clk        ; clk      ; None                        ; None                      ; 8.031 ns                ;
; N/A                                     ; 114.96 MHz ( period = 8.699 ns )                    ; cnt_scan[3]  ; cnt_scan[20] ; clk        ; clk      ; None                        ; None                      ; 7.990 ns                ;
; N/A                                     ; 115.01 MHz ( period = 8.695 ns )                    ; cnt_scan[7]  ; cnt_scan[15] ; clk        ; clk      ; None                        ; None                      ; 7.986 ns                ;
; N/A                                     ; 115.29 MHz ( period = 8.674 ns )                    ; cnt_scan[2]  ; cnt_scan[19] ; clk        ; clk      ; None                        ; None                      ; 7.965 ns                ;
; N/A                                     ; 115.37 MHz ( period = 8.668 ns )                    ; cnt_scan[5]  ; cnt_scan[19] ; clk        ; clk      ; None                        ; None                      ; 7.959 ns                ;
; N/A                                     ; 115.45 MHz ( period = 8.662 ns )                    ; cnt_scan[13] ; cnt_scan[23] ; clk        ; clk      ; None                        ; None                      ; 7.953 ns                ;
; N/A                                     ; 115.54 MHz ( period = 8.655 ns )                    ; cnt_scan[8]  ; cnt_scan[19] ; clk        ; clk      ; None                        ; None                      ; 7.946 ns                ;
; N/A                                     ; 115.62 MHz ( period = 8.649 ns )                    ; cnt_scan[15] ; cnt_scan[22] ; clk        ; clk      ; None                        ; None                      ; 7.940 ns                ;
; N/A                                     ; 115.75 MHz ( period = 8.639 ns )                    ; cnt_scan[14] ; cnt_scan[21] ; clk        ; clk      ; None                        ; None                      ; 7.930 ns                ;
; N/A                                     ; 115.82 MHz ( period = 8.634 ns )                    ; cnt_scan[22] ; clk1         ; clk        ; clk      ; None                        ; None                      ; 7.925 ns                ;
; N/A                                     ; 115.92 MHz ( period = 8.627 ns )                    ; cnt_scan[7]  ; clk1         ; clk        ; clk      ; None                        ; None                      ; 7.918 ns                ;
; N/A                                     ; 115.96 MHz ( period = 8.624 ns )                    ; cnt_scan[14] ; cnt_scan[18] ; clk        ; clk      ; None                        ; None                      ; 7.915 ns                ;
; N/A                                     ; 115.97 MHz ( period = 8.623 ns )                    ; cnt_scan[4]  ; cnt_scan[22] ; clk        ; clk      ; None                        ; None                      ; 7.914 ns                ;
; N/A                                     ; 115.98 MHz ( period = 8.622 ns )                    ; cnt_scan[13] ; cnt_scan[15] ; clk        ; clk      ; None                        ; None                      ; 7.913 ns                ;
; N/A                                     ; 116.01 MHz ( period = 8.620 ns )                    ; cnt_scan[22] ; cnt_scan[19] ; clk        ; clk      ; None                        ; None                      ; 7.911 ns                ;
; N/A                                     ; 116.04 MHz ( period = 8.618 ns )                    ; cnt_scan[3]  ; cnt_scan[14] ; clk        ; clk      ; None                        ; None                      ; 7.909 ns                ;
; N/A                                     ; 116.17 MHz ( period = 8.608 ns )                    ; cnt_scan[7]  ; cnt_scan[13] ; clk        ; clk      ; None                        ; None                      ; 7.899 ns                ;
; N/A                                     ; 116.20 MHz ( period = 8.606 ns )                    ; cnt_scan[15] ; cnt_scan[20] ; clk        ; clk      ; None                        ; None                      ; 7.897 ns                ;
; N/A                                     ; 116.29 MHz ( period = 8.599 ns )                    ; cnt_scan[13] ; cnt_scan[13] ; clk        ; clk      ; None                        ; None                      ; 7.890 ns                ;
; N/A                                     ; 116.37 MHz ( period = 8.593 ns )                    ; cnt_scan[3]  ; cnt_scan[17] ; clk        ; clk      ; None                        ; None                      ; 7.884 ns                ;
; N/A                                     ; 116.40 MHz ( period = 8.591 ns )                    ; cnt_scan[3]  ; cnt_scan[23] ; clk        ; clk      ; None                        ; None                      ; 7.882 ns                ;
; N/A                                     ; 116.46 MHz ( period = 8.587 ns )                    ; cnt_scan[13] ; cnt_scan[12] ; clk        ; clk      ; None                        ; None                      ; 7.878 ns                ;
; N/A                                     ; 116.48 MHz ( period = 8.585 ns )                    ; cnt_scan[6]  ; cnt_scan[22] ; clk        ; clk      ; None                        ; None                      ; 7.876 ns                ;
; N/A                                     ; 116.50 MHz ( period = 8.584 ns )                    ; cnt_scan[13] ; cnt_scan[11] ; clk        ; clk      ; None                        ; None                      ; 7.875 ns                ;
; N/A                                     ; 116.55 MHz ( period = 8.580 ns )                    ; cnt_scan[4]  ; cnt_scan[20] ; clk        ; clk      ; None                        ; None                      ; 7.871 ns                ;
; N/A                                     ; 116.56 MHz ( period = 8.579 ns )                    ; cnt_scan[3]  ; cnt_scan[21] ; clk        ; clk      ; None                        ; None                      ; 7.870 ns                ;
; N/A                                     ; 116.62 MHz ( period = 8.575 ns )                    ; cnt_scan[13] ; cnt_scan[10] ; clk        ; clk      ; None                        ; None                      ; 7.866 ns                ;
; N/A                                     ; 116.63 MHz ( period = 8.574 ns )                    ; cnt_scan[21] ; clk1         ; clk        ; clk      ; None                        ; None                      ; 7.865 ns                ;
; N/A                                     ; 116.66 MHz ( period = 8.572 ns )                    ; cnt_scan[13] ; cnt_scan[5]  ; clk        ; clk      ; None                        ; None                      ; 7.863 ns                ;
; N/A                                     ; 116.77 MHz ( period = 8.564 ns )                    ; cnt_scan[3]  ; cnt_scan[18] ; clk        ; clk      ; None                        ; None                      ; 7.855 ns                ;
; N/A                                     ; 116.82 MHz ( period = 8.560 ns )                    ; cnt_scan[21] ; cnt_scan[19] ; clk        ; clk      ; None                        ; None                      ; 7.851 ns                ;
; N/A                                     ; 117.07 MHz ( period = 8.542 ns )                    ; cnt_scan[6]  ; cnt_scan[20] ; clk        ; clk      ; None                        ; None                      ; 7.833 ns                ;
; N/A                                     ; 117.16 MHz ( period = 8.535 ns )                    ; cnt_scan[7]  ; cnt_scan[12] ; clk        ; clk      ; None                        ; None                      ; 7.826 ns                ;
; N/A                                     ; 117.21 MHz ( period = 8.532 ns )                    ; cnt_scan[7]  ; cnt_scan[11] ; clk        ; clk      ; None                        ; None                      ; 7.823 ns                ;
; N/A                                     ; 117.32 MHz ( period = 8.524 ns )                    ; cnt_scan[7]  ; cnt_scan[10] ; clk        ; clk      ; None                        ; None                      ; 7.815 ns                ;
; N/A                                     ; 117.33 MHz ( period = 8.523 ns )                    ; cnt_scan[9]  ; cnt_scan[19] ; clk        ; clk      ; None                        ; None                      ; 7.814 ns                ;
; N/A                                     ; 117.38 MHz ( period = 8.519 ns )                    ; cnt_scan[2]  ; cnt_scan[22] ; clk        ; clk      ; None                        ; None                      ; 7.810 ns                ;
; N/A                                     ; 117.47 MHz ( period = 8.513 ns )                    ; cnt_scan[5]  ; cnt_scan[22] ; clk        ; clk      ; None                        ; None                      ; 7.804 ns                ;
; N/A                                     ; 117.65 MHz ( period = 8.500 ns )                    ; cnt_scan[12] ; cnt_scan[0]  ; clk        ; clk      ; None                        ; None                      ; 7.791 ns                ;
; N/A                                     ; 117.65 MHz ( period = 8.500 ns )                    ; cnt_scan[8]  ; cnt_scan[22] ; clk        ; clk      ; None                        ; None                      ; 7.791 ns                ;
; N/A                                     ; 117.66 MHz ( period = 8.499 ns )                    ; cnt_scan[4]  ; cnt_scan[14] ; clk        ; clk      ; None                        ; None                      ; 7.790 ns                ;
; N/A                                     ; 117.73 MHz ( period = 8.494 ns )                    ; cnt_scan[3]  ; cnt_scan[15] ; clk        ; clk      ; None                        ; None                      ; 7.785 ns                ;
; N/A                                     ; 117.84 MHz ( period = 8.486 ns )                    ; cnt_scan[15] ; cnt_scan[21] ; clk        ; clk      ; None                        ; None                      ; 7.777 ns                ;
; N/A                                     ; 117.98 MHz ( period = 8.476 ns )                    ; cnt_scan[2]  ; cnt_scan[20] ; clk        ; clk      ; None                        ; None                      ; 7.767 ns                ;
; N/A                                     ; 118.04 MHz ( period = 8.472 ns )                    ; cnt_scan[11] ; cnt_scan[19] ; clk        ; clk      ; None                        ; None                      ; 7.763 ns                ;
; N/A                                     ; 118.05 MHz ( period = 8.471 ns )                    ; cnt_scan[15] ; cnt_scan[18] ; clk        ; clk      ; None                        ; None                      ; 7.762 ns                ;
; N/A                                     ; 118.06 MHz ( period = 8.470 ns )                    ; cnt_scan[5]  ; cnt_scan[20] ; clk        ; clk      ; None                        ; None                      ; 7.761 ns                ;
; N/A                                     ; 118.19 MHz ( period = 8.461 ns )                    ; cnt_scan[6]  ; cnt_scan[14] ; clk        ; clk      ; None                        ; None                      ; 7.752 ns                ;
; N/A                                     ; 118.20 MHz ( period = 8.460 ns )                    ; cnt_scan[4]  ; cnt_scan[21] ; clk        ; clk      ; None                        ; None                      ; 7.751 ns                ;
; N/A                                     ; 118.25 MHz ( period = 8.457 ns )                    ; cnt_scan[8]  ; cnt_scan[20] ; clk        ; clk      ; None                        ; None                      ; 7.748 ns                ;
; N/A                                     ; 118.36 MHz ( period = 8.449 ns )                    ; cnt_scan[3]  ; clk1         ; clk        ; clk      ; None                        ; None                      ; 7.740 ns                ;
; N/A                                     ; 118.41 MHz ( period = 8.445 ns )                    ; cnt_scan[4]  ; cnt_scan[18] ; clk        ; clk      ; None                        ; None                      ; 7.736 ns                ;
; N/A                                     ; 118.61 MHz ( period = 8.431 ns )                    ; cnt_scan[5]  ; cnt_scan[17] ; clk        ; clk      ; None                        ; None                      ; 7.722 ns                ;
; N/A                                     ; 118.64 MHz ( period = 8.429 ns )                    ; cnt_scan[5]  ; cnt_scan[23] ; clk        ; clk      ; None                        ; None                      ; 7.720 ns                ;
; N/A                                     ; 118.74 MHz ( period = 8.422 ns )                    ; cnt_scan[6]  ; cnt_scan[21] ; clk        ; clk      ; None                        ; None                      ; 7.713 ns                ;
; N/A                                     ; 118.86 MHz ( period = 8.413 ns )                    ; cnt_scan[13] ; cnt_scan[17] ; clk        ; clk      ; None                        ; None                      ; 7.704 ns                ;
; N/A                                     ; 118.95 MHz ( period = 8.407 ns )                    ; cnt_scan[6]  ; cnt_scan[18] ; clk        ; clk      ; None                        ; None                      ; 7.698 ns                ;
; N/A                                     ; 119.12 MHz ( period = 8.395 ns )                    ; cnt_scan[2]  ; cnt_scan[14] ; clk        ; clk      ; None                        ; None                      ; 7.686 ns                ;
; N/A                                     ; 119.12 MHz ( period = 8.395 ns )                    ; cnt_scan[3]  ; cnt_scan[13] ; clk        ; clk      ; None                        ; None                      ; 7.686 ns                ;
; N/A                                     ; 119.20 MHz ( period = 8.389 ns )                    ; cnt_scan[5]  ; cnt_scan[14] ; clk        ; clk      ; None                        ; None                      ; 7.680 ns                ;
; N/A                                     ; 119.30 MHz ( period = 8.382 ns )                    ; cnt_scan[14] ; cnt_scan[23] ; clk        ; clk      ; None                        ; None                      ; 7.673 ns                ;
; N/A                                     ; 119.35 MHz ( period = 8.379 ns )                    ; cnt_scan[13] ; cnt_scan[14] ; clk        ; clk      ; None                        ; None                      ; 7.670 ns                ;
; N/A                                     ; 119.39 MHz ( period = 8.376 ns )                    ; cnt_scan[8]  ; cnt_scan[14] ; clk        ; clk      ; None                        ; None                      ; 7.667 ns                ;
; N/A                                     ; 119.50 MHz ( period = 8.368 ns )                    ; cnt_scan[9]  ; cnt_scan[22] ; clk        ; clk      ; None                        ; None                      ; 7.659 ns                ;
; N/A                                     ; 119.57 MHz ( period = 8.363 ns )                    ; cnt_scan[4]  ; cnt_scan[15] ; clk        ; clk      ; None                        ; None                      ; 7.654 ns                ;
; N/A                                     ; 119.66 MHz ( period = 8.357 ns )                    ; cnt_scan[3]  ; cnt_scan[12] ; clk        ; clk      ; None                        ; None                      ; 7.648 ns                ;
; N/A                                     ; 119.67 MHz ( period = 8.356 ns )                    ; cnt_scan[2]  ; cnt_scan[21] ; clk        ; clk      ; None                        ; None                      ; 7.647 ns                ;
; N/A                                     ; 119.70 MHz ( period = 8.354 ns )                    ; cnt_scan[3]  ; cnt_scan[11] ; clk        ; clk      ; None                        ; None                      ; 7.645 ns                ;
; N/A                                     ; 119.76 MHz ( period = 8.350 ns )                    ; cnt_scan[5]  ; cnt_scan[21] ; clk        ; clk      ; None                        ; None                      ; 7.641 ns                ;
; N/A                                     ; 119.82 MHz ( period = 8.346 ns )                    ; cnt_scan[3]  ; cnt_scan[10] ; clk        ; clk      ; None                        ; None                      ; 7.637 ns                ;
; N/A                                     ; 119.85 MHz ( period = 8.344 ns )                    ; cnt_scan[7]  ; cnt_scan[16] ; clk        ; clk      ; None                        ; None                      ; 7.635 ns                ;
; N/A                                     ; 119.89 MHz ( period = 8.341 ns )                    ; cnt_scan[2]  ; cnt_scan[18] ; clk        ; clk      ; None                        ; None                      ; 7.632 ns                ;
; N/A                                     ; 119.95 MHz ( period = 8.337 ns )                    ; cnt_scan[8]  ; cnt_scan[21] ; clk        ; clk      ; None                        ; None                      ; 7.628 ns                ;
; N/A                                     ; 119.98 MHz ( period = 8.335 ns )                    ; cnt_scan[5]  ; cnt_scan[18] ; clk        ; clk      ; None                        ; None                      ; 7.626 ns                ;
; N/A                                     ; 120.02 MHz ( period = 8.332 ns )                    ; cnt_scan[5]  ; cnt_scan[15] ; clk        ; clk      ; None                        ; None                      ; 7.623 ns                ;
; N/A                                     ; 120.12 MHz ( period = 8.325 ns )                    ; cnt_scan[6]  ; cnt_scan[15] ; clk        ; clk      ; None                        ; None                      ; 7.616 ns                ;
; N/A                                     ; 120.12 MHz ( period = 8.325 ns )                    ; cnt_scan[9]  ; cnt_scan[20] ; clk        ; clk      ; None                        ; None                      ; 7.616 ns                ;
; N/A                                     ; 120.16 MHz ( period = 8.322 ns )                    ; cnt_scan[8]  ; cnt_scan[18] ; clk        ; clk      ; None                        ; None                      ; 7.613 ns                ;
; N/A                                     ; 120.24 MHz ( period = 8.317 ns )                    ; cnt_scan[11] ; cnt_scan[22] ; clk        ; clk      ; None                        ; None                      ; 7.608 ns                ;
; N/A                                     ; 120.31 MHz ( period = 8.312 ns )                    ; cnt_scan[12] ; cnt_scan[15] ; clk        ; clk      ; None                        ; None                      ; 7.603 ns                ;
; N/A                                     ; 120.39 MHz ( period = 8.306 ns )                    ; cnt_scan[12] ; cnt_scan[19] ; clk        ; clk      ; None                        ; None                      ; 7.597 ns                ;
; N/A                                     ; 120.39 MHz ( period = 8.306 ns )                    ; cnt_scan[7]  ; cnt_scan[9]  ; clk        ; clk      ; None                        ; None                      ; 7.597 ns                ;
; N/A                                     ; 120.64 MHz ( period = 8.289 ns )                    ; cnt_scan[12] ; cnt_scan[13] ; clk        ; clk      ; None                        ; None                      ; 7.580 ns                ;
; N/A                                     ; 120.67 MHz ( period = 8.287 ns )                    ; cnt_scan[5]  ; clk1         ; clk        ; clk      ; None                        ; None                      ; 7.578 ns                ;
; N/A                                     ; 120.82 MHz ( period = 8.277 ns )                    ; cnt_scan[12] ; cnt_scan[12] ; clk        ; clk      ; None                        ; None                      ; 7.568 ns                ;
; N/A                                     ; 120.83 MHz ( period = 8.276 ns )                    ; cnt_scan[4]  ; cnt_scan[13] ; clk        ; clk      ; None                        ; None                      ; 7.567 ns                ;
; N/A                                     ; 120.86 MHz ( period = 8.274 ns )                    ; cnt_scan[11] ; cnt_scan[20] ; clk        ; clk      ; None                        ; None                      ; 7.565 ns                ;
; N/A                                     ; 120.86 MHz ( period = 8.274 ns )                    ; cnt_scan[12] ; cnt_scan[11] ; clk        ; clk      ; None                        ; None                      ; 7.565 ns                ;
; N/A                                     ; 120.93 MHz ( period = 8.269 ns )                    ; cnt_scan[10] ; cnt_scan[19] ; clk        ; clk      ; None                        ; None                      ; 7.560 ns                ;
; N/A                                     ; 120.99 MHz ( period = 8.265 ns )                    ; cnt_scan[12] ; cnt_scan[10] ; clk        ; clk      ; None                        ; None                      ; 7.556 ns                ;
; N/A                                     ; 121.04 MHz ( period = 8.262 ns )                    ; cnt_scan[12] ; cnt_scan[5]  ; clk        ; clk      ; None                        ; None                      ; 7.553 ns                ;
; N/A                                     ; 121.08 MHz ( period = 8.259 ns )                    ; cnt_scan[2]  ; cnt_scan[15] ; clk        ; clk      ; None                        ; None                      ; 7.550 ns                ;
; N/A                                     ; 121.30 MHz ( period = 8.244 ns )                    ; cnt_scan[9]  ; cnt_scan[14] ; clk        ; clk      ; None                        ; None                      ; 7.535 ns                ;
; N/A                                     ; 121.36 MHz ( period = 8.240 ns )                    ; cnt_scan[8]  ; cnt_scan[15] ; clk        ; clk      ; None                        ; None                      ; 7.531 ns                ;
; N/A                                     ; 121.37 MHz ( period = 8.239 ns )                    ; cnt_scan[23] ; cnt_scan[21] ; clk        ; clk      ; None                        ; None                      ; 7.530 ns                ;
; N/A                                     ; 121.39 MHz ( period = 8.238 ns )                    ; cnt_scan[6]  ; cnt_scan[13] ; clk        ; clk      ; None                        ; None                      ; 7.529 ns                ;
; N/A                                     ; 121.40 MHz ( period = 8.237 ns )                    ; cnt_scan[23] ; cnt_scan[20] ; clk        ; clk      ; None                        ; None                      ; 7.528 ns                ;
; N/A                                     ; 121.49 MHz ( period = 8.231 ns )                    ; cnt_scan[23] ; cnt_scan[17] ; clk        ; clk      ; None                        ; None                      ; 7.522 ns                ;
; N/A                                     ; 121.52 MHz ( period = 8.229 ns )                    ; cnt_scan[15] ; cnt_scan[23] ; clk        ; clk      ; None                        ; None                      ; 7.520 ns                ;
; N/A                                     ; 121.54 MHz ( period = 8.228 ns )                    ; cnt_scan[23] ; cnt_scan[18] ; clk        ; clk      ; None                        ; None                      ; 7.519 ns                ;
; N/A                                     ; 121.64 MHz ( period = 8.221 ns )                    ; cnt_scan[23] ; cnt_scan[23] ; clk        ; clk      ; None                        ; None                      ; 7.512 ns                ;
; N/A                                     ; 121.88 MHz ( period = 8.205 ns )                    ; cnt_scan[9]  ; cnt_scan[21] ; clk        ; clk      ; None                        ; None                      ; 7.496 ns                ;
; N/A                                     ; 121.91 MHz ( period = 8.203 ns )                    ; cnt_scan[4]  ; cnt_scan[23] ; clk        ; clk      ; None                        ; None                      ; 7.494 ns                ;
; N/A                                     ; 122.03 MHz ( period = 8.195 ns )                    ; cnt_scan[5]  ; cnt_scan[12] ; clk        ; clk      ; None                        ; None                      ; 7.486 ns                ;
; N/A                                     ; 122.06 MHz ( period = 8.193 ns )                    ; cnt_scan[11] ; cnt_scan[14] ; clk        ; clk      ; None                        ; None                      ; 7.484 ns                ;
; N/A                                     ; 122.07 MHz ( period = 8.192 ns )                    ; cnt_scan[5]  ; cnt_scan[11] ; clk        ; clk      ; None                        ; None                      ; 7.483 ns                ;
; N/A                                     ; 122.10 MHz ( period = 8.190 ns )                    ; cnt_scan[9]  ; cnt_scan[18] ; clk        ; clk      ; None                        ; None                      ; 7.481 ns                ;
; N/A                                     ; 122.19 MHz ( period = 8.184 ns )                    ; cnt_scan[5]  ; cnt_scan[10] ; clk        ; clk      ; None                        ; None                      ; 7.475 ns                ;
; N/A                                     ; 122.22 MHz ( period = 8.182 ns )                    ; cnt_scan[16] ; cnt_scan[19] ; clk        ; clk      ; None                        ; None                      ; 7.473 ns                ;
; N/A                                     ; 122.37 MHz ( period = 8.172 ns )                    ; cnt_scan[2]  ; cnt_scan[13] ; clk        ; clk      ; None                        ; None                      ; 7.463 ns                ;
; N/A                                     ; 122.46 MHz ( period = 8.166 ns )                    ; cnt_scan[5]  ; cnt_scan[13] ; clk        ; clk      ; None                        ; None                      ; 7.457 ns                ;
; N/A                                     ; 122.47 MHz ( period = 8.165 ns )                    ; cnt_scan[6]  ; cnt_scan[23] ; clk        ; clk      ; None                        ; None                      ; 7.456 ns                ;
; N/A                                     ; 122.49 MHz ( period = 8.164 ns )                    ; cnt_scan[11] ; cnt_scan[0]  ; clk        ; clk      ; None                        ; None                      ; 7.455 ns                ;
; N/A                                     ; 122.49 MHz ( period = 8.164 ns )                    ; cnt_scan[4]  ; cnt_scan[17] ; clk        ; clk      ; None                        ; None                      ; 7.455 ns                ;
; N/A                                     ; 122.64 MHz ( period = 8.154 ns )                    ; cnt_scan[11] ; cnt_scan[21] ; clk        ; clk      ; None                        ; None                      ; 7.445 ns                ;
; N/A                                     ; 122.65 MHz ( period = 8.153 ns )                    ; cnt_scan[8]  ; cnt_scan[13] ; clk        ; clk      ; None                        ; None                      ; 7.444 ns                ;
; N/A                                     ; 122.68 MHz ( period = 8.151 ns )                    ; cnt_scan[12] ; cnt_scan[22] ; clk        ; clk      ; None                        ; None                      ; 7.442 ns                ;
; N/A                                     ; 122.87 MHz ( period = 8.139 ns )                    ; cnt_scan[11] ; cnt_scan[18] ; clk        ; clk      ; None                        ; None                      ; 7.430 ns                ;
; N/A                                     ; 122.88 MHz ( period = 8.138 ns )                    ; cnt_scan[13] ; cnt_scan[16] ; clk        ; clk      ; None                        ; None                      ; 7.429 ns                ;
; N/A                                     ; 122.96 MHz ( period = 8.133 ns )                    ; cnt_scan[14] ; cnt_scan[17] ; clk        ; clk      ; None                        ; None                      ; 7.424 ns                ;
; N/A                                     ; 122.99 MHz ( period = 8.131 ns )                    ; cnt_scan[3]  ; cnt_scan[16] ; clk        ; clk      ; None                        ; None                      ; 7.422 ns                ;
; N/A                                     ; 123.06 MHz ( period = 8.126 ns )                    ; cnt_scan[6]  ; cnt_scan[17] ; clk        ; clk      ; None                        ; None                      ; 7.417 ns                ;
; N/A                                     ; 123.24 MHz ( period = 8.114 ns )                    ; cnt_scan[10] ; cnt_scan[22] ; clk        ; clk      ; None                        ; None                      ; 7.405 ns                ;
; N/A                                     ; 123.33 MHz ( period = 8.108 ns )                    ; cnt_scan[9]  ; cnt_scan[15] ; clk        ; clk      ; None                        ; None                      ; 7.399 ns                ;
; N/A                                     ; 123.33 MHz ( period = 8.108 ns )                    ; cnt_scan[12] ; cnt_scan[20] ; clk        ; clk      ; None                        ; None                      ; 7.399 ns                ;
; N/A                                     ; 123.33 MHz ( period = 8.108 ns )                    ; cnt_scan[17] ; cnt_scan[19] ; clk        ; clk      ; None                        ; None                      ; 7.399 ns                ;
; N/A                                     ; 123.47 MHz ( period = 8.099 ns )                    ; cnt_scan[2]  ; cnt_scan[23] ; clk        ; clk      ; None                        ; None                      ; 7.390 ns                ;
; Timing analysis restricted to 200 rows. ; To change the limit use Settings (Assignments menu) ;              ;              ;            ;          ;                             ;                           ;                         ;
+-----------------------------------------+-----------------------------------------------------+--------------+--------------+------------+----------+-----------------------------+---------------------------+-------------------------+


+-------------------------------------------------------------+
; tsu                                                         ;
+-------+--------------+------------+-------+------+----------+
; Slack ; Required tsu ; Actual tsu ; From  ; To   ; To Clock ;
+-------+--------------+------------+-------+------+----------+
; N/A   ; None         ; 1.882 ns   ; reset ; clk1 ; clk      ;
+-------+--------------+------------+-------+------+----------+


+----------------------------------------------------------------------------+
; tco                                                                        ;
+-------+--------------+------------+--------------+------------+------------+
; Slack ; Required tco ; Actual tco ; From         ; To         ; From Clock ;
+-------+--------------+------------+--------------+------------+------------+
; N/A   ; None         ; 20.973 ns  ; q[1][9]      ; segout[1]  ; clk        ;
; N/A   ; None         ; 20.488 ns  ; q[1][14]     ; segout[6]  ; clk        ;
; N/A   ; None         ; 20.283 ns  ; q[3][9]      ; segout[1]  ; clk        ;
; N/A   ; None         ; 20.263 ns  ; q[1][12]     ; segout[4]  ; clk        ;
; N/A   ; None         ; 20.055 ns  ; q[4][12]     ; segout[4]  ; clk        ;
; N/A   ; None         ; 19.786 ns  ; q[1][10]     ; segout[2]  ; clk        ;
; N/A   ; None         ; 19.733 ns  ; q[7][11]     ; segout[3]  ; clk        ;
; N/A   ; None         ; 19.649 ns  ; q[1][15]     ; segout[7]  ; clk        ;
; N/A   ; None         ; 19.581 ns  ; q[6][11]     ; segout[3]  ; clk        ;
; N/A   ; None         ; 19.562 ns  ; q[1][13]     ; segout[5]  ; clk        ;
; N/A   ; None         ; 19.514 ns  ; q[2][12]     ; segout[4]  ; clk        ;
; N/A   ; None         ; 19.442 ns  ; q[5][14]     ; segout[6]  ; clk        ;
; N/A   ; None         ; 19.420 ns  ; q[5][9]      ; segout[1]  ; clk        ;
; N/A   ; None         ; 19.365 ns  ; q[5][10]     ; segout[2]  ; clk        ;
; N/A   ; None         ; 19.273 ns  ; q[3][10]     ; segout[2]  ; clk        ;
; N/A   ; None         ; 19.263 ns  ; q[7][12]     ; segout[4]  ; clk        ;
; N/A   ; None         ; 19.252 ns  ; q[6][14]     ; segout[6]  ; clk        ;
; N/A   ; None         ; 19.227 ns  ; q[3][15]     ; segout[7]  ; clk        ;
; N/A   ; None         ; 19.225 ns  ; q[7][8]      ; segout[0]  ; clk        ;
; N/A   ; None         ; 19.171 ns  ; q[6][10]     ; segout[2]  ; clk        ;
; N/A   ; None         ; 19.138 ns  ; q[1][11]     ; segout[3]  ; clk        ;
; N/A   ; None         ; 19.110 ns  ; q[2][15]     ; segout[7]  ; clk        ;
; N/A   ; None         ; 19.107 ns  ; q[6][9]      ; segout[1]  ; clk        ;
; N/A   ; None         ; 19.002 ns  ; q[4][10]     ; segout[2]  ; clk        ;
; N/A   ; None         ; 18.936 ns  ; q[4][9]      ; segout[1]  ; clk        ;
; N/A   ; None         ; 18.862 ns  ; q[2][13]     ; segout[5]  ; clk        ;
; N/A   ; None         ; 18.851 ns  ; cnt_scan[15] ; segout[1]  ; clk        ;
; N/A   ; None         ; 18.561 ns  ; q[3][12]     ; segout[4]  ; clk        ;
; N/A   ; None         ; 18.557 ns  ; q[0][11]     ; segout[3]  ; clk        ;
; N/A   ; None         ; 18.544 ns  ; q[5][13]     ; segout[5]  ; clk        ;
; N/A   ; None         ; 18.533 ns  ; q[0][15]     ; segout[7]  ; clk        ;
; N/A   ; None         ; 18.484 ns  ; q[0][10]     ; segout[2]  ; clk        ;
; N/A   ; None         ; 18.396 ns  ; q[0][9]      ; segout[1]  ; clk        ;
; N/A   ; None         ; 18.391 ns  ; q[6][8]      ; segout[0]  ; clk        ;
; N/A   ; None         ; 18.386 ns  ; q[0][14]     ; segout[6]  ; clk        ;
; N/A   ; None         ; 18.355 ns  ; q[3][13]     ; segout[5]  ; clk        ;
; N/A   ; None         ; 18.034 ns  ; q[6][13]     ; segout[5]  ; clk        ;
; N/A   ; None         ; 18.024 ns  ; q[4][15]     ; segout[7]  ; clk        ;
; N/A   ; None         ; 17.963 ns  ; q[0][8]      ; segout[0]  ; clk        ;
; N/A   ; None         ; 17.908 ns  ; q[4][13]     ; segout[5]  ; clk        ;
; N/A   ; None         ; 17.906 ns  ; q[3][11]     ; segout[3]  ; clk        ;
; N/A   ; None         ; 17.829 ns  ; q[3][14]     ; segout[6]  ; clk        ;
; N/A   ; None         ; 17.792 ns  ; q[0][12]     ; segout[4]  ; clk        ;
; N/A   ; None         ; 17.721 ns  ; q[7][15]     ; segout[7]  ; clk        ;
; N/A   ; None         ; 17.707 ns  ; cnt_scan[14] ; segout[2]  ; clk        ;
; N/A   ; None         ; 17.662 ns  ; q[2][9]      ; segout[1]  ; clk        ;
; N/A   ; None         ; 17.605 ns  ; q[5][12]     ; segout[4]  ; clk        ;
; N/A   ; None         ; 17.540 ns  ; q[2][10]     ; segout[2]  ; clk        ;
; N/A   ; None         ; 17.519 ns  ; q[6][15]     ; segout[7]  ; clk        ;
; N/A   ; None         ; 17.477 ns  ; q[4][14]     ; segout[6]  ; clk        ;
; N/A   ; None         ; 17.442 ns  ; q[4][8]      ; segout[0]  ; clk        ;
; N/A   ; None         ; 17.401 ns  ; q[5][11]     ; segout[3]  ; clk        ;
; N/A   ; None         ; 17.389 ns  ; q[0][13]     ; segout[5]  ; clk        ;
; N/A   ; None         ; 17.324 ns  ; q[7][14]     ; segout[6]  ; clk        ;
; N/A   ; None         ; 17.305 ns  ; q[7][9]      ; segout[1]  ; clk        ;
; N/A   ; None         ; 17.287 ns  ; q[6][12]     ; segout[4]  ; clk        ;
; N/A   ; None         ; 17.205 ns  ; q[3][8]      ; segout[0]  ; clk        ;
; N/A   ; None         ; 17.183 ns  ; q[7][10]     ; segout[2]  ; clk        ;
; N/A   ; None         ; 17.131 ns  ; q[4][11]     ; segout[3]  ; clk        ;
; N/A   ; None         ; 17.114 ns  ; cnt_scan[14] ; segout[5]  ; clk        ;
; N/A   ; None         ; 17.003 ns  ; cnt_scan[14] ; segout[4]  ; clk        ;
; N/A   ; None         ; 16.972 ns  ; q[2][14]     ; segout[6]  ; clk        ;
; N/A   ; None         ; 16.937 ns  ; q[2][8]      ; segout[0]  ; clk        ;
; N/A   ; None         ; 16.890 ns  ; q[7][13]     ; segout[5]  ; clk        ;
; N/A   ; None         ; 16.677 ns  ; q[1][8]      ; segout[0]  ; clk        ;
; N/A   ; None         ; 16.626 ns  ; q[2][11]     ; segout[3]  ; clk        ;
; N/A   ; None         ; 16.471 ns  ; cnt_scan[14] ; segout[6]  ; clk        ;
; N/A   ; None         ; 16.184 ns  ; cnt_scan[14] ; segout[7]  ; clk        ;
; N/A   ; None         ; 16.172 ns  ; q[5][8]      ; segout[0]  ; clk        ;
; N/A   ; None         ; 16.155 ns  ; cnt_scan[15] ; segout[6]  ; clk        ;
; N/A   ; None         ; 16.071 ns  ; cnt_scan[15] ; segout[5]  ; clk        ;
; N/A   ; None         ; 15.989 ns  ; cnt_scan[14] ; segout[3]  ; clk        ;
; N/A   ; None         ; 15.895 ns  ; cnt_scan[15] ; segout[2]  ; clk        ;
; N/A   ; None         ; 15.848 ns  ; cnt_scan[15] ; segout[7]  ; clk        ;
; N/A   ; None         ; 15.588 ns  ; q[5][15]     ; segout[7]  ; clk        ;
; N/A   ; None         ; 15.549 ns  ; cnt_scan[14] ; segout[1]  ; clk        ;
; N/A   ; None         ; 14.711 ns  ; cnt_scan[15] ; segout[0]  ; clk        ;
; N/A   ; None         ; 14.600 ns  ; cnt_scan[13] ; segout[4]  ; clk        ;
; N/A   ; None         ; 14.481 ns  ; cnt_scan[13] ; segout[3]  ; clk        ;
; N/A   ; None         ; 14.245 ns  ; cnt_scan[13] ; segout[1]  ; clk        ;
; N/A   ; None         ; 14.122 ns  ; cnt_scan[13] ; segout[2]  ; clk        ;
; N/A   ; None         ; 14.087 ns  ; cnt_scan[15] ; segout[4]  ; clk        ;
; N/A   ; None         ; 13.897 ns  ; cnt_scan[15] ; segout[3]  ; clk        ;
; N/A   ; None         ; 13.436 ns  ; cnt_scan[13] ; segout[5]  ; clk        ;
; N/A   ; None         ; 13.114 ns  ; cnt_scan[14] ; segout[0]  ; clk        ;
; N/A   ; None         ; 12.960 ns  ; cnt_scan[13] ; segout[0]  ; clk        ;
; N/A   ; None         ; 11.690 ns  ; cnt_scan[14] ; scanout[1] ; clk        ;
; N/A   ; None         ; 11.465 ns  ; cnt_scan[13] ; segout[7]  ; clk        ;
; N/A   ; None         ; 10.569 ns  ; cnt_scan[13] ; segout[6]  ; clk        ;
; N/A   ; None         ; 10.411 ns  ; cnt_scan[15] ; scanout[2] ; clk        ;
; N/A   ; None         ; 9.609 ns   ; cnt_scan[13] ; scanout[0] ; clk        ;
+-------+--------------+------------+--------------+------------+------------+


+-------------------------------------------------------------------+
; th                                                                ;
+---------------+-------------+-----------+-------+------+----------+
; Minimum Slack ; Required th ; Actual th ; From  ; To   ; To Clock ;
+---------------+-------------+-----------+-------+------+----------+
; N/A           ; None        ; -1.328 ns ; reset ; clk1 ; clk      ;
+---------------+-------------+-----------+-------+------+----------+


+--------------------------+
; Timing Analyzer Messages ;
+--------------------------+
Info: *******************************************************************
Info: Running Quartus II Classic Timing Analyzer
    Info: Version 8.1 Build 163 10/28/2008 SJ Web Edition
    Info: Processing started: Thu Nov 11 10:54:07 2021
Info: Command: quartus_tan --read_settings_files=off --write_settings_files=off matrix8x8Rotate -c matrix8x8Rotate
Info: Started post-fitting delay annotation
Info: Delay annotation completed successfully
Warning: Found pins functioning as undefined clocks and/or memory enables
    Info: Assuming node "clk" is an undefined clock
Warning: Found 1 node(s) in clock paths which may be acting as ripple and/or gated clocks -- node(s) analyzed as buffer(s) resulting in clock skew
    Info: Detected ripple clock "clk1" as buffer
Info: Clock "clk" has Internal fmax of 98.94 MHz between source register "cnt_scan[22]" and destination register "cnt_scan[0]" (period= 10.107 ns)
    Info: + Longest register to register delay is 9.398 ns
        Info: 1: + IC(0.000 ns) + CELL(0.000 ns) = 0.000 ns; Loc. = LC_X8_Y5_N2; Fanout = 3; REG Node = 'cnt_scan[22]'
        Info: 2: + IC(1.947 ns) + CELL(0.914 ns) = 2.861 ns; Loc. = LC_X8_Y6_N9; Fanout = 1; COMB Node = 'Equal0~282'
        Info: 3: + IC(2.876 ns) + CELL(0.511 ns) = 6.248 ns; Loc. = LC_X8_Y4_N0; Fanout = 14; COMB Node = 'Equal0~285'
        Info: 4: + IC(2.559 ns) + CELL(0.591 ns) = 9.398 ns; Loc. = LC_X6_Y6_N1; Fanout = 4; REG Node = 'cnt_scan[0]'
        Info: Total cell delay = 2.016 ns ( 21.45 % )
        Info: Total interconnect delay = 7.382 ns ( 78.55 % )
    Info: - Smallest clock skew is 0.000 ns
        Info: + Shortest clock path from clock "clk" to destination register is 3.681 ns
            Info: 1: + IC(0.000 ns) + CELL(1.163 ns) = 1.163 ns; Loc. = PIN_18; Fanout = 27; CLK Node = 'clk'
            Info: 2: + IC(1.600 ns) + CELL(0.918 ns) = 3.681 ns; Loc. = LC_X6_Y6_N1; Fanout = 4; REG Node = 'cnt_scan[0]'
            Info: Total cell delay = 2.081 ns ( 56.53 % )
            Info: Total interconnect delay = 1.600 ns ( 43.47 % )
        Info: - Longest clock path from clock "clk" to source register is 3.681 ns
            Info: 1: + IC(0.000 ns) + CELL(1.163 ns) = 1.163 ns; Loc. = PIN_18; Fanout = 27; CLK Node = 'clk'
            Info: 2: + IC(1.600 ns) + CELL(0.918 ns) = 3.681 ns; Loc. = LC_X8_Y5_N2; Fanout = 3; REG Node = 'cnt_scan[22]'
            Info: Total cell delay = 2.081 ns ( 56.53 % )
            Info: Total interconnect delay = 1.600 ns ( 43.47 % )
    Info: + Micro clock to output delay of source is 0.376 ns
    Info: + Micro setup delay of destination is 0.333 ns
Info: tsu for register "clk1" (data pin = "reset", clock pin = "clk") is 1.882 ns
    Info: + Longest pin to register delay is 5.230 ns
        Info: 1: + IC(0.000 ns) + CELL(1.163 ns) = 1.163 ns; Loc. = PIN_89; Fanout = 149; PIN Node = 'reset'
        Info: 2: + IC(3.006 ns) + CELL(1.061 ns) = 5.230 ns; Loc. = LC_X8_Y4_N7; Fanout = 123; REG Node = 'clk1'
        Info: Total cell delay = 2.224 ns ( 42.52 % )
        Info: Total interconnect delay = 3.006 ns ( 57.48 % )
    Info: + Micro setup delay of destination is 0.333 ns
    Info: - Shortest clock path from clock "clk" to destination register is 3.681 ns
        Info: 1: + IC(0.000 ns) + CELL(1.163 ns) = 1.163 ns; Loc. = PIN_18; Fanout = 27; CLK Node = 'clk'
        Info: 2: + IC(1.600 ns) + CELL(0.918 ns) = 3.681 ns; Loc. = LC_X8_Y4_N7; Fanout = 123; REG Node = 'clk1'
        Info: Total cell delay = 2.081 ns ( 56.53 % )
        Info: Total interconnect delay = 1.600 ns ( 43.47 % )
Info: tco from clock "clk" to destination pin "segout[1]" through register "q[1][9]" is 20.973 ns
    Info: + Longest clock path from clock "clk" to source register is 9.268 ns
        Info: 1: + IC(0.000 ns) + CELL(1.163 ns) = 1.163 ns; Loc. = PIN_18; Fanout = 27; CLK Node = 'clk'
        Info: 2: + IC(1.600 ns) + CELL(1.294 ns) = 4.057 ns; Loc. = LC_X8_Y4_N7; Fanout = 123; REG Node = 'clk1'
        Info: 3: + IC(4.293 ns) + CELL(0.918 ns) = 9.268 ns; Loc. = LC_X10_Y5_N6; Fanout = 2; REG Node = 'q[1][9]'
        Info: Total cell delay = 3.375 ns ( 36.42 % )
        Info: Total interconnect delay = 5.893 ns ( 63.58 % )
    Info: + Micro clock to output delay of source is 0.376 ns
    Info: + Longest register to pin delay is 11.329 ns
        Info: 1: + IC(0.000 ns) + CELL(0.000 ns) = 0.000 ns; Loc. = LC_X10_Y5_N6; Fanout = 2; REG Node = 'q[1][9]'
        Info: 2: + IC(2.123 ns) + CELL(0.200 ns) = 2.323 ns; Loc. = LC_X9_Y4_N8; Fanout = 1; COMB Node = 'Mux6~53'
        Info: 3: + IC(1.740 ns) + CELL(0.200 ns) = 4.263 ns; Loc. = LC_X11_Y4_N2; Fanout = 1; COMB Node = 'Mux6~54'
        Info: 4: + IC(0.737 ns) + CELL(0.200 ns) = 5.200 ns; Loc. = LC_X11_Y4_N0; Fanout = 1; COMB Node = 'Mux6~57'
        Info: 5: + IC(3.807 ns) + CELL(2.322 ns) = 11.329 ns; Loc. = PIN_3; Fanout = 0; PIN Node = 'segout[1]'
        Info: Total cell delay = 2.922 ns ( 25.79 % )
        Info: Total interconnect delay = 8.407 ns ( 74.21 % )
Info: th for register "clk1" (data pin = "reset", clock pin = "clk") is -1.328 ns
    Info: + Longest clock path from clock "clk" to destination register is 3.681 ns
        Info: 1: + IC(0.000 ns) + CELL(1.163 ns) = 1.163 ns; Loc. = PIN_18; Fanout = 27; CLK Node = 'clk'
        Info: 2: + IC(1.600 ns) + CELL(0.918 ns) = 3.681 ns; Loc. = LC_X8_Y4_N7; Fanout = 123; REG Node = 'clk1'
        Info: Total cell delay = 2.081 ns ( 56.53 % )
        Info: Total interconnect delay = 1.600 ns ( 43.47 % )
    Info: + Micro hold delay of destination is 0.221 ns
    Info: - Shortest pin to register delay is 5.230 ns
        Info: 1: + IC(0.000 ns) + CELL(1.163 ns) = 1.163 ns; Loc. = PIN_89; Fanout = 149; PIN Node = 'reset'
        Info: 2: + IC(3.006 ns) + CELL(1.061 ns) = 5.230 ns; Loc. = LC_X8_Y4_N7; Fanout = 123; REG Node = 'clk1'
        Info: Total cell delay = 2.224 ns ( 42.52 % )
        Info: Total interconnect delay = 3.006 ns ( 57.48 % )
Info: Quartus II Classic Timing Analyzer was successful. 0 errors, 2 warnings
    Info: Peak virtual memory: 210 megabytes
    Info: Processing ended: Thu Nov 11 10:54:08 2021
    Info: Elapsed time: 00:00:01
    Info: Total CPU time (on all processors): 00:00:00


