Flow report for matrix8x8Rotate
Thu Nov 11 10:53:11 2021
Quartus II Version 8.1 Build 163 10/28/2008 SJ Web Edition


---------------------
; Table of Contents ;
---------------------
  1. Legal Notice
  2. Flow Summary
  3. Flow Settings
  4. Flow Non-Default Global Settings
  5. Flow Elapsed Time
  6. Flow OS Summary
  7. Flow Log



----------------
; Legal Notice ;
----------------
Copyright (C) 1991-2008 Altera Corporation
Your use of Altera Corporation's design tools, logic functions 
and other software and tools, and its AMPP partner logic 
functions, and any output files from any of the foregoing 
(including device programming or simulation files), and any 
associated documentation or information are expressly subject 
to the terms and conditions of the Altera Program License 
Subscription Agreement, Altera MegaCore Function License 
Agreement, or other applicable license agreement, including, 
without limitation, that your use is for the sole purpose of 
programming logic devices manufactured by Altera and sold by 
Altera or its authorized distributors.  Please refer to the 
applicable agreement for further details.



+-------------------------------------------------------------------+
; Flow Summary                                                      ;
+-------------------------+-----------------------------------------+
; Flow Status             ; Successful - Thu Nov 11 10:53:11 2021   ;
; Quartus II Version      ; 8.1 Build 163 10/28/2008 SJ Web Edition ;
; Revision Name           ; matrix8x8Rotate                         ;
; Top-level Entity Name   ; matrix8x8Rotate_Vertical                ;
; Family                  ; MAX II                                  ;
; Device                  ; EPM570T144C5                            ;
; Timing Models           ; Final                                   ;
; Met timing requirements ; Yes                                     ;
; Total logic elements    ; 87 / 570 ( 15 % )                       ;
; Total pins              ; 13 / 116 ( 11 % )                       ;
; Total virtual pins      ; 0                                       ;
; UFM blocks              ; 0 / 1 ( 0 % )                           ;
+-------------------------+-----------------------------------------+


+-----------------------------------------+
; Flow Settings                           ;
+-------------------+---------------------+
; Option            ; Setting             ;
+-------------------+---------------------+
; Start date & time ; 11/11/2021 10:53:03 ;
; Main task         ; Compilation         ;
; Revision Name     ; matrix8x8Rotate     ;
+-------------------+---------------------+


+------------------------------------------------------------------------------------------------------------------------------------------+
; Flow Non-Default Global Settings                                                                                                         ;
+---------------------------------------+-------------------------------------------------+-----------------+-------------+----------------+
; Assignment Name                       ; Value                                           ; Default Value   ; Entity Name ; Section Id     ;
+---------------------------------------+-------------------------------------------------+-----------------+-------------+----------------+
; COMPILER_SIGNATURE_ID                 ; 150461137983376.163659918208240                 ; --              ; --          ; --             ;
; MAX_CORE_JUNCTION_TEMP                ; 85                                              ; --              ; --          ; --             ;
; MIN_CORE_JUNCTION_TEMP                ; 0                                               ; --              ; --          ; --             ;
; MISC_FILE                             ; D:/shapaOuO/matrix8x8Rotate/matrix8x8Rotate.dpf ; --              ; --          ; --             ;
; POWER_EXT_SUPPLY_VOLTAGE_TO_REGULATOR ; 3.3V                                            ; --              ; --          ; --             ;
; TOP_LEVEL_ENTITY                      ; matrix8x8Rotate_Vertical                        ; matrix8x8Rotate ; --          ; --             ;
; USE_GENERATED_PHYSICAL_CONSTRAINTS    ; Off                                             ; --              ; --          ; eda_blast_fpga ;
+---------------------------------------+-------------------------------------------------+-----------------+-------------+----------------+


+-----------------------------------------------------------------------------------------------------------------------------+
; Flow Elapsed Time                                                                                                           ;
+-------------------------+--------------+-------------------------+---------------------+------------------------------------+
; Module Name             ; Elapsed Time ; Average Processors Used ; Peak Virtual Memory ; Total CPU Time (on all processors) ;
+-------------------------+--------------+-------------------------+---------------------+------------------------------------+
; Analysis & Synthesis    ; 00:00:03     ; 1.0                     ; 245 MB              ; 00:00:01                           ;
; Fitter                  ; 00:00:01     ; 1.0                     ; 254 MB              ; 00:00:00                           ;
; Assembler               ; 00:00:00     ; 1.0                     ; 223 MB              ; 00:00:00                           ;
; Classic Timing Analyzer ; 00:00:00     ; 1.0                     ; 195 MB              ; 00:00:00                           ;
; Total                   ; 00:00:04     ; --                      ; --                  ; 00:00:01                           ;
+-------------------------+--------------+-------------------------+---------------------+------------------------------------+


+------------------------------------------------------------------------------------------+
; Flow OS Summary                                                                          ;
+-------------------------+------------------+---------------+------------+----------------+
; Module Name             ; Machine Hostname ; OS Name       ; OS Version ; Processor type ;
+-------------------------+------------------+---------------+------------+----------------+
; Analysis & Synthesis    ; C614-05          ; Windows Vista ; 6.2        ; x86_64         ;
; Fitter                  ; C614-05          ; Windows Vista ; 6.2        ; x86_64         ;
; Assembler               ; C614-05          ; Windows Vista ; 6.2        ; x86_64         ;
; Classic Timing Analyzer ; C614-05          ; Windows Vista ; 6.2        ; x86_64         ;
+-------------------------+------------------+---------------+------------+----------------+


------------
; Flow Log ;
------------
quartus_map --read_settings_files=on --write_settings_files=off matrix8x8Rotate -c matrix8x8Rotate
quartus_fit --read_settings_files=off --write_settings_files=off matrix8x8Rotate -c matrix8x8Rotate
quartus_asm --read_settings_files=off --write_settings_files=off matrix8x8Rotate -c matrix8x8Rotate
quartus_tan --read_settings_files=off --write_settings_files=off matrix8x8Rotate -c matrix8x8Rotate



